Start auto log messages stack - Iteration 1.	[MsgId: MMSG-10545]
Action.c(79): Resource "http://localhost:1080/WebTours/images/signoff.gif" is in the cache already and will not be downloaded again  	[MsgId: MMSG-26655]
Action.c(79): Found resource "http://localhost:1080/WebTours/images/cancelreservation.gif" in HTML "http://localhost:1080/cgi-bin/itinerary.pl"  	[MsgId: MMSG-26659]
Action.c(79): Found resource "http://localhost:1080/WebTours/images/cancelallreservations.gif" in HTML "http://localhost:1080/cgi-bin/itinerary.pl"  	[MsgId: MMSG-26659]
Action.c(79): web_url("Itinerary Button") was successful, 28066 body bytes, 1921 header bytes, 75 chunking overhead bytes  	[MsgId: MMSG-26385]
Action.c(89): Think time - Waiting 5,00 seconds (according to limit).	[MsgId: MMSG-15946]
Action.c(89): lr_think_time: 5,00 seconds (recorded think time was 8,00 seconds).	[MsgId: MMSG-15947]
Action.c(91): Notify: Transaction "goto_itinerary" ended with a "Pass" status (Duration: 10,1497 Think Time: 10,0218).	[MsgId: MMSG-16872]
Action.c(93): Error: Cannot start transaction "delete". This Vuser already started a transaction with the same name, and has not yet processed the corresponding lr_end_transaction statement.	[MsgId: MERR-16993]
End auto log messages stack.	[MsgId: MMSG-10544]


Start auto log messages stack - Iteration 2.	[MsgId: MMSG-10545]
Action.c(79): Resource "http://localhost:1080/WebTours/images/signoff.gif" is in the cache already and will not be downloaded again  	[MsgId: MMSG-26655]
Action.c(79): Found resource "http://localhost:1080/WebTours/images/cancelreservation.gif" in HTML "http://localhost:1080/cgi-bin/itinerary.pl"  	[MsgId: MMSG-26659]
Action.c(79): Found resource "http://localhost:1080/WebTours/images/cancelallreservations.gif" in HTML "http://localhost:1080/cgi-bin/itinerary.pl"  	[MsgId: MMSG-26659]
Action.c(79): web_url("Itinerary Button") was successful, 19676 body bytes, 1921 header bytes, 59 chunking overhead bytes  	[MsgId: MMSG-26385]
Action.c(89): Think time - Waiting 5,00 seconds (according to limit).	[MsgId: MMSG-15946]
Action.c(89): lr_think_time: 5,00 seconds (recorded think time was 8,00 seconds).	[MsgId: MMSG-15947]
Action.c(91): Notify: Transaction "goto_itinerary" ended with a "Pass" status (Duration: 10,1596 Think Time: 10,0165).	[MsgId: MMSG-16872]
Action.c(93): Error: Cannot start transaction "delete". This Vuser already started a transaction with the same name, and has not yet processed the corresponding lr_end_transaction statement.	[MsgId: MERR-16993]
End auto log messages stack.	[MsgId: MMSG-10544]


Start auto log messages stack - Iteration 3.	[MsgId: MMSG-10545]
Action.c(79): Resource "http://localhost:1080/WebTours/images/signoff.gif" is in the cache already and will not be downloaded again  	[MsgId: MMSG-26655]
Action.c(79): Found resource "http://localhost:1080/WebTours/images/cancelreservation.gif" in HTML "http://localhost:1080/cgi-bin/itinerary.pl"  	[MsgId: MMSG-26659]
Action.c(79): Found resource "http://localhost:1080/WebTours/images/cancelallreservations.gif" in HTML "http://localhost:1080/cgi-bin/itinerary.pl"  	[MsgId: MMSG-26659]
Action.c(79): web_url("Itinerary Button") was successful, 12534 body bytes, 1921 header bytes, 43 chunking overhead bytes  	[MsgId: MMSG-26385]
Action.c(89): Think time - Waiting 5,00 seconds (according to limit).	[MsgId: MMSG-15946]
Action.c(89): lr_think_time: 5,00 seconds (recorded think time was 8,00 seconds).	[MsgId: MMSG-15947]
Action.c(91): Notify: Transaction "goto_itinerary" ended with a "Pass" status (Duration: 10,1493 Think Time: 10,0220).	[MsgId: MMSG-16872]
Action.c(93): Error: Cannot start transaction "delete". This Vuser already started a transaction with the same name, and has not yet processed the corresponding lr_end_transaction statement.	[MsgId: MERR-16993]
End auto log messages stack.	[MsgId: MMSG-10544]


Start auto log messages stack - Iteration 4.	[MsgId: MMSG-10545]
Action.c(79): Resource "http://localhost:1080/WebTours/images/signoff.gif" is in the cache already and will not be downloaded again  	[MsgId: MMSG-26655]
Action.c(79): Found resource "http://localhost:1080/WebTours/images/cancelreservation.gif" in HTML "http://localhost:1080/cgi-bin/itinerary.pl"  	[MsgId: MMSG-26659]
Action.c(79): Found resource "http://localhost:1080/WebTours/images/cancelallreservations.gif" in HTML "http://localhost:1080/cgi-bin/itinerary.pl"  	[MsgId: MMSG-26659]
Action.c(79): web_url("Itinerary Button") was successful, 16098 body bytes, 1921 header bytes, 51 chunking overhead bytes  	[MsgId: MMSG-26385]
Action.c(89): Think time - Waiting 5,00 seconds (according to limit).	[MsgId: MMSG-15946]
Action.c(89): lr_think_time: 5,00 seconds (recorded think time was 8,00 seconds).	[MsgId: MMSG-15947]
Action.c(91): Notify: Transaction "goto_itinerary" ended with a "Pass" status (Duration: 10,1756 Think Time: 10,0168).	[MsgId: MMSG-16872]
Action.c(93): Error: Cannot start transaction "delete". This Vuser already started a transaction with the same name, and has not yet processed the corresponding lr_end_transaction statement.	[MsgId: MERR-16993]
End auto log messages stack.	[MsgId: MMSG-10544]


Start auto log messages stack - Iteration 5.	[MsgId: MMSG-10545]
Action.c(79): Resource "http://localhost:1080/WebTours/images/signoff.gif" is in the cache already and will not be downloaded again  	[MsgId: MMSG-26655]
Action.c(79): Found resource "http://localhost:1080/WebTours/images/cancelreservation.gif" in HTML "http://localhost:1080/cgi-bin/itinerary.pl"  	[MsgId: MMSG-26659]
Action.c(79): Found resource "http://localhost:1080/WebTours/images/cancelallreservations.gif" in HTML "http://localhost:1080/cgi-bin/itinerary.pl"  	[MsgId: MMSG-26659]
Action.c(79): web_url("Itinerary Button") was successful, 10141 body bytes, 1922 header bytes, 43 chunking overhead bytes  	[MsgId: MMSG-26385]
Action.c(89): Think time - Waiting 5,00 seconds (according to limit).	[MsgId: MMSG-15946]
Action.c(89): lr_think_time: 5,00 seconds (recorded think time was 8,00 seconds).	[MsgId: MMSG-15947]
Action.c(91): Notify: Transaction "goto_itinerary" ended with a "Pass" status (Duration: 10,1345 Think Time: 10,0238).	[MsgId: MMSG-16872]
Action.c(93): Error: Cannot start transaction "delete". This Vuser already started a transaction with the same name, and has not yet processed the corresponding lr_end_transaction statement.	[MsgId: MERR-16993]
End auto log messages stack.	[MsgId: MMSG-10544]


Start auto log messages stack - Iteration 6.	[MsgId: MMSG-10545]
Action.c(79): Resource "http://localhost:1080/WebTours/images/signoff.gif" is in the cache already and will not be downloaded again  	[MsgId: MMSG-26655]
Action.c(79): Found resource "http://localhost:1080/WebTours/images/cancelreservation.gif" in HTML "http://localhost:1080/cgi-bin/itinerary.pl"  	[MsgId: MMSG-26659]
Action.c(79): Found resource "http://localhost:1080/WebTours/images/cancelallreservations.gif" in HTML "http://localhost:1080/cgi-bin/itinerary.pl"  	[MsgId: MMSG-26659]
Action.c(79): web_url("Itinerary Button") was successful, 10137 body bytes, 1921 header bytes, 43 chunking overhead bytes  	[MsgId: MMSG-26385]
Action.c(89): Think time - Waiting 5,00 seconds (according to limit).	[MsgId: MMSG-15946]
Action.c(89): lr_think_time: 5,00 seconds (recorded think time was 8,00 seconds).	[MsgId: MMSG-15947]
Action.c(91): Notify: Transaction "goto_itinerary" ended with a "Pass" status (Duration: 10,1739 Think Time: 10,0172).	[MsgId: MMSG-16872]
Action.c(93): Error: Cannot start transaction "delete". This Vuser already started a transaction with the same name, and has not yet processed the corresponding lr_end_transaction statement.	[MsgId: MERR-16993]
End auto log messages stack.	[MsgId: MMSG-10544]


Start auto log messages stack - Iteration 7.	[MsgId: MMSG-10545]
Action.c(79): Resource "http://localhost:1080/WebTours/images/signoff.gif" is in the cache already and will not be downloaded again  	[MsgId: MMSG-26655]
Action.c(79): Found resource "http://localhost:1080/WebTours/images/cancelreservation.gif" in HTML "http://localhost:1080/cgi-bin/itinerary.pl"  	[MsgId: MMSG-26659]
Action.c(79): Found resource "http://localhost:1080/WebTours/images/cancelallreservations.gif" in HTML "http://localhost:1080/cgi-bin/itinerary.pl"  	[MsgId: MMSG-26659]
Action.c(79): web_url("Itinerary Button") was successful, 10128 body bytes, 1921 header bytes, 43 chunking overhead bytes  	[MsgId: MMSG-26385]
Action.c(89): Think time - Waiting 5,00 seconds (according to limit).	[MsgId: MMSG-15946]
Action.c(89): lr_think_time: 5,00 seconds (recorded think time was 8,00 seconds).	[MsgId: MMSG-15947]
Action.c(91): Notify: Transaction "goto_itinerary" ended with a "Pass" status (Duration: 10,1177 Think Time: 10,0217).	[MsgId: MMSG-16872]
Action.c(93): Error: Cannot start transaction "delete". This Vuser already started a transaction with the same name, and has not yet processed the corresponding lr_end_transaction statement.	[MsgId: MERR-16993]
End auto log messages stack.	[MsgId: MMSG-10544]


Start auto log messages stack - Iteration 8.	[MsgId: MMSG-10545]
Action.c(79): Resource "http://localhost:1080/WebTours/images/signoff.gif" is in the cache already and will not be downloaded again  	[MsgId: MMSG-26655]
Action.c(79): Found resource "http://localhost:1080/WebTours/images/cancelreservation.gif" in HTML "http://localhost:1080/cgi-bin/itinerary.pl"  	[MsgId: MMSG-26659]
Action.c(79): Found resource "http://localhost:1080/WebTours/images/cancelallreservations.gif" in HTML "http://localhost:1080/cgi-bin/itinerary.pl"  	[MsgId: MMSG-26659]
Action.c(79): web_url("Itinerary Button") was successful, 10152 body bytes, 1921 header bytes, 43 chunking overhead bytes  	[MsgId: MMSG-26385]
Action.c(89): Think time - Waiting 5,00 seconds (according to limit).	[MsgId: MMSG-15946]
Action.c(89): lr_think_time: 5,00 seconds (recorded think time was 8,00 seconds).	[MsgId: MMSG-15947]
Action.c(91): Notify: Transaction "goto_itinerary" ended with a "Pass" status (Duration: 10,1421 Think Time: 10,0142).	[MsgId: MMSG-16872]
Action.c(93): Error: Cannot start transaction "delete". This Vuser already started a transaction with the same name, and has not yet processed the corresponding lr_end_transaction statement.	[MsgId: MERR-16993]
End auto log messages stack.	[MsgId: MMSG-10544]


Start auto log messages stack - Iteration 9.	[MsgId: MMSG-10545]
Action.c(79): Resource "http://localhost:1080/WebTours/images/signoff.gif" is in the cache already and will not be downloaded again  	[MsgId: MMSG-26655]
Action.c(79): Found resource "http://localhost:1080/WebTours/images/cancelreservation.gif" in HTML "http://localhost:1080/cgi-bin/itinerary.pl"  	[MsgId: MMSG-26659]
Action.c(79): Found resource "http://localhost:1080/WebTours/images/cancelallreservations.gif" in HTML "http://localhost:1080/cgi-bin/itinerary.pl"  	[MsgId: MMSG-26659]
Action.c(79): web_url("Itinerary Button") was successful, 10152 body bytes, 1921 header bytes, 43 chunking overhead bytes  	[MsgId: MMSG-26385]
Action.c(89): Think time - Waiting 5,00 seconds (according to limit).	[MsgId: MMSG-15946]
Action.c(89): lr_think_time: 5,00 seconds (recorded think time was 8,00 seconds).	[MsgId: MMSG-15947]
Action.c(91): Notify: Transaction "goto_itinerary" ended with a "Pass" status (Duration: 10,1267 Think Time: 10,0112).	[MsgId: MMSG-16872]
Action.c(93): Error: Cannot start transaction "delete". This Vuser already started a transaction with the same name, and has not yet processed the corresponding lr_end_transaction statement.	[MsgId: MERR-16993]
End auto log messages stack.	[MsgId: MMSG-10544]


Start auto log messages stack - Iteration 10.	[MsgId: MMSG-10545]
Action.c(79): Resource "http://localhost:1080/WebTours/images/signoff.gif" is in the cache already and will not be downloaded again  	[MsgId: MMSG-26655]
Action.c(79): Found resource "http://localhost:1080/WebTours/images/cancelreservation.gif" in HTML "http://localhost:1080/cgi-bin/itinerary.pl"  	[MsgId: MMSG-26659]
Action.c(79): Found resource "http://localhost:1080/WebTours/images/cancelallreservations.gif" in HTML "http://localhost:1080/cgi-bin/itinerary.pl"  	[MsgId: MMSG-26659]
Action.c(79): web_url("Itinerary Button") was successful, 8953 body bytes, 1919 header bytes, 36 chunking overhead bytes  	[MsgId: MMSG-26385]
Action.c(89): Think time - Waiting 5,00 seconds (according to limit).	[MsgId: MMSG-15946]
Action.c(89): lr_think_time: 5,00 seconds (recorded think time was 8,00 seconds).	[MsgId: MMSG-15947]
Action.c(91): Notify: Transaction "goto_itinerary" ended with a "Pass" status (Duration: 10,2032 Think Time: 10,0162).	[MsgId: MMSG-16872]
Action.c(93): Error: Cannot start transaction "delete". This Vuser already started a transaction with the same name, and has not yet processed the corresponding lr_end_transaction statement.	[MsgId: MERR-16993]
End auto log messages stack.	[MsgId: MMSG-10544]


Start auto log messages stack - Iteration 11.	[MsgId: MMSG-10545]
Action.c(79): Resource "http://localhost:1080/WebTours/images/signoff.gif" is in the cache already and will not be downloaded again  	[MsgId: MMSG-26655]
Action.c(79): Found resource "http://localhost:1080/WebTours/images/cancelreservation.gif" in HTML "http://localhost:1080/cgi-bin/itinerary.pl"  	[MsgId: MMSG-26659]
Action.c(79): Found resource "http://localhost:1080/WebTours/images/cancelallreservations.gif" in HTML "http://localhost:1080/cgi-bin/itinerary.pl"  	[MsgId: MMSG-26659]
Action.c(79): web_url("Itinerary Button") was successful, 30463 body bytes, 1923 header bytes, 83 chunking overhead bytes  	[MsgId: MMSG-26385]
Action.c(89): Think time - Waiting 5,00 seconds (according to limit).	[MsgId: MMSG-15946]
Action.c(89): lr_think_time: 5,00 seconds (recorded think time was 8,00 seconds).	[MsgId: MMSG-15947]
Action.c(91): Notify: Transaction "goto_itinerary" ended with a "Pass" status (Duration: 10,1479 Think Time: 10,0281).	[MsgId: MMSG-16872]
Action.c(93): Error: Cannot start transaction "delete". This Vuser already started a transaction with the same name, and has not yet processed the corresponding lr_end_transaction statement.	[MsgId: MERR-16993]
End auto log messages stack.	[MsgId: MMSG-10544]


Start auto log messages stack - Iteration 12.	[MsgId: MMSG-10545]
Action.c(79): Resource "http://localhost:1080/WebTours/images/signoff.gif" is in the cache already and will not be downloaded again  	[MsgId: MMSG-26655]
Action.c(79): Found resource "http://localhost:1080/WebTours/images/cancelreservation.gif" in HTML "http://localhost:1080/cgi-bin/itinerary.pl"  	[MsgId: MMSG-26659]
Action.c(79): Found resource "http://localhost:1080/WebTours/images/cancelallreservations.gif" in HTML "http://localhost:1080/cgi-bin/itinerary.pl"  	[MsgId: MMSG-26659]
Action.c(79): web_url("Itinerary Button") was successful, 20879 body bytes, 1920 header bytes, 59 chunking overhead bytes  	[MsgId: MMSG-26385]
Action.c(89): Think time - Waiting 5,00 seconds (according to limit).	[MsgId: MMSG-15946]
Action.c(89): lr_think_time: 5,00 seconds (recorded think time was 8,00 seconds).	[MsgId: MMSG-15947]
Action.c(91): Notify: Transaction "goto_itinerary" ended with a "Pass" status (Duration: 10,1961 Think Time: 10,0081).	[MsgId: MMSG-16872]
Action.c(93): Error: Cannot start transaction "delete". This Vuser already started a transaction with the same name, and has not yet processed the corresponding lr_end_transaction statement.	[MsgId: MERR-16993]
End auto log messages stack.	[MsgId: MMSG-10544]


Start auto log messages stack - Iteration 13.	[MsgId: MMSG-10545]
Action.c(79): Resource "http://localhost:1080/WebTours/images/signoff.gif" is in the cache already and will not be downloaded again  	[MsgId: MMSG-26655]
Action.c(79): Found resource "http://localhost:1080/WebTours/images/cancelreservation.gif" in HTML "http://localhost:1080/cgi-bin/itinerary.pl"  	[MsgId: MMSG-26659]
Action.c(79): Found resource "http://localhost:1080/WebTours/images/cancelallreservations.gif" in HTML "http://localhost:1080/cgi-bin/itinerary.pl"  	[MsgId: MMSG-26659]
Action.c(79): web_url("Itinerary Button") was successful, 13722 body bytes, 1920 header bytes, 51 chunking overhead bytes  	[MsgId: MMSG-26385]
Action.c(89): Think time - Waiting 5,00 seconds (according to limit).	[MsgId: MMSG-15946]
Action.c(89): lr_think_time: 5,00 seconds (recorded think time was 8,00 seconds).	[MsgId: MMSG-15947]
Action.c(91): Notify: Transaction "goto_itinerary" ended with a "Pass" status (Duration: 10,1081 Think Time: 10,0146).	[MsgId: MMSG-16872]
Action.c(93): Error: Cannot start transaction "delete". This Vuser already started a transaction with the same name, and has not yet processed the corresponding lr_end_transaction statement.	[MsgId: MERR-16993]
End auto log messages stack.	[MsgId: MMSG-10544]


Start auto log messages stack - Iteration 14.	[MsgId: MMSG-10545]
Action.c(79): Resource "http://localhost:1080/WebTours/images/signoff.gif" is in the cache already and will not be downloaded again  	[MsgId: MMSG-26655]
Action.c(79): Found resource "http://localhost:1080/WebTours/images/cancelreservation.gif" in HTML "http://localhost:1080/cgi-bin/itinerary.pl"  	[MsgId: MMSG-26659]
Action.c(79): Found resource "http://localhost:1080/WebTours/images/cancelallreservations.gif" in HTML "http://localhost:1080/cgi-bin/itinerary.pl"  	[MsgId: MMSG-26659]
Action.c(79): web_url("Itinerary Button") was successful, 18489 body bytes, 1919 header bytes, 59 chunking overhead bytes  	[MsgId: MMSG-26385]
Action.c(89): Think time - Waiting 5,00 seconds (according to limit).	[MsgId: MMSG-15946]
Action.c(89): lr_think_time: 5,00 seconds (recorded think time was 8,00 seconds).	[MsgId: MMSG-15947]
Action.c(91): Notify: Transaction "goto_itinerary" ended with a "Pass" status (Duration: 10,1861 Think Time: 10,0132).	[MsgId: MMSG-16872]
Action.c(93): Error: Cannot start transaction "delete". This Vuser already started a transaction with the same name, and has not yet processed the corresponding lr_end_transaction statement.	[MsgId: MERR-16993]
End auto log messages stack.	[MsgId: MMSG-10544]


Start auto log messages stack - Iteration 15.	[MsgId: MMSG-10545]
Action.c(79): Resource "http://localhost:1080/WebTours/images/signoff.gif" is in the cache already and will not be downloaded again  	[MsgId: MMSG-26655]
Action.c(79): Found resource "http://localhost:1080/WebTours/images/cancelreservation.gif" in HTML "http://localhost:1080/cgi-bin/itinerary.pl"  	[MsgId: MMSG-26659]
Action.c(79): Found resource "http://localhost:1080/WebTours/images/cancelallreservations.gif" in HTML "http://localhost:1080/cgi-bin/itinerary.pl"  	[MsgId: MMSG-26659]
Action.c(79): web_url("Itinerary Button") was successful, 12535 body bytes, 1918 header bytes, 43 chunking overhead bytes  	[MsgId: MMSG-26385]
Action.c(89): Think time - Waiting 5,00 seconds (according to limit).	[MsgId: MMSG-15946]
Action.c(89): lr_think_time: 5,00 seconds (recorded think time was 8,00 seconds).	[MsgId: MMSG-15947]
Action.c(91): Notify: Transaction "goto_itinerary" ended with a "Pass" status (Duration: 10,1661 Think Time: 10,0141).	[MsgId: MMSG-16872]
Action.c(93): Error: Cannot start transaction "delete". This Vuser already started a transaction with the same name, and has not yet processed the corresponding lr_end_transaction statement.	[MsgId: MERR-16993]
End auto log messages stack.	[MsgId: MMSG-10544]


Start auto log messages stack - Iteration 16.	[MsgId: MMSG-10545]
Action.c(79): Resource "http://localhost:1080/WebTours/images/signoff.gif" is in the cache already and will not be downloaded again  	[MsgId: MMSG-26655]
Action.c(79): Found resource "http://localhost:1080/WebTours/images/cancelreservation.gif" in HTML "http://localhost:1080/cgi-bin/itinerary.pl"  	[MsgId: MMSG-26659]
Action.c(79): Found resource "http://localhost:1080/WebTours/images/cancelallreservations.gif" in HTML "http://localhost:1080/cgi-bin/itinerary.pl"  	[MsgId: MMSG-26659]
Action.c(79): web_url("Itinerary Button") was successful, 12518 body bytes, 1921 header bytes, 43 chunking overhead bytes  	[MsgId: MMSG-26385]
Action.c(89): Think time - Waiting 5,00 seconds (according to limit).	[MsgId: MMSG-15946]
Action.c(89): lr_think_time: 5,00 seconds (recorded think time was 8,00 seconds).	[MsgId: MMSG-15947]
Action.c(91): Notify: Transaction "goto_itinerary" ended with a "Pass" status (Duration: 10,1982 Think Time: 10,0274).	[MsgId: MMSG-16872]
Action.c(93): Error: Cannot start transaction "delete". This Vuser already started a transaction with the same name, and has not yet processed the corresponding lr_end_transaction statement.	[MsgId: MERR-16993]
End auto log messages stack.	[MsgId: MMSG-10544]


Start auto log messages stack - Iteration 17.	[MsgId: MMSG-10545]
Action.c(79): Resource "http://localhost:1080/WebTours/images/signoff.gif" is in the cache already and will not be downloaded again  	[MsgId: MMSG-26655]
Action.c(79): Found resource "http://localhost:1080/WebTours/images/cancelreservation.gif" in HTML "http://localhost:1080/cgi-bin/itinerary.pl"  	[MsgId: MMSG-26659]
Action.c(79): Found resource "http://localhost:1080/WebTours/images/cancelallreservations.gif" in HTML "http://localhost:1080/cgi-bin/itinerary.pl"  	[MsgId: MMSG-26659]
Action.c(79): web_url("Itinerary Button") was successful, 12513 body bytes, 1922 header bytes, 43 chunking overhead bytes  	[MsgId: MMSG-26385]
Action.c(89): Think time - Waiting 5,00 seconds (according to limit).	[MsgId: MMSG-15946]
Action.c(89): lr_think_time: 5,00 seconds (recorded think time was 8,00 seconds).	[MsgId: MMSG-15947]
Action.c(91): Notify: Transaction "goto_itinerary" ended with a "Pass" status (Duration: 10,1142 Think Time: 10,0171).	[MsgId: MMSG-16872]
Action.c(93): Error: Cannot start transaction "delete". This Vuser already started a transaction with the same name, and has not yet processed the corresponding lr_end_transaction statement.	[MsgId: MERR-16993]
End auto log messages stack.	[MsgId: MMSG-10544]


Start auto log messages stack - Iteration 18.	[MsgId: MMSG-10545]
Action.c(79): Resource "http://localhost:1080/WebTours/images/signoff.gif" is in the cache already and will not be downloaded again  	[MsgId: MMSG-26655]
Action.c(79): Found resource "http://localhost:1080/WebTours/images/cancelreservation.gif" in HTML "http://localhost:1080/cgi-bin/itinerary.pl"  	[MsgId: MMSG-26659]
Action.c(79): Found resource "http://localhost:1080/WebTours/images/cancelallreservations.gif" in HTML "http://localhost:1080/cgi-bin/itinerary.pl"  	[MsgId: MMSG-26659]
Action.c(79): web_url("Itinerary Button") was successful, 12534 body bytes, 1920 header bytes, 43 chunking overhead bytes  	[MsgId: MMSG-26385]
Action.c(89): Think time - Waiting 5,00 seconds (according to limit).	[MsgId: MMSG-15946]
Action.c(89): lr_think_time: 5,00 seconds (recorded think time was 8,00 seconds).	[MsgId: MMSG-15947]
Action.c(91): Notify: Transaction "goto_itinerary" ended with a "Pass" status (Duration: 10,1579 Think Time: 10,0185).	[MsgId: MMSG-16872]
Action.c(93): Error: Cannot start transaction "delete". This Vuser already started a transaction with the same name, and has not yet processed the corresponding lr_end_transaction statement.	[MsgId: MERR-16993]
End auto log messages stack.	[MsgId: MMSG-10544]


Start auto log messages stack - Iteration 19.	[MsgId: MMSG-10545]
Action.c(79): Resource "http://localhost:1080/WebTours/images/signoff.gif" is in the cache already and will not be downloaded again  	[MsgId: MMSG-26655]
Action.c(79): Found resource "http://localhost:1080/WebTours/images/cancelreservation.gif" in HTML "http://localhost:1080/cgi-bin/itinerary.pl"  	[MsgId: MMSG-26659]
Action.c(79): Found resource "http://localhost:1080/WebTours/images/cancelallreservations.gif" in HTML "http://localhost:1080/cgi-bin/itinerary.pl"  	[MsgId: MMSG-26659]
Action.c(79): web_url("Itinerary Button") was successful, 12532 body bytes, 1921 header bytes, 43 chunking overhead bytes  	[MsgId: MMSG-26385]
Action.c(89): Think time - Waiting 5,00 seconds (according to limit).	[MsgId: MMSG-15946]
Action.c(89): lr_think_time: 5,00 seconds (recorded think time was 8,00 seconds).	[MsgId: MMSG-15947]
Action.c(91): Notify: Transaction "goto_itinerary" ended with a "Pass" status (Duration: 10,1097 Think Time: 10,0155).	[MsgId: MMSG-16872]
Action.c(93): Error: Cannot start transaction "delete". This Vuser already started a transaction with the same name, and has not yet processed the corresponding lr_end_transaction statement.	[MsgId: MERR-16993]
End auto log messages stack.	[MsgId: MMSG-10544]


Start auto log messages stack - Iteration 20.	[MsgId: MMSG-10545]
Action.c(79): Resource "http://localhost:1080/WebTours/images/signoff.gif" is in the cache already and will not be downloaded again  	[MsgId: MMSG-26655]
Action.c(79): Found resource "http://localhost:1080/WebTours/images/cancelreservation.gif" in HTML "http://localhost:1080/cgi-bin/itinerary.pl"  	[MsgId: MMSG-26659]
Action.c(79): Found resource "http://localhost:1080/WebTours/images/cancelallreservations.gif" in HTML "http://localhost:1080/cgi-bin/itinerary.pl"  	[MsgId: MMSG-26659]
Action.c(79): web_url("Itinerary Button") was successful, 11333 body bytes, 1919 header bytes, 43 chunking overhead bytes  	[MsgId: MMSG-26385]
Action.c(89): Think time - Waiting 5,00 seconds (according to limit).	[MsgId: MMSG-15946]
Action.c(89): lr_think_time: 5,00 seconds (recorded think time was 8,00 seconds).	[MsgId: MMSG-15947]
Action.c(91): Notify: Transaction "goto_itinerary" ended with a "Pass" status (Duration: 10,1517 Think Time: 10,0116).	[MsgId: MMSG-16872]
Action.c(93): Error: Cannot start transaction "delete". This Vuser already started a transaction with the same name, and has not yet processed the corresponding lr_end_transaction statement.	[MsgId: MERR-16993]
End auto log messages stack.	[MsgId: MMSG-10544]


Start auto log messages stack - Iteration 21.	[MsgId: MMSG-10545]
Action.c(79): Resource "http://localhost:1080/WebTours/images/signoff.gif" is in the cache already and will not be downloaded again  	[MsgId: MMSG-26655]
Action.c(79): Found resource "http://localhost:1080/WebTours/images/cancelreservation.gif" in HTML "http://localhost:1080/cgi-bin/itinerary.pl"  	[MsgId: MMSG-26659]
Action.c(79): Found resource "http://localhost:1080/WebTours/images/cancelallreservations.gif" in HTML "http://localhost:1080/cgi-bin/itinerary.pl"  	[MsgId: MMSG-26659]
Action.c(79): web_url("Itinerary Button") was successful, 32851 body bytes, 1920 header bytes, 83 chunking overhead bytes  	[MsgId: MMSG-26385]
Action.c(89): Think time - Waiting 5,00 seconds (according to limit).	[MsgId: MMSG-15946]
Action.c(89): lr_think_time: 5,00 seconds (recorded think time was 8,00 seconds).	[MsgId: MMSG-15947]
Action.c(91): Notify: Transaction "goto_itinerary" ended with a "Pass" status (Duration: 10,1342 Think Time: 10,0058).	[MsgId: MMSG-16872]
Action.c(93): Error: Cannot start transaction "delete". This Vuser already started a transaction with the same name, and has not yet processed the corresponding lr_end_transaction statement.	[MsgId: MERR-16993]
End auto log messages stack.	[MsgId: MMSG-10544]


Start auto log messages stack - Iteration 22.	[MsgId: MMSG-10545]
Action.c(79): Resource "http://localhost:1080/WebTours/images/signoff.gif" is in the cache already and will not be downloaded again  	[MsgId: MMSG-26655]
Action.c(79): Found resource "http://localhost:1080/WebTours/images/cancelreservation.gif" in HTML "http://localhost:1080/cgi-bin/itinerary.pl"  	[MsgId: MMSG-26659]
Action.c(79): Found resource "http://localhost:1080/WebTours/images/cancelallreservations.gif" in HTML "http://localhost:1080/cgi-bin/itinerary.pl"  	[MsgId: MMSG-26659]
Action.c(79): web_url("Itinerary Button") was successful, 23266 body bytes, 1922 header bytes, 67 chunking overhead bytes  	[MsgId: MMSG-26385]
Action.c(89): Think time - Waiting 5,00 seconds (according to limit).	[MsgId: MMSG-15946]
Action.c(89): lr_think_time: 5,00 seconds (recorded think time was 8,00 seconds).	[MsgId: MMSG-15947]
Action.c(91): Notify: Transaction "goto_itinerary" ended with a "Pass" status (Duration: 10,1242 Think Time: 10,0173).	[MsgId: MMSG-16872]
Action.c(93): Error: Cannot start transaction "delete". This Vuser already started a transaction with the same name, and has not yet processed the corresponding lr_end_transaction statement.	[MsgId: MERR-16993]
End auto log messages stack.	[MsgId: MMSG-10544]


Start auto log messages stack - Iteration 23.	[MsgId: MMSG-10545]
Action.c(79): Resource "http://localhost:1080/WebTours/images/signoff.gif" is in the cache already and will not be downloaded again  	[MsgId: MMSG-26655]
Action.c(79): Found resource "http://localhost:1080/WebTours/images/cancelreservation.gif" in HTML "http://localhost:1080/cgi-bin/itinerary.pl"  	[MsgId: MMSG-26659]
Action.c(79): Found resource "http://localhost:1080/WebTours/images/cancelallreservations.gif" in HTML "http://localhost:1080/cgi-bin/itinerary.pl"  	[MsgId: MMSG-26659]
Action.c(79): web_url("Itinerary Button") was successful, 16113 body bytes, 1921 header bytes, 51 chunking overhead bytes  	[MsgId: MMSG-26385]
Action.c(89): Think time - Waiting 5,00 seconds (according to limit).	[MsgId: MMSG-15946]
Action.c(89): lr_think_time: 5,00 seconds (recorded think time was 8,00 seconds).	[MsgId: MMSG-15947]
Action.c(91): Notify: Transaction "goto_itinerary" ended with a "Pass" status (Duration: 10,1767 Think Time: 10,0222).	[MsgId: MMSG-16872]
Action.c(93): Error: Cannot start transaction "delete". This Vuser already started a transaction with the same name, and has not yet processed the corresponding lr_end_transaction statement.	[MsgId: MERR-16993]
End auto log messages stack.	[MsgId: MMSG-10544]


Start auto log messages stack - Iteration 24.	[MsgId: MMSG-10545]
Action.c(79): Resource "http://localhost:1080/WebTours/images/signoff.gif" is in the cache already and will not be downloaded again  	[MsgId: MMSG-26655]
Action.c(79): Found resource "http://localhost:1080/WebTours/images/cancelreservation.gif" in HTML "http://localhost:1080/cgi-bin/itinerary.pl"  	[MsgId: MMSG-26659]
Action.c(79): Found resource "http://localhost:1080/WebTours/images/cancelallreservations.gif" in HTML "http://localhost:1080/cgi-bin/itinerary.pl"  	[MsgId: MMSG-26659]
Action.c(79): web_url("Itinerary Button") was successful, 20873 body bytes, 1921 header bytes, 59 chunking overhead bytes  	[MsgId: MMSG-26385]
Action.c(89): Think time - Waiting 5,00 seconds (according to limit).	[MsgId: MMSG-15946]
Action.c(89): lr_think_time: 5,00 seconds (recorded think time was 8,00 seconds).	[MsgId: MMSG-15947]
Action.c(91): Notify: Transaction "goto_itinerary" ended with a "Pass" status (Duration: 10,1529 Think Time: 10,0272).	[MsgId: MMSG-16872]
Action.c(93): Error: Cannot start transaction "delete". This Vuser already started a transaction with the same name, and has not yet processed the corresponding lr_end_transaction statement.	[MsgId: MERR-16993]
End auto log messages stack.	[MsgId: MMSG-10544]


Start auto log messages stack - Iteration 25.	[MsgId: MMSG-10545]
Action.c(79): Resource "http://localhost:1080/WebTours/images/signoff.gif" is in the cache already and will not be downloaded again  	[MsgId: MMSG-26655]
Action.c(79): Found resource "http://localhost:1080/WebTours/images/cancelreservation.gif" in HTML "http://localhost:1080/cgi-bin/itinerary.pl"  	[MsgId: MMSG-26659]
Action.c(79): Found resource "http://localhost:1080/WebTours/images/cancelallreservations.gif" in HTML "http://localhost:1080/cgi-bin/itinerary.pl"  	[MsgId: MMSG-26659]
Action.c(79): web_url("Itinerary Button") was successful, 13731 body bytes, 1919 header bytes, 51 chunking overhead bytes  	[MsgId: MMSG-26385]
Action.c(89): Think time - Waiting 5,00 seconds (according to limit).	[MsgId: MMSG-15946]
Action.c(89): lr_think_time: 5,00 seconds (recorded think time was 8,00 seconds).	[MsgId: MMSG-15947]
Action.c(91): Notify: Transaction "goto_itinerary" ended with a "Pass" status (Duration: 10,1475 Think Time: 10,0226).	[MsgId: MMSG-16872]
Action.c(93): Error: Cannot start transaction "delete". This Vuser already started a transaction with the same name, and has not yet processed the corresponding lr_end_transaction statement.	[MsgId: MERR-16993]
End auto log messages stack.	[MsgId: MMSG-10544]


Start auto log messages stack - Iteration 26.	[MsgId: MMSG-10545]
Action.c(79): Resource "http://localhost:1080/WebTours/images/signoff.gif" is in the cache already and will not be downloaded again  	[MsgId: MMSG-26655]
Action.c(79): Found resource "http://localhost:1080/WebTours/images/cancelreservation.gif" in HTML "http://localhost:1080/cgi-bin/itinerary.pl"  	[MsgId: MMSG-26659]
Action.c(79): Found resource "http://localhost:1080/WebTours/images/cancelallreservations.gif" in HTML "http://localhost:1080/cgi-bin/itinerary.pl"  	[MsgId: MMSG-26659]
Action.c(79): web_url("Itinerary Button") was successful, 13708 body bytes, 1921 header bytes, 51 chunking overhead bytes  	[MsgId: MMSG-26385]
Action.c(89): Think time - Waiting 5,00 seconds (according to limit).	[MsgId: MMSG-15946]
Action.c(89): lr_think_time: 5,00 seconds (recorded think time was 8,00 seconds).	[MsgId: MMSG-15947]
Action.c(91): Notify: Transaction "goto_itinerary" ended with a "Pass" status (Duration: 10,1603 Think Time: 10,0189).	[MsgId: MMSG-16872]
Action.c(93): Error: Cannot start transaction "delete". This Vuser already started a transaction with the same name, and has not yet processed the corresponding lr_end_transaction statement.	[MsgId: MERR-16993]
End auto log messages stack.	[MsgId: MMSG-10544]


Start auto log messages stack - Iteration 27.	[MsgId: MMSG-10545]
Action.c(79): Resource "http://localhost:1080/WebTours/images/signoff.gif" is in the cache already and will not be downloaded again  	[MsgId: MMSG-26655]
Action.c(79): Found resource "http://localhost:1080/WebTours/images/cancelreservation.gif" in HTML "http://localhost:1080/cgi-bin/itinerary.pl"  	[MsgId: MMSG-26659]
Action.c(79): Found resource "http://localhost:1080/WebTours/images/cancelallreservations.gif" in HTML "http://localhost:1080/cgi-bin/itinerary.pl"  	[MsgId: MMSG-26659]
Action.c(79): web_url("Itinerary Button") was successful, 13698 body bytes, 1919 header bytes, 51 chunking overhead bytes  	[MsgId: MMSG-26385]
Action.c(89): Think time - Waiting 5,00 seconds (according to limit).	[MsgId: MMSG-15946]
Action.c(89): lr_think_time: 5,00 seconds (recorded think time was 8,00 seconds).	[MsgId: MMSG-15947]
Action.c(91): Notify: Transaction "goto_itinerary" ended with a "Pass" status (Duration: 10,1616 Think Time: 10,0227).	[MsgId: MMSG-16872]
Action.c(93): Error: Cannot start transaction "delete". This Vuser already started a transaction with the same name, and has not yet processed the corresponding lr_end_transaction statement.	[MsgId: MERR-16993]
End auto log messages stack.	[MsgId: MMSG-10544]


Start auto log messages stack - Iteration 28.	[MsgId: MMSG-10545]
Action.c(79): Resource "http://localhost:1080/WebTours/images/signoff.gif" is in the cache already and will not be downloaded again  	[MsgId: MMSG-26655]
Action.c(79): Found resource "http://localhost:1080/WebTours/images/cancelreservation.gif" in HTML "http://localhost:1080/cgi-bin/itinerary.pl"  	[MsgId: MMSG-26659]
Action.c(79): Found resource "http://localhost:1080/WebTours/images/cancelallreservations.gif" in HTML "http://localhost:1080/cgi-bin/itinerary.pl"  	[MsgId: MMSG-26659]
Action.c(79): web_url("Itinerary Button") was successful, 12535 body bytes, 1920 header bytes, 43 chunking overhead bytes  	[MsgId: MMSG-26385]
Action.c(89): Think time - Waiting 5,00 seconds (according to limit).	[MsgId: MMSG-15946]
Action.c(89): lr_think_time: 5,00 seconds (recorded think time was 8,00 seconds).	[MsgId: MMSG-15947]
Action.c(91): Notify: Transaction "goto_itinerary" ended with a "Pass" status (Duration: 10,1495 Think Time: 10,0076).	[MsgId: MMSG-16872]
Action.c(93): Error: Cannot start transaction "delete". This Vuser already started a transaction with the same name, and has not yet processed the corresponding lr_end_transaction statement.	[MsgId: MERR-16993]
End auto log messages stack.	[MsgId: MMSG-10544]


Start auto log messages stack - Iteration 29.	[MsgId: MMSG-10545]
Action.c(79): Resource "http://localhost:1080/WebTours/images/signoff.gif" is in the cache already and will not be downloaded again  	[MsgId: MMSG-26655]
Action.c(79): Found resource "http://localhost:1080/WebTours/images/cancelreservation.gif" in HTML "http://localhost:1080/cgi-bin/itinerary.pl"  	[MsgId: MMSG-26659]
Action.c(79): Found resource "http://localhost:1080/WebTours/images/cancelallreservations.gif" in HTML "http://localhost:1080/cgi-bin/itinerary.pl"  	[MsgId: MMSG-26659]
Action.c(79): web_url("Itinerary Button") was successful, 12529 body bytes, 1922 header bytes, 43 chunking overhead bytes  	[MsgId: MMSG-26385]
Action.c(89): Think time - Waiting 5,00 seconds (according to limit).	[MsgId: MMSG-15946]
Action.c(89): lr_think_time: 5,00 seconds (recorded think time was 8,00 seconds).	[MsgId: MMSG-15947]
Action.c(91): Notify: Transaction "goto_itinerary" ended with a "Pass" status (Duration: 10,1233 Think Time: 10,0120).	[MsgId: MMSG-16872]
Action.c(93): Error: Cannot start transaction "delete". This Vuser already started a transaction with the same name, and has not yet processed the corresponding lr_end_transaction statement.	[MsgId: MERR-16993]
End auto log messages stack.	[MsgId: MMSG-10544]


Start auto log messages stack - Iteration 30.	[MsgId: MMSG-10545]
Action.c(79): Resource "http://localhost:1080/WebTours/images/signoff.gif" is in the cache already and will not be downloaded again  	[MsgId: MMSG-26655]
Action.c(79): Found resource "http://localhost:1080/WebTours/images/cancelreservation.gif" in HTML "http://localhost:1080/cgi-bin/itinerary.pl"  	[MsgId: MMSG-26659]
Action.c(79): Found resource "http://localhost:1080/WebTours/images/cancelallreservations.gif" in HTML "http://localhost:1080/cgi-bin/itinerary.pl"  	[MsgId: MMSG-26659]
Action.c(79): web_url("Itinerary Button") was successful, 11335 body bytes, 1921 header bytes, 43 chunking overhead bytes  	[MsgId: MMSG-26385]
Action.c(89): Think time - Waiting 5,00 seconds (according to limit).	[MsgId: MMSG-15946]
Action.c(89): lr_think_time: 5,00 seconds (recorded think time was 8,00 seconds).	[MsgId: MMSG-15947]
Action.c(91): Notify: Transaction "goto_itinerary" ended with a "Pass" status (Duration: 10,1806 Think Time: 10,0085).	[MsgId: MMSG-16872]
Action.c(93): Error: Cannot start transaction "delete". This Vuser already started a transaction with the same name, and has not yet processed the corresponding lr_end_transaction statement.	[MsgId: MERR-16993]
End auto log messages stack.	[MsgId: MMSG-10544]


Start auto log messages stack - Iteration 31.	[MsgId: MMSG-10545]
Action.c(79): Resource "http://localhost:1080/WebTours/images/signoff.gif" is in the cache already and will not be downloaded again  	[MsgId: MMSG-26655]
Action.c(79): Found resource "http://localhost:1080/WebTours/images/cancelreservation.gif" in HTML "http://localhost:1080/cgi-bin/itinerary.pl"  	[MsgId: MMSG-26659]
Action.c(79): Found resource "http://localhost:1080/WebTours/images/cancelallreservations.gif" in HTML "http://localhost:1080/cgi-bin/itinerary.pl"  	[MsgId: MMSG-26659]
Action.c(79): web_url("Itinerary Button") was successful, 31659 body bytes, 1921 header bytes, 83 chunking overhead bytes  	[MsgId: MMSG-26385]
Action.c(89): Think time - Waiting 5,00 seconds (according to limit).	[MsgId: MMSG-15946]
Action.c(89): lr_think_time: 5,00 seconds (recorded think time was 8,00 seconds).	[MsgId: MMSG-15947]
Action.c(91): Notify: Transaction "goto_itinerary" ended with a "Pass" status (Duration: 10,1701 Think Time: 10,0138).	[MsgId: MMSG-16872]
Action.c(93): Error: Cannot start transaction "delete". This Vuser already started a transaction with the same name, and has not yet processed the corresponding lr_end_transaction statement.	[MsgId: MERR-16993]
End auto log messages stack.	[MsgId: MMSG-10544]


Start auto log messages stack - Iteration 32.	[MsgId: MMSG-10545]
Action.c(79): Resource "http://localhost:1080/WebTours/images/signoff.gif" is in the cache already and will not be downloaded again  	[MsgId: MMSG-26655]
Action.c(79): Found resource "http://localhost:1080/WebTours/images/cancelreservation.gif" in HTML "http://localhost:1080/cgi-bin/itinerary.pl"  	[MsgId: MMSG-26659]
Action.c(79): Found resource "http://localhost:1080/WebTours/images/cancelallreservations.gif" in HTML "http://localhost:1080/cgi-bin/itinerary.pl"  	[MsgId: MMSG-26659]
Action.c(79): web_url("Itinerary Button") was successful, 22064 body bytes, 1921 header bytes, 67 chunking overhead bytes  	[MsgId: MMSG-26385]
Action.c(89): Think time - Waiting 5,00 seconds (according to limit).	[MsgId: MMSG-15946]
Action.c(89): lr_think_time: 5,00 seconds (recorded think time was 8,00 seconds).	[MsgId: MMSG-15947]
Action.c(91): Notify: Transaction "goto_itinerary" ended with a "Pass" status (Duration: 10,1778 Think Time: 10,0198).	[MsgId: MMSG-16872]
Action.c(93): Error: Cannot start transaction "delete". This Vuser already started a transaction with the same name, and has not yet processed the corresponding lr_end_transaction statement.	[MsgId: MERR-16993]
End auto log messages stack.	[MsgId: MMSG-10544]


Start auto log messages stack - Iteration 33.	[MsgId: MMSG-10545]
Action.c(79): Resource "http://localhost:1080/WebTours/images/signoff.gif" is in the cache already and will not be downloaded again  	[MsgId: MMSG-26655]
Action.c(79): Found resource "http://localhost:1080/WebTours/images/cancelreservation.gif" in HTML "http://localhost:1080/cgi-bin/itinerary.pl"  	[MsgId: MMSG-26659]
Action.c(79): Found resource "http://localhost:1080/WebTours/images/cancelallreservations.gif" in HTML "http://localhost:1080/cgi-bin/itinerary.pl"  	[MsgId: MMSG-26659]
Action.c(79): web_url("Itinerary Button") was successful, 14920 body bytes, 1922 header bytes, 51 chunking overhead bytes  	[MsgId: MMSG-26385]
Action.c(89): Think time - Waiting 5,00 seconds (according to limit).	[MsgId: MMSG-15946]
Action.c(89): lr_think_time: 5,00 seconds (recorded think time was 8,00 seconds).	[MsgId: MMSG-15947]
Action.c(91): Notify: Transaction "goto_itinerary" ended with a "Pass" status (Duration: 10,1090 Think Time: 10,0138).	[MsgId: MMSG-16872]
Action.c(93): Error: Cannot start transaction "delete". This Vuser already started a transaction with the same name, and has not yet processed the corresponding lr_end_transaction statement.	[MsgId: MERR-16993]
End auto log messages stack.	[MsgId: MMSG-10544]


Start auto log messages stack - Iteration 34.	[MsgId: MMSG-10545]
Action.c(79): Found resource "http://localhost:1080/WebTours/images/in_itinerary.gif" in HTML "http://localhost:1080/cgi-bin/nav.pl?page=menu&in=itinerary"  	[MsgId: MMSG-26659]
Action.c(79): Found resource "http://localhost:1080/WebTours/images/home.gif" in HTML "http://localhost:1080/cgi-bin/nav.pl?page=menu&in=itinerary"  	[MsgId: MMSG-26659]
Action.c(79): Resource "http://localhost:1080/WebTours/images/signoff.gif" is in the cache already and will not be downloaded again  	[MsgId: MMSG-26655]
Action.c(79): web_url("Itinerary Button") was successful, 19682 body bytes, 1919 header bytes, 59 chunking overhead bytes  	[MsgId: MMSG-26385]
Action.c(89): Think time - Waiting 5,00 seconds (according to limit).	[MsgId: MMSG-15946]
Action.c(89): lr_think_time: 5,00 seconds (recorded think time was 8,00 seconds).	[MsgId: MMSG-15947]
Action.c(91): Notify: Transaction "goto_itinerary" ended with a "Pass" status (Duration: 10,2447 Think Time: 10,0090).	[MsgId: MMSG-16872]
Action.c(93): Error: Cannot start transaction "delete". This Vuser already started a transaction with the same name, and has not yet processed the corresponding lr_end_transaction statement.	[MsgId: MERR-16993]
End auto log messages stack.	[MsgId: MMSG-10544]


Start auto log messages stack - Iteration 35.	[MsgId: MMSG-10545]
Action.c(79): Resource "http://localhost:1080/WebTours/images/signoff.gif" is in the cache already and will not be downloaded again  	[MsgId: MMSG-26655]
Action.c(79): Found resource "http://localhost:1080/WebTours/images/cancelreservation.gif" in HTML "http://localhost:1080/cgi-bin/itinerary.pl"  	[MsgId: MMSG-26659]
Action.c(79): Found resource "http://localhost:1080/WebTours/images/cancelallreservations.gif" in HTML "http://localhost:1080/cgi-bin/itinerary.pl"  	[MsgId: MMSG-26659]
Action.c(79): web_url("Itinerary Button") was successful, 13727 body bytes, 1923 header bytes, 51 chunking overhead bytes  	[MsgId: MMSG-26385]
Action.c(89): Think time - Waiting 5,00 seconds (according to limit).	[MsgId: MMSG-15946]
Action.c(89): lr_think_time: 5,00 seconds (recorded think time was 8,00 seconds).	[MsgId: MMSG-15947]
Action.c(91): Notify: Transaction "goto_itinerary" ended with a "Pass" status (Duration: 10,1193 Think Time: 10,0091).	[MsgId: MMSG-16872]
Action.c(93): Error: Cannot start transaction "delete". This Vuser already started a transaction with the same name, and has not yet processed the corresponding lr_end_transaction statement.	[MsgId: MERR-16993]
End auto log messages stack.	[MsgId: MMSG-10544]


Start auto log messages stack - Iteration 36.	[MsgId: MMSG-10545]
Action.c(79): Resource "http://localhost:1080/WebTours/images/signoff.gif" is in the cache already and will not be downloaded again  	[MsgId: MMSG-26655]
Action.c(79): Found resource "http://localhost:1080/WebTours/images/cancelreservation.gif" in HTML "http://localhost:1080/cgi-bin/itinerary.pl"  	[MsgId: MMSG-26659]
Action.c(79): Found resource "http://localhost:1080/WebTours/images/cancelallreservations.gif" in HTML "http://localhost:1080/cgi-bin/itinerary.pl"  	[MsgId: MMSG-26659]
Action.c(79): web_url("Itinerary Button") was successful, 13715 body bytes, 1920 header bytes, 51 chunking overhead bytes  	[MsgId: MMSG-26385]
Action.c(89): Think time - Waiting 5,00 seconds (according to limit).	[MsgId: MMSG-15946]
Action.c(89): lr_think_time: 5,00 seconds (recorded think time was 8,00 seconds).	[MsgId: MMSG-15947]
Action.c(91): Notify: Transaction "goto_itinerary" ended with a "Pass" status (Duration: 10,1003 Think Time: 10,0081).	[MsgId: MMSG-16872]
Action.c(93): Error: Cannot start transaction "delete". This Vuser already started a transaction with the same name, and has not yet processed the corresponding lr_end_transaction statement.	[MsgId: MERR-16993]
End auto log messages stack.	[MsgId: MMSG-10544]


Start auto log messages stack - Iteration 37.	[MsgId: MMSG-10545]
Action.c(79): Resource "http://localhost:1080/WebTours/images/signoff.gif" is in the cache already and will not be downloaded again  	[MsgId: MMSG-26655]
Action.c(79): Found resource "http://localhost:1080/WebTours/images/cancelreservation.gif" in HTML "http://localhost:1080/cgi-bin/itinerary.pl"  	[MsgId: MMSG-26659]
Action.c(79): Found resource "http://localhost:1080/WebTours/images/cancelallreservations.gif" in HTML "http://localhost:1080/cgi-bin/itinerary.pl"  	[MsgId: MMSG-26659]
Action.c(79): web_url("Itinerary Button") was successful, 13698 body bytes, 1921 header bytes, 51 chunking overhead bytes  	[MsgId: MMSG-26385]
Action.c(89): Think time - Waiting 5,00 seconds (according to limit).	[MsgId: MMSG-15946]
Action.c(89): lr_think_time: 5,00 seconds (recorded think time was 8,00 seconds).	[MsgId: MMSG-15947]
Action.c(91): Notify: Transaction "goto_itinerary" ended with a "Pass" status (Duration: 10,1400 Think Time: 10,0186).	[MsgId: MMSG-16872]
Action.c(93): Error: Cannot start transaction "delete". This Vuser already started a transaction with the same name, and has not yet processed the corresponding lr_end_transaction statement.	[MsgId: MERR-16993]
End auto log messages stack.	[MsgId: MMSG-10544]


Start auto log messages stack - Iteration 38.	[MsgId: MMSG-10545]
Action.c(79): Resource "http://localhost:1080/WebTours/images/signoff.gif" is in the cache already and will not be downloaded again  	[MsgId: MMSG-26655]
Action.c(79): Found resource "http://localhost:1080/WebTours/images/cancelreservation.gif" in HTML "http://localhost:1080/cgi-bin/itinerary.pl"  	[MsgId: MMSG-26659]
Action.c(79): Found resource "http://localhost:1080/WebTours/images/cancelallreservations.gif" in HTML "http://localhost:1080/cgi-bin/itinerary.pl"  	[MsgId: MMSG-26659]
Action.c(79): web_url("Itinerary Button") was successful, 13725 body bytes, 1919 header bytes, 51 chunking overhead bytes  	[MsgId: MMSG-26385]
Action.c(89): Think time - Waiting 5,00 seconds (according to limit).	[MsgId: MMSG-15946]
Action.c(89): lr_think_time: 5,00 seconds (recorded think time was 8,00 seconds).	[MsgId: MMSG-15947]
Action.c(91): Notify: Transaction "goto_itinerary" ended with a "Pass" status (Duration: 10,1629 Think Time: 10,0255).	[MsgId: MMSG-16872]
Action.c(93): Error: Cannot start transaction "delete". This Vuser already started a transaction with the same name, and has not yet processed the corresponding lr_end_transaction statement.	[MsgId: MERR-16993]
End auto log messages stack.	[MsgId: MMSG-10544]


Start auto log messages stack - Iteration 39.	[MsgId: MMSG-10545]
Action.c(79): Resource "http://localhost:1080/WebTours/images/signoff.gif" is in the cache already and will not be downloaded again  	[MsgId: MMSG-26655]
Action.c(79): Found resource "http://localhost:1080/WebTours/images/cancelreservation.gif" in HTML "http://localhost:1080/cgi-bin/itinerary.pl"  	[MsgId: MMSG-26659]
Action.c(79): Found resource "http://localhost:1080/WebTours/images/cancelallreservations.gif" in HTML "http://localhost:1080/cgi-bin/itinerary.pl"  	[MsgId: MMSG-26659]
Action.c(79): web_url("Itinerary Button") was successful, 13725 body bytes, 1920 header bytes, 51 chunking overhead bytes  	[MsgId: MMSG-26385]
Action.c(89): Think time - Waiting 5,00 seconds (according to limit).	[MsgId: MMSG-15946]
Action.c(89): lr_think_time: 5,00 seconds (recorded think time was 8,00 seconds).	[MsgId: MMSG-15947]
Action.c(91): Notify: Transaction "goto_itinerary" ended with a "Pass" status (Duration: 10,1579 Think Time: 10,0055).	[MsgId: MMSG-16872]
Action.c(93): Error: Cannot start transaction "delete". This Vuser already started a transaction with the same name, and has not yet processed the corresponding lr_end_transaction statement.	[MsgId: MERR-16993]
End auto log messages stack.	[MsgId: MMSG-10544]


Start auto log messages stack - Iteration 40.	[MsgId: MMSG-10545]
Action.c(79): Resource "http://localhost:1080/WebTours/images/signoff.gif" is in the cache already and will not be downloaded again  	[MsgId: MMSG-26655]
Action.c(79): Found resource "http://localhost:1080/WebTours/images/cancelreservation.gif" in HTML "http://localhost:1080/cgi-bin/itinerary.pl"  	[MsgId: MMSG-26659]
Action.c(79): Found resource "http://localhost:1080/WebTours/images/cancelallreservations.gif" in HTML "http://localhost:1080/cgi-bin/itinerary.pl"  	[MsgId: MMSG-26659]
Action.c(79): web_url("Itinerary Button") was successful, 12513 body bytes, 1920 header bytes, 43 chunking overhead bytes  	[MsgId: MMSG-26385]
Action.c(89): Think time - Waiting 5,00 seconds (according to limit).	[MsgId: MMSG-15946]
Action.c(89): lr_think_time: 5,00 seconds (recorded think time was 8,00 seconds).	[MsgId: MMSG-15947]
Action.c(91): Notify: Transaction "goto_itinerary" ended with a "Pass" status (Duration: 10,1572 Think Time: 10,0023).	[MsgId: MMSG-16872]
Action.c(93): Error: Cannot start transaction "delete". This Vuser already started a transaction with the same name, and has not yet processed the corresponding lr_end_transaction statement.	[MsgId: MERR-16993]
End auto log messages stack.	[MsgId: MMSG-10544]


Start auto log messages stack - Iteration 41.	[MsgId: MMSG-10545]
Action.c(79): Resource "http://localhost:1080/WebTours/images/signoff.gif" is in the cache already and will not be downloaded again  	[MsgId: MMSG-26655]
Action.c(79): Found resource "http://localhost:1080/WebTours/images/cancelreservation.gif" in HTML "http://localhost:1080/cgi-bin/itinerary.pl"  	[MsgId: MMSG-26659]
Action.c(79): Found resource "http://localhost:1080/WebTours/images/cancelallreservations.gif" in HTML "http://localhost:1080/cgi-bin/itinerary.pl"  	[MsgId: MMSG-26659]
Action.c(79): web_url("Itinerary Button") was successful, 34035 body bytes, 1919 header bytes, 91 chunking overhead bytes  	[MsgId: MMSG-26385]
Action.c(89): Think time - Waiting 5,00 seconds (according to limit).	[MsgId: MMSG-15946]
Action.c(89): lr_think_time: 5,00 seconds (recorded think time was 8,00 seconds).	[MsgId: MMSG-15947]
Action.c(91): Notify: Transaction "goto_itinerary" ended with a "Pass" status (Duration: 10,1547 Think Time: 10,0137).	[MsgId: MMSG-16872]
Action.c(93): Error: Cannot start transaction "delete". This Vuser already started a transaction with the same name, and has not yet processed the corresponding lr_end_transaction statement.	[MsgId: MERR-16993]
End auto log messages stack.	[MsgId: MMSG-10544]


Start auto log messages stack - Iteration 42.	[MsgId: MMSG-10545]
Action.c(79): Resource "http://localhost:1080/WebTours/images/signoff.gif" is in the cache already and will not be downloaded again  	[MsgId: MMSG-26655]
Action.c(79): Found resource "http://localhost:1080/WebTours/images/cancelreservation.gif" in HTML "http://localhost:1080/cgi-bin/itinerary.pl"  	[MsgId: MMSG-26659]
Action.c(79): Found resource "http://localhost:1080/WebTours/images/cancelallreservations.gif" in HTML "http://localhost:1080/cgi-bin/itinerary.pl"  	[MsgId: MMSG-26659]
Action.c(79): web_url("Itinerary Button") was successful, 24462 body bytes, 1921 header bytes, 67 chunking overhead bytes  	[MsgId: MMSG-26385]
Action.c(89): Think time - Waiting 5,00 seconds (according to limit).	[MsgId: MMSG-15946]
Action.c(89): lr_think_time: 5,00 seconds (recorded think time was 8,00 seconds).	[MsgId: MMSG-15947]
Action.c(91): Notify: Transaction "goto_itinerary" ended with a "Pass" status (Duration: 10,1488 Think Time: 10,0232).	[MsgId: MMSG-16872]
Action.c(93): Error: Cannot start transaction "delete". This Vuser already started a transaction with the same name, and has not yet processed the corresponding lr_end_transaction statement.	[MsgId: MERR-16993]
End auto log messages stack.	[MsgId: MMSG-10544]


Start auto log messages stack - Iteration 43.	[MsgId: MMSG-10545]
Action.c(79): Resource "http://localhost:1080/WebTours/images/signoff.gif" is in the cache already and will not be downloaded again  	[MsgId: MMSG-26655]
Action.c(79): Found resource "http://localhost:1080/WebTours/images/cancelreservation.gif" in HTML "http://localhost:1080/cgi-bin/itinerary.pl"  	[MsgId: MMSG-26659]
Action.c(79): Found resource "http://localhost:1080/WebTours/images/cancelallreservations.gif" in HTML "http://localhost:1080/cgi-bin/itinerary.pl"  	[MsgId: MMSG-26659]
Action.c(79): web_url("Itinerary Button") was successful, 17297 body bytes, 1919 header bytes, 58 chunking overhead bytes  	[MsgId: MMSG-26385]
Action.c(89): Think time - Waiting 5,00 seconds (according to limit).	[MsgId: MMSG-15946]
Action.c(89): lr_think_time: 5,00 seconds (recorded think time was 8,00 seconds).	[MsgId: MMSG-15947]
Action.c(91): Notify: Transaction "goto_itinerary" ended with a "Pass" status (Duration: 10,1660 Think Time: 10,0253).	[MsgId: MMSG-16872]
Action.c(93): Error: Cannot start transaction "delete". This Vuser already started a transaction with the same name, and has not yet processed the corresponding lr_end_transaction statement.	[MsgId: MERR-16993]
End auto log messages stack.	[MsgId: MMSG-10544]


Start auto log messages stack - Iteration 44.	[MsgId: MMSG-10545]
Action.c(79): Resource "http://localhost:1080/WebTours/images/signoff.gif" is in the cache already and will not be downloaded again  	[MsgId: MMSG-26655]
Action.c(79): Found resource "http://localhost:1080/WebTours/images/cancelreservation.gif" in HTML "http://localhost:1080/cgi-bin/itinerary.pl"  	[MsgId: MMSG-26659]
Action.c(79): Found resource "http://localhost:1080/WebTours/images/cancelallreservations.gif" in HTML "http://localhost:1080/cgi-bin/itinerary.pl"  	[MsgId: MMSG-26659]
Action.c(79): web_url("Itinerary Button") was successful, 22069 body bytes, 1919 header bytes, 67 chunking overhead bytes  	[MsgId: MMSG-26385]
Action.c(89): Think time - Waiting 5,00 seconds (according to limit).	[MsgId: MMSG-15946]
Action.c(89): lr_think_time: 5,00 seconds (recorded think time was 8,00 seconds).	[MsgId: MMSG-15947]
Action.c(91): Notify: Transaction "goto_itinerary" ended with a "Pass" status (Duration: 10,1369 Think Time: 10,0221).	[MsgId: MMSG-16872]
Action.c(93): Error: Cannot start transaction "delete". This Vuser already started a transaction with the same name, and has not yet processed the corresponding lr_end_transaction statement.	[MsgId: MERR-16993]
End auto log messages stack.	[MsgId: MMSG-10544]


Start auto log messages stack - Iteration 45.	[MsgId: MMSG-10545]
Action.c(79): Resource "http://localhost:1080/WebTours/images/signoff.gif" is in the cache already and will not be downloaded again  	[MsgId: MMSG-26655]
Action.c(79): Found resource "http://localhost:1080/WebTours/images/cancelreservation.gif" in HTML "http://localhost:1080/cgi-bin/itinerary.pl"  	[MsgId: MMSG-26659]
Action.c(79): Found resource "http://localhost:1080/WebTours/images/cancelallreservations.gif" in HTML "http://localhost:1080/cgi-bin/itinerary.pl"  	[MsgId: MMSG-26659]
Action.c(79): web_url("Itinerary Button") was successful, 16109 body bytes, 1920 header bytes, 51 chunking overhead bytes  	[MsgId: MMSG-26385]
Action.c(89): Think time - Waiting 5,00 seconds (according to limit).	[MsgId: MMSG-15946]
Action.c(89): lr_think_time: 5,00 seconds (recorded think time was 8,00 seconds).	[MsgId: MMSG-15947]
Action.c(91): Notify: Transaction "goto_itinerary" ended with a "Pass" status (Duration: 10,1123 Think Time: 10,0230).	[MsgId: MMSG-16872]
Action.c(93): Error: Cannot start transaction "delete". This Vuser already started a transaction with the same name, and has not yet processed the corresponding lr_end_transaction statement.	[MsgId: MERR-16993]
End auto log messages stack.	[MsgId: MMSG-10544]


Start auto log messages stack - Iteration 46.	[MsgId: MMSG-10545]
Action.c(79): Resource "http://localhost:1080/WebTours/images/signoff.gif" is in the cache already and will not be downloaded again  	[MsgId: MMSG-26655]
Action.c(79): Found resource "http://localhost:1080/WebTours/images/cancelreservation.gif" in HTML "http://localhost:1080/cgi-bin/itinerary.pl"  	[MsgId: MMSG-26659]
Action.c(79): Found resource "http://localhost:1080/WebTours/images/cancelallreservations.gif" in HTML "http://localhost:1080/cgi-bin/itinerary.pl"  	[MsgId: MMSG-26659]
Action.c(79): web_url("Itinerary Button") was successful, 16101 body bytes, 1920 header bytes, 51 chunking overhead bytes  	[MsgId: MMSG-26385]
Action.c(89): Think time - Waiting 5,00 seconds (according to limit).	[MsgId: MMSG-15946]
Action.c(89): lr_think_time: 5,00 seconds (recorded think time was 8,00 seconds).	[MsgId: MMSG-15947]
Action.c(91): Notify: Transaction "goto_itinerary" ended with a "Pass" status (Duration: 10,1813 Think Time: 10,0113).	[MsgId: MMSG-16872]
Action.c(93): Error: Cannot start transaction "delete". This Vuser already started a transaction with the same name, and has not yet processed the corresponding lr_end_transaction statement.	[MsgId: MERR-16993]
End auto log messages stack.	[MsgId: MMSG-10544]


Start auto log messages stack - Iteration 47.	[MsgId: MMSG-10545]
Action.c(79): Resource "http://localhost:1080/WebTours/images/signoff.gif" is in the cache already and will not be downloaded again  	[MsgId: MMSG-26655]
Action.c(79): Found resource "http://localhost:1080/WebTours/images/cancelreservation.gif" in HTML "http://localhost:1080/cgi-bin/itinerary.pl"  	[MsgId: MMSG-26659]
Action.c(79): Found resource "http://localhost:1080/WebTours/images/cancelallreservations.gif" in HTML "http://localhost:1080/cgi-bin/itinerary.pl"  	[MsgId: MMSG-26659]
Action.c(79): web_url("Itinerary Button") was successful, 16082 body bytes, 1920 header bytes, 51 chunking overhead bytes  	[MsgId: MMSG-26385]
Action.c(89): Think time - Waiting 5,00 seconds (according to limit).	[MsgId: MMSG-15946]
Action.c(89): lr_think_time: 5,00 seconds (recorded think time was 8,00 seconds).	[MsgId: MMSG-15947]
Action.c(91): Notify: Transaction "goto_itinerary" ended with a "Pass" status (Duration: 10,1686 Think Time: 10,0191).	[MsgId: MMSG-16872]
Action.c(93): Error: Cannot start transaction "delete". This Vuser already started a transaction with the same name, and has not yet processed the corresponding lr_end_transaction statement.	[MsgId: MERR-16993]
End auto log messages stack.	[MsgId: MMSG-10544]


Start auto log messages stack - Iteration 48.	[MsgId: MMSG-10545]
Action.c(79): Resource "http://localhost:1080/WebTours/images/signoff.gif" is in the cache already and will not be downloaded again  	[MsgId: MMSG-26655]
Action.c(79): Found resource "http://localhost:1080/WebTours/images/cancelreservation.gif" in HTML "http://localhost:1080/cgi-bin/itinerary.pl"  	[MsgId: MMSG-26659]
Action.c(79): Found resource "http://localhost:1080/WebTours/images/cancelallreservations.gif" in HTML "http://localhost:1080/cgi-bin/itinerary.pl"  	[MsgId: MMSG-26659]
Action.c(79): web_url("Itinerary Button") was successful, 16115 body bytes, 1919 header bytes, 51 chunking overhead bytes  	[MsgId: MMSG-26385]
Action.c(89): Think time - Waiting 5,00 seconds (according to limit).	[MsgId: MMSG-15946]
Action.c(89): lr_think_time: 5,00 seconds (recorded think time was 8,00 seconds).	[MsgId: MMSG-15947]
Action.c(91): Notify: Transaction "goto_itinerary" ended with a "Pass" status (Duration: 10,1334 Think Time: 10,0120).	[MsgId: MMSG-16872]
Action.c(93): Error: Cannot start transaction "delete". This Vuser already started a transaction with the same name, and has not yet processed the corresponding lr_end_transaction statement.	[MsgId: MERR-16993]
End auto log messages stack.	[MsgId: MMSG-10544]


Start auto log messages stack - Iteration 49.	[MsgId: MMSG-10545]
Action.c(79): Resource "http://localhost:1080/WebTours/images/signoff.gif" is in the cache already and will not be downloaded again  	[MsgId: MMSG-26655]
Action.c(79): Found resource "http://localhost:1080/WebTours/images/cancelreservation.gif" in HTML "http://localhost:1080/cgi-bin/itinerary.pl"  	[MsgId: MMSG-26659]
Action.c(79): Found resource "http://localhost:1080/WebTours/images/cancelallreservations.gif" in HTML "http://localhost:1080/cgi-bin/itinerary.pl"  	[MsgId: MMSG-26659]
Action.c(79): web_url("Itinerary Button") was successful, 16094 body bytes, 1919 header bytes, 51 chunking overhead bytes  	[MsgId: MMSG-26385]
Action.c(89): Think time - Waiting 5,00 seconds (according to limit).	[MsgId: MMSG-15946]
Action.c(89): lr_think_time: 5,00 seconds (recorded think time was 8,00 seconds).	[MsgId: MMSG-15947]
Action.c(91): Notify: Transaction "goto_itinerary" ended with a "Pass" status (Duration: 10,1719 Think Time: 10,0281).	[MsgId: MMSG-16872]
Action.c(93): Error: Cannot start transaction "delete". This Vuser already started a transaction with the same name, and has not yet processed the corresponding lr_end_transaction statement.	[MsgId: MERR-16993]
End auto log messages stack.	[MsgId: MMSG-10544]


Start auto log messages stack - Iteration 50.	[MsgId: MMSG-10545]
Action.c(79): Resource "http://localhost:1080/WebTours/images/signoff.gif" is in the cache already and will not be downloaded again  	[MsgId: MMSG-26655]
Action.c(79): Found resource "http://localhost:1080/WebTours/images/cancelreservation.gif" in HTML "http://localhost:1080/cgi-bin/itinerary.pl"  	[MsgId: MMSG-26659]
Action.c(79): Found resource "http://localhost:1080/WebTours/images/cancelallreservations.gif" in HTML "http://localhost:1080/cgi-bin/itinerary.pl"  	[MsgId: MMSG-26659]
Action.c(79): web_url("Itinerary Button") was successful, 14885 body bytes, 1919 header bytes, 51 chunking overhead bytes  	[MsgId: MMSG-26385]
Action.c(89): Think time - Waiting 5,00 seconds (according to limit).	[MsgId: MMSG-15946]
Action.c(89): lr_think_time: 5,00 seconds (recorded think time was 8,00 seconds).	[MsgId: MMSG-15947]
Action.c(91): Notify: Transaction "goto_itinerary" ended with a "Pass" status (Duration: 10,1687 Think Time: 10,0128).	[MsgId: MMSG-16872]
Action.c(93): Error: Cannot start transaction "delete". This Vuser already started a transaction with the same name, and has not yet processed the corresponding lr_end_transaction statement.	[MsgId: MERR-16993]
End auto log messages stack.	[MsgId: MMSG-10544]


Start auto log messages stack - Iteration 51.	[MsgId: MMSG-10545]
Action.c(79): Resource "http://localhost:1080/WebTours/images/signoff.gif" is in the cache already and will not be downloaded again  	[MsgId: MMSG-26655]
Action.c(79): Found resource "http://localhost:1080/WebTours/images/cancelreservation.gif" in HTML "http://localhost:1080/cgi-bin/itinerary.pl"  	[MsgId: MMSG-26659]
Action.c(79): Found resource "http://localhost:1080/WebTours/images/cancelallreservations.gif" in HTML "http://localhost:1080/cgi-bin/itinerary.pl"  	[MsgId: MMSG-26659]
Action.c(79): web_url("Itinerary Button") was successful, 35231 body bytes, 1921 header bytes, 91 chunking overhead bytes  	[MsgId: MMSG-26385]
Action.c(89): Think time - Waiting 5,00 seconds (according to limit).	[MsgId: MMSG-15946]
Action.c(89): lr_think_time: 5,00 seconds (recorded think time was 8,00 seconds).	[MsgId: MMSG-15947]
Action.c(91): Notify: Transaction "goto_itinerary" ended with a "Pass" status (Duration: 10,1842 Think Time: 10,0524).	[MsgId: MMSG-16872]
Action.c(93): Error: Cannot start transaction "delete". This Vuser already started a transaction with the same name, and has not yet processed the corresponding lr_end_transaction statement.	[MsgId: MERR-16993]
End auto log messages stack.	[MsgId: MMSG-10544]


Start auto log messages stack - Iteration 52.	[MsgId: MMSG-10545]
Action.c(79): Resource "http://localhost:1080/WebTours/images/signoff.gif" is in the cache already and will not be downloaded again  	[MsgId: MMSG-26655]
Action.c(79): Found resource "http://localhost:1080/WebTours/images/cancelreservation.gif" in HTML "http://localhost:1080/cgi-bin/itinerary.pl"  	[MsgId: MMSG-26659]
Action.c(79): Found resource "http://localhost:1080/WebTours/images/cancelallreservations.gif" in HTML "http://localhost:1080/cgi-bin/itinerary.pl"  	[MsgId: MMSG-26659]
Action.c(79): web_url("Itinerary Button") was successful, 25650 body bytes, 1923 header bytes, 74 chunking overhead bytes  	[MsgId: MMSG-26385]
Action.c(89): Think time - Waiting 5,00 seconds (according to limit).	[MsgId: MMSG-15946]
Action.c(89): lr_think_time: 5,00 seconds (recorded think time was 8,00 seconds).	[MsgId: MMSG-15947]
Action.c(91): Notify: Transaction "goto_itinerary" ended with a "Pass" status (Duration: 10,1870 Think Time: 10,0315).	[MsgId: MMSG-16872]
Action.c(93): Error: Cannot start transaction "delete". This Vuser already started a transaction with the same name, and has not yet processed the corresponding lr_end_transaction statement.	[MsgId: MERR-16993]
End auto log messages stack.	[MsgId: MMSG-10544]


Start auto log messages stack - Iteration 53.	[MsgId: MMSG-10545]
Action.c(79): Resource "http://localhost:1080/WebTours/images/signoff.gif" is in the cache already and will not be downloaded again  	[MsgId: MMSG-26655]
Action.c(79): Found resource "http://localhost:1080/WebTours/images/cancelreservation.gif" in HTML "http://localhost:1080/cgi-bin/itinerary.pl"  	[MsgId: MMSG-26659]
Action.c(79): Found resource "http://localhost:1080/WebTours/images/cancelallreservations.gif" in HTML "http://localhost:1080/cgi-bin/itinerary.pl"  	[MsgId: MMSG-26659]
Action.c(79): web_url("Itinerary Button") was successful, 18488 body bytes, 1921 header bytes, 59 chunking overhead bytes  	[MsgId: MMSG-26385]
Action.c(89): Think time - Waiting 5,00 seconds (according to limit).	[MsgId: MMSG-15946]
Action.c(89): lr_think_time: 5,00 seconds (recorded think time was 8,00 seconds).	[MsgId: MMSG-15947]
Action.c(91): Notify: Transaction "goto_itinerary" ended with a "Pass" status (Duration: 10,1598 Think Time: 10,0291).	[MsgId: MMSG-16872]
Action.c(93): Error: Cannot start transaction "delete". This Vuser already started a transaction with the same name, and has not yet processed the corresponding lr_end_transaction statement.	[MsgId: MERR-16993]
End auto log messages stack.	[MsgId: MMSG-10544]


Start auto log messages stack - Iteration 54.	[MsgId: MMSG-10545]
Action.c(79): Resource "http://localhost:1080/WebTours/images/signoff.gif" is in the cache already and will not be downloaded again  	[MsgId: MMSG-26655]
Action.c(79): Found resource "http://localhost:1080/WebTours/images/cancelreservation.gif" in HTML "http://localhost:1080/cgi-bin/itinerary.pl"  	[MsgId: MMSG-26659]
Action.c(79): Found resource "http://localhost:1080/WebTours/images/cancelallreservations.gif" in HTML "http://localhost:1080/cgi-bin/itinerary.pl"  	[MsgId: MMSG-26659]
Action.c(79): web_url("Itinerary Button") was successful, 23240 body bytes, 1921 header bytes, 67 chunking overhead bytes  	[MsgId: MMSG-26385]
Action.c(89): Think time - Waiting 5,00 seconds (according to limit).	[MsgId: MMSG-15946]
Action.c(89): lr_think_time: 5,00 seconds (recorded think time was 8,00 seconds).	[MsgId: MMSG-15947]
Action.c(91): Notify: Transaction "goto_itinerary" ended with a "Pass" status (Duration: 10,1467 Think Time: 10,0098).	[MsgId: MMSG-16872]
Action.c(93): Error: Cannot start transaction "delete". This Vuser already started a transaction with the same name, and has not yet processed the corresponding lr_end_transaction statement.	[MsgId: MERR-16993]
End auto log messages stack.	[MsgId: MMSG-10544]


Start auto log messages stack - Iteration 55.	[MsgId: MMSG-10545]
Action.c(79): Resource "http://localhost:1080/WebTours/images/signoff.gif" is in the cache already and will not be downloaded again  	[MsgId: MMSG-26655]
Action.c(79): Found resource "http://localhost:1080/WebTours/images/cancelreservation.gif" in HTML "http://localhost:1080/cgi-bin/itinerary.pl"  	[MsgId: MMSG-26659]
Action.c(79): Found resource "http://localhost:1080/WebTours/images/cancelallreservations.gif" in HTML "http://localhost:1080/cgi-bin/itinerary.pl"  	[MsgId: MMSG-26659]
Action.c(79): web_url("Itinerary Button") was successful, 16111 body bytes, 1921 header bytes, 51 chunking overhead bytes  	[MsgId: MMSG-26385]
Action.c(89): Think time - Waiting 5,00 seconds (according to limit).	[MsgId: MMSG-15946]
Action.c(89): lr_think_time: 5,00 seconds (recorded think time was 8,00 seconds).	[MsgId: MMSG-15947]
Action.c(91): Notify: Transaction "goto_itinerary" ended with a "Pass" status (Duration: 10,1673 Think Time: 10,0219).	[MsgId: MMSG-16872]
Action.c(93): Error: Cannot start transaction "delete". This Vuser already started a transaction with the same name, and has not yet processed the corresponding lr_end_transaction statement.	[MsgId: MERR-16993]
End auto log messages stack.	[MsgId: MMSG-10544]


Start auto log messages stack - Iteration 56.	[MsgId: MMSG-10545]
Action.c(79): Resource "http://localhost:1080/WebTours/images/signoff.gif" is in the cache already and will not be downloaded again  	[MsgId: MMSG-26655]
Action.c(79): Found resource "http://localhost:1080/WebTours/images/cancelreservation.gif" in HTML "http://localhost:1080/cgi-bin/itinerary.pl"  	[MsgId: MMSG-26659]
Action.c(79): Found resource "http://localhost:1080/WebTours/images/cancelallreservations.gif" in HTML "http://localhost:1080/cgi-bin/itinerary.pl"  	[MsgId: MMSG-26659]
Action.c(79): web_url("Itinerary Button") was successful, 14909 body bytes, 1919 header bytes, 51 chunking overhead bytes  	[MsgId: MMSG-26385]
Action.c(89): Think time - Waiting 5,00 seconds (according to limit).	[MsgId: MMSG-15946]
Action.c(89): lr_think_time: 5,00 seconds (recorded think time was 8,00 seconds).	[MsgId: MMSG-15947]
Action.c(91): Notify: Transaction "goto_itinerary" ended with a "Pass" status (Duration: 10,1599 Think Time: 10,0291).	[MsgId: MMSG-16872]
Action.c(93): Error: Cannot start transaction "delete". This Vuser already started a transaction with the same name, and has not yet processed the corresponding lr_end_transaction statement.	[MsgId: MERR-16993]
End auto log messages stack.	[MsgId: MMSG-10544]


