Start auto log messages stack - Iteration 1.	[MsgId: MMSG-10545]
Action.c(79): Resource "http://localhost:1080/WebTours/images/signoff.gif" is in the cache already and will not be downloaded again  	[MsgId: MMSG-26655]
Action.c(79): Found resource "http://localhost:1080/WebTours/images/cancelreservation.gif" in HTML "http://localhost:1080/cgi-bin/itinerary.pl"  	[MsgId: MMSG-26659]
Action.c(79): Found resource "http://localhost:1080/WebTours/images/cancelallreservations.gif" in HTML "http://localhost:1080/cgi-bin/itinerary.pl"  	[MsgId: MMSG-26659]
Action.c(79): web_url("Itinerary Button") was successful, 37635 body bytes, 1919 header bytes, 91 chunking overhead bytes  	[MsgId: MMSG-26385]
Action.c(89): Think time - Waiting 5,00 seconds (according to limit).	[MsgId: MMSG-15946]
Action.c(89): lr_think_time: 5,00 seconds (recorded think time was 8,00 seconds).	[MsgId: MMSG-15947]
Action.c(91): Notify: Transaction "goto_itinerary" ended with a "Pass" status (Duration: 10,1547 Think Time: 10,0097).	[MsgId: MMSG-16872]
Action.c(93): Error: Cannot start transaction "delete". This Vuser already started a transaction with the same name, and has not yet processed the corresponding lr_end_transaction statement.	[MsgId: MERR-16993]
End auto log messages stack.	[MsgId: MMSG-10544]


Start auto log messages stack - Iteration 2.	[MsgId: MMSG-10545]
Action.c(79): Resource "http://localhost:1080/WebTours/images/signoff.gif" is in the cache already and will not be downloaded again  	[MsgId: MMSG-26655]
Action.c(79): Found resource "http://localhost:1080/WebTours/images/cancelreservation.gif" in HTML "http://localhost:1080/cgi-bin/itinerary.pl"  	[MsgId: MMSG-26659]
Action.c(79): Found resource "http://localhost:1080/WebTours/images/cancelallreservations.gif" in HTML "http://localhost:1080/cgi-bin/itinerary.pl"  	[MsgId: MMSG-26659]
Action.c(79): web_url("Itinerary Button") was successful, 26842 body bytes, 1919 header bytes, 75 chunking overhead bytes  	[MsgId: MMSG-26385]
Action.c(89): Think time - Waiting 5,00 seconds (according to limit).	[MsgId: MMSG-15946]
Action.c(89): lr_think_time: 5,00 seconds (recorded think time was 8,00 seconds).	[MsgId: MMSG-15947]
Action.c(91): Notify: Transaction "goto_itinerary" ended with a "Pass" status (Duration: 10,1531 Think Time: 10,0116).	[MsgId: MMSG-16872]
Action.c(93): Error: Cannot start transaction "delete". This Vuser already started a transaction with the same name, and has not yet processed the corresponding lr_end_transaction statement.	[MsgId: MERR-16993]
End auto log messages stack.	[MsgId: MMSG-10544]


Start auto log messages stack - Iteration 3.	[MsgId: MMSG-10545]
Action.c(79): Resource "http://localhost:1080/WebTours/images/signoff.gif" is in the cache already and will not be downloaded again  	[MsgId: MMSG-26655]
Action.c(79): Found resource "http://localhost:1080/WebTours/images/cancelreservation.gif" in HTML "http://localhost:1080/cgi-bin/itinerary.pl"  	[MsgId: MMSG-26659]
Action.c(79): Found resource "http://localhost:1080/WebTours/images/cancelallreservations.gif" in HTML "http://localhost:1080/cgi-bin/itinerary.pl"  	[MsgId: MMSG-26659]
Action.c(79): web_url("Itinerary Button") was successful, 19683 body bytes, 1919 header bytes, 59 chunking overhead bytes  	[MsgId: MMSG-26385]
Action.c(89): Think time - Waiting 5,00 seconds (according to limit).	[MsgId: MMSG-15946]
Action.c(89): lr_think_time: 5,00 seconds (recorded think time was 8,00 seconds).	[MsgId: MMSG-15947]
Action.c(91): Notify: Transaction "goto_itinerary" ended with a "Pass" status (Duration: 10,1489 Think Time: 10,0057).	[MsgId: MMSG-16872]
Action.c(93): Error: Cannot start transaction "delete". This Vuser already started a transaction with the same name, and has not yet processed the corresponding lr_end_transaction statement.	[MsgId: MERR-16993]
End auto log messages stack.	[MsgId: MMSG-10544]


Start auto log messages stack - Iteration 4.	[MsgId: MMSG-10545]
Action.c(79): Resource "http://localhost:1080/WebTours/images/signoff.gif" is in the cache already and will not be downloaded again  	[MsgId: MMSG-26655]
Action.c(79): Found resource "http://localhost:1080/WebTours/images/cancelreservation.gif" in HTML "http://localhost:1080/cgi-bin/itinerary.pl"  	[MsgId: MMSG-26659]
Action.c(79): Found resource "http://localhost:1080/WebTours/images/cancelallreservations.gif" in HTML "http://localhost:1080/cgi-bin/itinerary.pl"  	[MsgId: MMSG-26659]
Action.c(79): web_url("Itinerary Button") was successful, 23235 body bytes, 1921 header bytes, 67 chunking overhead bytes  	[MsgId: MMSG-26385]
Action.c(89): Think time - Waiting 5,00 seconds (according to limit).	[MsgId: MMSG-15946]
Action.c(89): lr_think_time: 5,00 seconds (recorded think time was 8,00 seconds).	[MsgId: MMSG-15947]
Action.c(91): Notify: Transaction "goto_itinerary" ended with a "Pass" status (Duration: 10,1823 Think Time: 10,0173).	[MsgId: MMSG-16872]
Action.c(93): Error: Cannot start transaction "delete". This Vuser already started a transaction with the same name, and has not yet processed the corresponding lr_end_transaction statement.	[MsgId: MERR-16993]
End auto log messages stack.	[MsgId: MMSG-10544]


Start auto log messages stack - Iteration 5.	[MsgId: MMSG-10545]
Action.c(79): Resource "http://localhost:1080/WebTours/images/signoff.gif" is in the cache already and will not be downloaded again  	[MsgId: MMSG-26655]
Action.c(79): Found resource "http://localhost:1080/WebTours/images/cancelreservation.gif" in HTML "http://localhost:1080/cgi-bin/itinerary.pl"  	[MsgId: MMSG-26659]
Action.c(79): Found resource "http://localhost:1080/WebTours/images/cancelallreservations.gif" in HTML "http://localhost:1080/cgi-bin/itinerary.pl"  	[MsgId: MMSG-26659]
Action.c(79): web_url("Itinerary Button") was successful, 17305 body bytes, 1921 header bytes, 58 chunking overhead bytes  	[MsgId: MMSG-26385]
Action.c(89): Think time - Waiting 5,00 seconds (according to limit).	[MsgId: MMSG-15946]
Action.c(89): lr_think_time: 5,00 seconds (recorded think time was 8,00 seconds).	[MsgId: MMSG-15947]
Action.c(91): Notify: Transaction "goto_itinerary" ended with a "Pass" status (Duration: 10,1670 Think Time: 10,0111).	[MsgId: MMSG-16872]
Action.c(93): Error: Cannot start transaction "delete". This Vuser already started a transaction with the same name, and has not yet processed the corresponding lr_end_transaction statement.	[MsgId: MERR-16993]
End auto log messages stack.	[MsgId: MMSG-10544]


Start auto log messages stack - Iteration 6.	[MsgId: MMSG-10545]
Action.c(79): Resource "http://localhost:1080/WebTours/images/signoff.gif" is in the cache already and will not be downloaded again  	[MsgId: MMSG-26655]
Action.c(79): Found resource "http://localhost:1080/WebTours/images/cancelreservation.gif" in HTML "http://localhost:1080/cgi-bin/itinerary.pl"  	[MsgId: MMSG-26659]
Action.c(79): Found resource "http://localhost:1080/WebTours/images/cancelallreservations.gif" in HTML "http://localhost:1080/cgi-bin/itinerary.pl"  	[MsgId: MMSG-26659]
Action.c(79): web_url("Itinerary Button") was successful, 13720 body bytes, 1920 header bytes, 51 chunking overhead bytes  	[MsgId: MMSG-26385]
Action.c(89): Think time - Waiting 5,00 seconds (according to limit).	[MsgId: MMSG-15946]
Action.c(89): lr_think_time: 5,00 seconds (recorded think time was 8,00 seconds).	[MsgId: MMSG-15947]
Action.c(91): Notify: Transaction "goto_itinerary" ended with a "Pass" status (Duration: 10,1605 Think Time: 10,0291).	[MsgId: MMSG-16872]
Action.c(93): Error: Cannot start transaction "delete". This Vuser already started a transaction with the same name, and has not yet processed the corresponding lr_end_transaction statement.	[MsgId: MERR-16993]
End auto log messages stack.	[MsgId: MMSG-10544]


Start auto log messages stack - Iteration 7.	[MsgId: MMSG-10545]
Action.c(79): Resource "http://localhost:1080/WebTours/images/signoff.gif" is in the cache already and will not be downloaded again  	[MsgId: MMSG-26655]
Action.c(79): Found resource "http://localhost:1080/WebTours/images/cancelreservation.gif" in HTML "http://localhost:1080/cgi-bin/itinerary.pl"  	[MsgId: MMSG-26659]
Action.c(79): Found resource "http://localhost:1080/WebTours/images/cancelallreservations.gif" in HTML "http://localhost:1080/cgi-bin/itinerary.pl"  	[MsgId: MMSG-26659]
Action.c(79): web_url("Itinerary Button") was successful, 14895 body bytes, 1922 header bytes, 51 chunking overhead bytes  	[MsgId: MMSG-26385]
Action.c(89): Think time - Waiting 5,00 seconds (according to limit).	[MsgId: MMSG-15946]
Action.c(89): lr_think_time: 5,00 seconds (recorded think time was 8,00 seconds).	[MsgId: MMSG-15947]
Action.c(91): Notify: Transaction "goto_itinerary" ended with a "Pass" status (Duration: 10,1099 Think Time: 10,0217).	[MsgId: MMSG-16872]
Action.c(93): Error: Cannot start transaction "delete". This Vuser already started a transaction with the same name, and has not yet processed the corresponding lr_end_transaction statement.	[MsgId: MERR-16993]
End auto log messages stack.	[MsgId: MMSG-10544]


Start auto log messages stack - Iteration 8.	[MsgId: MMSG-10545]
Action.c(79): Resource "http://localhost:1080/WebTours/images/signoff.gif" is in the cache already and will not be downloaded again  	[MsgId: MMSG-26655]
Action.c(79): Found resource "http://localhost:1080/WebTours/images/cancelreservation.gif" in HTML "http://localhost:1080/cgi-bin/itinerary.pl"  	[MsgId: MMSG-26659]
Action.c(79): Found resource "http://localhost:1080/WebTours/images/cancelallreservations.gif" in HTML "http://localhost:1080/cgi-bin/itinerary.pl"  	[MsgId: MMSG-26659]
Action.c(79): web_url("Itinerary Button") was successful, 14923 body bytes, 1919 header bytes, 51 chunking overhead bytes  	[MsgId: MMSG-26385]
Action.c(89): Think time - Waiting 5,00 seconds (according to limit).	[MsgId: MMSG-15946]
Action.c(89): lr_think_time: 5,00 seconds (recorded think time was 8,00 seconds).	[MsgId: MMSG-15947]
Action.c(91): Notify: Transaction "goto_itinerary" ended with a "Pass" status (Duration: 10,1448 Think Time: 10,0173).	[MsgId: MMSG-16872]
Action.c(93): Error: Cannot start transaction "delete". This Vuser already started a transaction with the same name, and has not yet processed the corresponding lr_end_transaction statement.	[MsgId: MERR-16993]
End auto log messages stack.	[MsgId: MMSG-10544]


Start auto log messages stack - Iteration 9.	[MsgId: MMSG-10545]
Action.c(79): Resource "http://localhost:1080/WebTours/images/signoff.gif" is in the cache already and will not be downloaded again  	[MsgId: MMSG-26655]
Action.c(79): Found resource "http://localhost:1080/WebTours/images/cancelreservation.gif" in HTML "http://localhost:1080/cgi-bin/itinerary.pl"  	[MsgId: MMSG-26659]
Action.c(79): Found resource "http://localhost:1080/WebTours/images/cancelallreservations.gif" in HTML "http://localhost:1080/cgi-bin/itinerary.pl"  	[MsgId: MMSG-26659]
Action.c(79): web_url("Itinerary Button") was successful, 14901 body bytes, 1921 header bytes, 51 chunking overhead bytes  	[MsgId: MMSG-26385]
Action.c(89): Think time - Waiting 5,00 seconds (according to limit).	[MsgId: MMSG-15946]
Action.c(89): lr_think_time: 5,00 seconds (recorded think time was 8,00 seconds).	[MsgId: MMSG-15947]
Action.c(91): Notify: Transaction "goto_itinerary" ended with a "Pass" status (Duration: 10,1484 Think Time: 10,0086).	[MsgId: MMSG-16872]
Action.c(93): Error: Cannot start transaction "delete". This Vuser already started a transaction with the same name, and has not yet processed the corresponding lr_end_transaction statement.	[MsgId: MERR-16993]
End auto log messages stack.	[MsgId: MMSG-10544]


Start auto log messages stack - Iteration 10.	[MsgId: MMSG-10545]
Action.c(79): Resource "http://localhost:1080/WebTours/images/signoff.gif" is in the cache already and will not be downloaded again  	[MsgId: MMSG-26655]
Action.c(79): Found resource "http://localhost:1080/WebTours/images/cancelreservation.gif" in HTML "http://localhost:1080/cgi-bin/itinerary.pl"  	[MsgId: MMSG-26659]
Action.c(79): Found resource "http://localhost:1080/WebTours/images/cancelallreservations.gif" in HTML "http://localhost:1080/cgi-bin/itinerary.pl"  	[MsgId: MMSG-26659]
Action.c(79): web_url("Itinerary Button") was successful, 13694 body bytes, 1923 header bytes, 51 chunking overhead bytes  	[MsgId: MMSG-26385]
Action.c(89): Think time - Waiting 5,00 seconds (according to limit).	[MsgId: MMSG-15946]
Action.c(89): lr_think_time: 5,00 seconds (recorded think time was 8,00 seconds).	[MsgId: MMSG-15947]
Action.c(91): Notify: Transaction "goto_itinerary" ended with a "Pass" status (Duration: 10,1169 Think Time: 10,0184).	[MsgId: MMSG-16872]
Action.c(93): Error: Cannot start transaction "delete". This Vuser already started a transaction with the same name, and has not yet processed the corresponding lr_end_transaction statement.	[MsgId: MERR-16993]
End auto log messages stack.	[MsgId: MMSG-10544]


Start auto log messages stack - Iteration 11.	[MsgId: MMSG-10545]
Action.c(79): Resource "http://localhost:1080/WebTours/images/signoff.gif" is in the cache already and will not be downloaded again  	[MsgId: MMSG-26655]
Action.c(79): Found resource "http://localhost:1080/WebTours/images/cancelreservation.gif" in HTML "http://localhost:1080/cgi-bin/itinerary.pl"  	[MsgId: MMSG-26659]
Action.c(79): Found resource "http://localhost:1080/WebTours/images/cancelallreservations.gif" in HTML "http://localhost:1080/cgi-bin/itinerary.pl"  	[MsgId: MMSG-26659]
Action.c(79): web_url("Itinerary Button") was successful, 40018 body bytes, 1919 header bytes, 99 chunking overhead bytes  	[MsgId: MMSG-26385]
Action.c(89): Think time - Waiting 5,00 seconds (according to limit).	[MsgId: MMSG-15946]
Action.c(89): lr_think_time: 5,00 seconds (recorded think time was 8,00 seconds).	[MsgId: MMSG-15947]
Action.c(91): Notify: Transaction "goto_itinerary" ended with a "Pass" status (Duration: 10,1854 Think Time: 10,0272).	[MsgId: MMSG-16872]
Action.c(93): Error: Cannot start transaction "delete". This Vuser already started a transaction with the same name, and has not yet processed the corresponding lr_end_transaction statement.	[MsgId: MERR-16993]
End auto log messages stack.	[MsgId: MMSG-10544]


Start auto log messages stack - Iteration 12.	[MsgId: MMSG-10545]
Action.c(79): Resource "http://localhost:1080/WebTours/images/signoff.gif" is in the cache already and will not be downloaded again  	[MsgId: MMSG-26655]
Action.c(79): Found resource "http://localhost:1080/WebTours/images/cancelreservation.gif" in HTML "http://localhost:1080/cgi-bin/itinerary.pl"  	[MsgId: MMSG-26659]
Action.c(79): Found resource "http://localhost:1080/WebTours/images/cancelallreservations.gif" in HTML "http://localhost:1080/cgi-bin/itinerary.pl"  	[MsgId: MMSG-26659]
Action.c(79): web_url("Itinerary Button") was successful, 28033 body bytes, 1919 header bytes, 75 chunking overhead bytes  	[MsgId: MMSG-26385]
Action.c(89): Think time - Waiting 5,00 seconds (according to limit).	[MsgId: MMSG-15946]
Action.c(89): lr_think_time: 5,00 seconds (recorded think time was 8,00 seconds).	[MsgId: MMSG-15947]
Action.c(91): Notify: Transaction "goto_itinerary" ended with a "Pass" status (Duration: 10,1645 Think Time: 10,0257).	[MsgId: MMSG-16872]
Action.c(93): Error: Cannot start transaction "delete". This Vuser already started a transaction with the same name, and has not yet processed the corresponding lr_end_transaction statement.	[MsgId: MERR-16993]
End auto log messages stack.	[MsgId: MMSG-10544]


Start auto log messages stack - Iteration 13.	[MsgId: MMSG-10545]
Action.c(79): Found resource "http://localhost:1080/WebTours/images/in_itinerary.gif" in HTML "http://localhost:1080/cgi-bin/nav.pl?page=menu&in=itinerary"  	[MsgId: MMSG-26659]
Action.c(79): Found resource "http://localhost:1080/WebTours/images/home.gif" in HTML "http://localhost:1080/cgi-bin/nav.pl?page=menu&in=itinerary"  	[MsgId: MMSG-26659]
Action.c(79): Resource "http://localhost:1080/WebTours/images/signoff.gif" is in the cache already and will not be downloaded again  	[MsgId: MMSG-26655]
Action.c(79): web_url("Itinerary Button") was successful, 20878 body bytes, 1921 header bytes, 59 chunking overhead bytes  	[MsgId: MMSG-26385]
Action.c(89): Think time - Waiting 5,00 seconds (according to limit).	[MsgId: MMSG-15946]
Action.c(89): lr_think_time: 5,00 seconds (recorded think time was 8,00 seconds).	[MsgId: MMSG-15947]
Action.c(91): Notify: Transaction "goto_itinerary" ended with a "Pass" status (Duration: 10,1578 Think Time: 10,0152).	[MsgId: MMSG-16872]
Action.c(93): Error: Cannot start transaction "delete". This Vuser already started a transaction with the same name, and has not yet processed the corresponding lr_end_transaction statement.	[MsgId: MERR-16993]
End auto log messages stack.	[MsgId: MMSG-10544]


Start auto log messages stack - Iteration 14.	[MsgId: MMSG-10545]
Action.c(79): Resource "http://localhost:1080/WebTours/images/signoff.gif" is in the cache already and will not be downloaded again  	[MsgId: MMSG-26655]
Action.c(79): Found resource "http://localhost:1080/WebTours/images/cancelreservation.gif" in HTML "http://localhost:1080/cgi-bin/itinerary.pl"  	[MsgId: MMSG-26659]
Action.c(79): Found resource "http://localhost:1080/WebTours/images/cancelallreservations.gif" in HTML "http://localhost:1080/cgi-bin/itinerary.pl"  	[MsgId: MMSG-26659]
Action.c(79): web_url("Itinerary Button") was successful, 25638 body bytes, 1919 header bytes, 68 chunking overhead bytes  	[MsgId: MMSG-26385]
Action.c(89): Think time - Waiting 5,00 seconds (according to limit).	[MsgId: MMSG-15946]
Action.c(89): lr_think_time: 5,00 seconds (recorded think time was 8,00 seconds).	[MsgId: MMSG-15947]
Action.c(91): Notify: Transaction "goto_itinerary" ended with a "Pass" status (Duration: 10,1611 Think Time: 10,0233).	[MsgId: MMSG-16872]
Action.c(93): Error: Cannot start transaction "delete". This Vuser already started a transaction with the same name, and has not yet processed the corresponding lr_end_transaction statement.	[MsgId: MERR-16993]
End auto log messages stack.	[MsgId: MMSG-10544]


Start auto log messages stack - Iteration 15.	[MsgId: MMSG-10545]
Action.c(79): Resource "http://localhost:1080/WebTours/images/signoff.gif" is in the cache already and will not be downloaded again  	[MsgId: MMSG-26655]
Action.c(79): Found resource "http://localhost:1080/WebTours/images/cancelreservation.gif" in HTML "http://localhost:1080/cgi-bin/itinerary.pl"  	[MsgId: MMSG-26659]
Action.c(79): Found resource "http://localhost:1080/WebTours/images/cancelallreservations.gif" in HTML "http://localhost:1080/cgi-bin/itinerary.pl"  	[MsgId: MMSG-26659]
Action.c(79): web_url("Itinerary Button") was successful, 19687 body bytes, 1921 header bytes, 59 chunking overhead bytes  	[MsgId: MMSG-26385]
Action.c(89): Think time - Waiting 5,00 seconds (according to limit).	[MsgId: MMSG-15946]
Action.c(89): lr_think_time: 5,00 seconds (recorded think time was 8,00 seconds).	[MsgId: MMSG-15947]
Action.c(91): Notify: Transaction "goto_itinerary" ended with a "Pass" status (Duration: 10,1584 Think Time: 10,0169).	[MsgId: MMSG-16872]
Action.c(93): Error: Cannot start transaction "delete". This Vuser already started a transaction with the same name, and has not yet processed the corresponding lr_end_transaction statement.	[MsgId: MERR-16993]
End auto log messages stack.	[MsgId: MMSG-10544]


Start auto log messages stack - Iteration 16.	[MsgId: MMSG-10545]
Action.c(79): Resource "http://localhost:1080/WebTours/images/signoff.gif" is in the cache already and will not be downloaded again  	[MsgId: MMSG-26655]
Action.c(79): Found resource "http://localhost:1080/WebTours/images/cancelreservation.gif" in HTML "http://localhost:1080/cgi-bin/itinerary.pl"  	[MsgId: MMSG-26659]
Action.c(79): Found resource "http://localhost:1080/WebTours/images/cancelallreservations.gif" in HTML "http://localhost:1080/cgi-bin/itinerary.pl"  	[MsgId: MMSG-26659]
Action.c(79): web_url("Itinerary Button") was successful, 16108 body bytes, 1920 header bytes, 51 chunking overhead bytes  	[MsgId: MMSG-26385]
Action.c(89): Think time - Waiting 5,00 seconds (according to limit).	[MsgId: MMSG-15946]
Action.c(89): lr_think_time: 5,00 seconds (recorded think time was 8,00 seconds).	[MsgId: MMSG-15947]
Action.c(91): Notify: Transaction "goto_itinerary" ended with a "Pass" status (Duration: 10,1483 Think Time: 10,0144).	[MsgId: MMSG-16872]
Action.c(93): Error: Cannot start transaction "delete". This Vuser already started a transaction with the same name, and has not yet processed the corresponding lr_end_transaction statement.	[MsgId: MERR-16993]
End auto log messages stack.	[MsgId: MMSG-10544]


Start auto log messages stack - Iteration 17.	[MsgId: MMSG-10545]
Action.c(79): Resource "http://localhost:1080/WebTours/images/signoff.gif" is in the cache already and will not be downloaded again  	[MsgId: MMSG-26655]
Action.c(79): Found resource "http://localhost:1080/WebTours/images/cancelreservation.gif" in HTML "http://localhost:1080/cgi-bin/itinerary.pl"  	[MsgId: MMSG-26659]
Action.c(79): Found resource "http://localhost:1080/WebTours/images/cancelallreservations.gif" in HTML "http://localhost:1080/cgi-bin/itinerary.pl"  	[MsgId: MMSG-26659]
Action.c(79): web_url("Itinerary Button") was successful, 17285 body bytes, 1921 header bytes, 58 chunking overhead bytes  	[MsgId: MMSG-26385]
Action.c(89): Think time - Waiting 5,00 seconds (according to limit).	[MsgId: MMSG-15946]
Action.c(89): lr_think_time: 5,00 seconds (recorded think time was 8,00 seconds).	[MsgId: MMSG-15947]
Action.c(91): Notify: Transaction "goto_itinerary" ended with a "Pass" status (Duration: 10,1533 Think Time: 10,0073).	[MsgId: MMSG-16872]
Action.c(93): Error: Cannot start transaction "delete". This Vuser already started a transaction with the same name, and has not yet processed the corresponding lr_end_transaction statement.	[MsgId: MERR-16993]
End auto log messages stack.	[MsgId: MMSG-10544]


Start auto log messages stack - Iteration 18.	[MsgId: MMSG-10545]
Action.c(79): Resource "http://localhost:1080/WebTours/images/signoff.gif" is in the cache already and will not be downloaded again  	[MsgId: MMSG-26655]
Action.c(79): Found resource "http://localhost:1080/WebTours/images/cancelreservation.gif" in HTML "http://localhost:1080/cgi-bin/itinerary.pl"  	[MsgId: MMSG-26659]
Action.c(79): Found resource "http://localhost:1080/WebTours/images/cancelallreservations.gif" in HTML "http://localhost:1080/cgi-bin/itinerary.pl"  	[MsgId: MMSG-26659]
Action.c(79): web_url("Itinerary Button") was successful, 17305 body bytes, 1922 header bytes, 52 chunking overhead bytes  	[MsgId: MMSG-26385]
Action.c(89): Think time - Waiting 5,00 seconds (according to limit).	[MsgId: MMSG-15946]
Action.c(89): lr_think_time: 5,00 seconds (recorded think time was 8,00 seconds).	[MsgId: MMSG-15947]
Action.c(91): Notify: Transaction "goto_itinerary" ended with a "Pass" status (Duration: 10,1289 Think Time: 10,0132).	[MsgId: MMSG-16872]
Action.c(93): Error: Cannot start transaction "delete". This Vuser already started a transaction with the same name, and has not yet processed the corresponding lr_end_transaction statement.	[MsgId: MERR-16993]
End auto log messages stack.	[MsgId: MMSG-10544]


Start auto log messages stack - Iteration 19.	[MsgId: MMSG-10545]
Action.c(79): Resource "http://localhost:1080/WebTours/images/signoff.gif" is in the cache already and will not be downloaded again  	[MsgId: MMSG-26655]
Action.c(79): Found resource "http://localhost:1080/WebTours/images/cancelreservation.gif" in HTML "http://localhost:1080/cgi-bin/itinerary.pl"  	[MsgId: MMSG-26659]
Action.c(79): Found resource "http://localhost:1080/WebTours/images/cancelallreservations.gif" in HTML "http://localhost:1080/cgi-bin/itinerary.pl"  	[MsgId: MMSG-26659]
Action.c(79): web_url("Itinerary Button") was successful, 17279 body bytes, 1921 header bytes, 58 chunking overhead bytes  	[MsgId: MMSG-26385]
Action.c(89): Think time - Waiting 5,00 seconds (according to limit).	[MsgId: MMSG-15946]
Action.c(89): lr_think_time: 5,00 seconds (recorded think time was 8,00 seconds).	[MsgId: MMSG-15947]
Action.c(91): Notify: Transaction "goto_itinerary" ended with a "Pass" status (Duration: 10,1686 Think Time: 10,0235).	[MsgId: MMSG-16872]
Action.c(93): Error: Cannot start transaction "delete". This Vuser already started a transaction with the same name, and has not yet processed the corresponding lr_end_transaction statement.	[MsgId: MERR-16993]
End auto log messages stack.	[MsgId: MMSG-10544]


Start auto log messages stack - Iteration 20.	[MsgId: MMSG-10545]
Action.c(79): Resource "http://localhost:1080/WebTours/images/signoff.gif" is in the cache already and will not be downloaded again  	[MsgId: MMSG-26655]
Action.c(79): Found resource "http://localhost:1080/WebTours/images/cancelreservation.gif" in HTML "http://localhost:1080/cgi-bin/itinerary.pl"  	[MsgId: MMSG-26659]
Action.c(79): Found resource "http://localhost:1080/WebTours/images/cancelallreservations.gif" in HTML "http://localhost:1080/cgi-bin/itinerary.pl"  	[MsgId: MMSG-26659]
Action.c(79): web_url("Itinerary Button") was successful, 16074 body bytes, 1921 header bytes, 51 chunking overhead bytes  	[MsgId: MMSG-26385]
Action.c(89): Think time - Waiting 5,00 seconds (according to limit).	[MsgId: MMSG-15946]
Action.c(89): lr_think_time: 5,00 seconds (recorded think time was 8,00 seconds).	[MsgId: MMSG-15947]
Action.c(91): Notify: Transaction "goto_itinerary" ended with a "Pass" status (Duration: 10,1852 Think Time: 10,0410).	[MsgId: MMSG-16872]
Action.c(93): Error: Cannot start transaction "delete". This Vuser already started a transaction with the same name, and has not yet processed the corresponding lr_end_transaction statement.	[MsgId: MERR-16993]
End auto log messages stack.	[MsgId: MMSG-10544]


Start auto log messages stack - Iteration 21.	[MsgId: MMSG-10545]
Action.c(79): Resource "http://localhost:1080/WebTours/images/signoff.gif" is in the cache already and will not be downloaded again  	[MsgId: MMSG-26655]
Action.c(79): Found resource "http://localhost:1080/WebTours/images/cancelreservation.gif" in HTML "http://localhost:1080/cgi-bin/itinerary.pl"  	[MsgId: MMSG-26659]
Action.c(79): Found resource "http://localhost:1080/WebTours/images/cancelallreservations.gif" in HTML "http://localhost:1080/cgi-bin/itinerary.pl"  	[MsgId: MMSG-26659]
Action.c(79): web_url("Itinerary Button") was successful, 42393 body bytes, 1919 header bytes, 107 chunking overhead bytes  	[MsgId: MMSG-26385]
Action.c(89): Think time - Waiting 5,00 seconds (according to limit).	[MsgId: MMSG-15946]
Action.c(89): lr_think_time: 5,00 seconds (recorded think time was 8,00 seconds).	[MsgId: MMSG-15947]
Action.c(91): Notify: Transaction "goto_itinerary" ended with a "Pass" status (Duration: 10,1517 Think Time: 10,0245).	[MsgId: MMSG-16872]
Action.c(93): Error: Cannot start transaction "delete". This Vuser already started a transaction with the same name, and has not yet processed the corresponding lr_end_transaction statement.	[MsgId: MERR-16993]
End auto log messages stack.	[MsgId: MMSG-10544]


Start auto log messages stack - Iteration 22.	[MsgId: MMSG-10545]
Action.c(79): Resource "http://localhost:1080/WebTours/images/signoff.gif" is in the cache already and will not be downloaded again  	[MsgId: MMSG-26655]
Action.c(79): Found resource "http://localhost:1080/WebTours/images/cancelreservation.gif" in HTML "http://localhost:1080/cgi-bin/itinerary.pl"  	[MsgId: MMSG-26659]
Action.c(79): Found resource "http://localhost:1080/WebTours/images/cancelallreservations.gif" in HTML "http://localhost:1080/cgi-bin/itinerary.pl"  	[MsgId: MMSG-26659]
Action.c(79): web_url("Itinerary Button") was successful, 30412 body bytes, 1919 header bytes, 76 chunking overhead bytes  	[MsgId: MMSG-26385]
Action.c(89): Think time - Waiting 5,00 seconds (according to limit).	[MsgId: MMSG-15946]
Action.c(89): lr_think_time: 5,00 seconds (recorded think time was 8,00 seconds).	[MsgId: MMSG-15947]
Action.c(91): Notify: Transaction "goto_itinerary" ended with a "Pass" status (Duration: 10,1381 Think Time: 10,0129).	[MsgId: MMSG-16872]
Action.c(93): Error: Cannot start transaction "delete". This Vuser already started a transaction with the same name, and has not yet processed the corresponding lr_end_transaction statement.	[MsgId: MERR-16993]
End auto log messages stack.	[MsgId: MMSG-10544]


Start auto log messages stack - Iteration 23.	[MsgId: MMSG-10545]
Action.c(79): Resource "http://localhost:1080/WebTours/images/signoff.gif" is in the cache already and will not be downloaded again  	[MsgId: MMSG-26655]
Action.c(79): Found resource "http://localhost:1080/WebTours/images/cancelreservation.gif" in HTML "http://localhost:1080/cgi-bin/itinerary.pl"  	[MsgId: MMSG-26659]
Action.c(79): Found resource "http://localhost:1080/WebTours/images/cancelallreservations.gif" in HTML "http://localhost:1080/cgi-bin/itinerary.pl"  	[MsgId: MMSG-26659]
Action.c(79): web_url("Itinerary Button") was successful, 23252 body bytes, 1921 header bytes, 67 chunking overhead bytes  	[MsgId: MMSG-26385]
Action.c(89): Think time - Waiting 5,00 seconds (according to limit).	[MsgId: MMSG-15946]
Action.c(89): lr_think_time: 5,00 seconds (recorded think time was 8,00 seconds).	[MsgId: MMSG-15947]
Action.c(91): Notify: Transaction "goto_itinerary" ended with a "Pass" status (Duration: 10,1297 Think Time: 10,0023).	[MsgId: MMSG-16872]
Action.c(93): Error: Cannot start transaction "delete". This Vuser already started a transaction with the same name, and has not yet processed the corresponding lr_end_transaction statement.	[MsgId: MERR-16993]
End auto log messages stack.	[MsgId: MMSG-10544]


Start auto log messages stack - Iteration 24.	[MsgId: MMSG-10545]
Action.c(79): Resource "http://localhost:1080/WebTours/images/signoff.gif" is in the cache already and will not be downloaded again  	[MsgId: MMSG-26655]
Action.c(79): Found resource "http://localhost:1080/WebTours/images/cancelreservation.gif" in HTML "http://localhost:1080/cgi-bin/itinerary.pl"  	[MsgId: MMSG-26659]
Action.c(79): Found resource "http://localhost:1080/WebTours/images/cancelallreservations.gif" in HTML "http://localhost:1080/cgi-bin/itinerary.pl"  	[MsgId: MMSG-26659]
Action.c(79): web_url("Itinerary Button") was successful, 28024 body bytes, 1919 header bytes, 75 chunking overhead bytes  	[MsgId: MMSG-26385]
Action.c(89): Think time - Waiting 5,00 seconds (according to limit).	[MsgId: MMSG-15946]
Action.c(89): lr_think_time: 5,00 seconds (recorded think time was 8,00 seconds).	[MsgId: MMSG-15947]
Action.c(91): Notify: Transaction "goto_itinerary" ended with a "Pass" status (Duration: 10,1410 Think Time: 10,0220).	[MsgId: MMSG-16872]
Action.c(93): Error: Cannot start transaction "delete". This Vuser already started a transaction with the same name, and has not yet processed the corresponding lr_end_transaction statement.	[MsgId: MERR-16993]
End auto log messages stack.	[MsgId: MMSG-10544]


Start auto log messages stack - Iteration 25.	[MsgId: MMSG-10545]
Action.c(79): Resource "http://localhost:1080/WebTours/images/signoff.gif" is in the cache already and will not be downloaded again  	[MsgId: MMSG-26655]
Action.c(79): Found resource "http://localhost:1080/WebTours/images/cancelreservation.gif" in HTML "http://localhost:1080/cgi-bin/itinerary.pl"  	[MsgId: MMSG-26659]
Action.c(79): Found resource "http://localhost:1080/WebTours/images/cancelallreservations.gif" in HTML "http://localhost:1080/cgi-bin/itinerary.pl"  	[MsgId: MMSG-26659]
Action.c(79): web_url("Itinerary Button") was successful, 20866 body bytes, 1919 header bytes, 59 chunking overhead bytes  	[MsgId: MMSG-26385]
Action.c(89): Think time - Waiting 5,00 seconds (according to limit).	[MsgId: MMSG-15946]
Action.c(89): lr_think_time: 5,00 seconds (recorded think time was 8,00 seconds).	[MsgId: MMSG-15947]
Action.c(91): Notify: Transaction "goto_itinerary" ended with a "Pass" status (Duration: 10,1455 Think Time: 10,0105).	[MsgId: MMSG-16872]
Action.c(93): Error: Cannot start transaction "delete". This Vuser already started a transaction with the same name, and has not yet processed the corresponding lr_end_transaction statement.	[MsgId: MERR-16993]
End auto log messages stack.	[MsgId: MMSG-10544]


Start auto log messages stack - Iteration 26.	[MsgId: MMSG-10545]
Action.c(79): Resource "http://localhost:1080/WebTours/images/signoff.gif" is in the cache already and will not be downloaded again  	[MsgId: MMSG-26655]
Action.c(79): Found resource "http://localhost:1080/WebTours/images/cancelreservation.gif" in HTML "http://localhost:1080/cgi-bin/itinerary.pl"  	[MsgId: MMSG-26659]
Action.c(79): Found resource "http://localhost:1080/WebTours/images/cancelallreservations.gif" in HTML "http://localhost:1080/cgi-bin/itinerary.pl"  	[MsgId: MMSG-26659]
Action.c(79): web_url("Itinerary Button") was successful, 17298 body bytes, 1920 header bytes, 52 chunking overhead bytes  	[MsgId: MMSG-26385]
Action.c(89): Think time - Waiting 5,00 seconds (according to limit).	[MsgId: MMSG-15946]
Action.c(89): lr_think_time: 5,00 seconds (recorded think time was 8,00 seconds).	[MsgId: MMSG-15947]
Action.c(91): Notify: Transaction "goto_itinerary" ended with a "Pass" status (Duration: 10,1201 Think Time: 10,0145).	[MsgId: MMSG-16872]
Action.c(93): Error: Cannot start transaction "delete". This Vuser already started a transaction with the same name, and has not yet processed the corresponding lr_end_transaction statement.	[MsgId: MERR-16993]
End auto log messages stack.	[MsgId: MMSG-10544]


Start auto log messages stack - Iteration 27.	[MsgId: MMSG-10545]
Action.c(79): Resource "http://localhost:1080/WebTours/images/signoff.gif" is in the cache already and will not be downloaded again  	[MsgId: MMSG-26655]
Action.c(79): Found resource "http://localhost:1080/WebTours/images/cancelreservation.gif" in HTML "http://localhost:1080/cgi-bin/itinerary.pl"  	[MsgId: MMSG-26659]
Action.c(79): Found resource "http://localhost:1080/WebTours/images/cancelallreservations.gif" in HTML "http://localhost:1080/cgi-bin/itinerary.pl"  	[MsgId: MMSG-26659]
Action.c(79): web_url("Itinerary Button") was successful, 18482 body bytes, 1919 header bytes, 59 chunking overhead bytes  	[MsgId: MMSG-26385]
Action.c(89): Think time - Waiting 5,00 seconds (according to limit).	[MsgId: MMSG-15946]
Action.c(89): lr_think_time: 5,00 seconds (recorded think time was 8,00 seconds).	[MsgId: MMSG-15947]
Action.c(91): Notify: Transaction "goto_itinerary" ended with a "Pass" status (Duration: 10,1280 Think Time: 10,0063).	[MsgId: MMSG-16872]
Action.c(93): Error: Cannot start transaction "delete". This Vuser already started a transaction with the same name, and has not yet processed the corresponding lr_end_transaction statement.	[MsgId: MERR-16993]
End auto log messages stack.	[MsgId: MMSG-10544]


Start auto log messages stack - Iteration 28.	[MsgId: MMSG-10545]
Action.c(79): Resource "http://localhost:1080/WebTours/images/signoff.gif" is in the cache already and will not be downloaded again  	[MsgId: MMSG-26655]
Action.c(79): Found resource "http://localhost:1080/WebTours/images/cancelreservation.gif" in HTML "http://localhost:1080/cgi-bin/itinerary.pl"  	[MsgId: MMSG-26659]
Action.c(79): Found resource "http://localhost:1080/WebTours/images/cancelallreservations.gif" in HTML "http://localhost:1080/cgi-bin/itinerary.pl"  	[MsgId: MMSG-26659]
Action.c(79): web_url("Itinerary Button") was successful, 17295 body bytes, 1920 header bytes, 52 chunking overhead bytes  	[MsgId: MMSG-26385]
Action.c(89): Think time - Waiting 5,00 seconds (according to limit).	[MsgId: MMSG-15946]
Action.c(89): lr_think_time: 5,00 seconds (recorded think time was 8,00 seconds).	[MsgId: MMSG-15947]
Action.c(91): Notify: Transaction "goto_itinerary" ended with a "Pass" status (Duration: 10,1632 Think Time: 10,0212).	[MsgId: MMSG-16872]
Action.c(93): Error: Cannot start transaction "delete". This Vuser already started a transaction with the same name, and has not yet processed the corresponding lr_end_transaction statement.	[MsgId: MERR-16993]
End auto log messages stack.	[MsgId: MMSG-10544]


Start auto log messages stack - Iteration 29.	[MsgId: MMSG-10545]
Action.c(79): Resource "http://localhost:1080/WebTours/images/signoff.gif" is in the cache already and will not be downloaded again  	[MsgId: MMSG-26655]
Action.c(79): Found resource "http://localhost:1080/WebTours/images/cancelreservation.gif" in HTML "http://localhost:1080/cgi-bin/itinerary.pl"  	[MsgId: MMSG-26659]
Action.c(79): Found resource "http://localhost:1080/WebTours/images/cancelallreservations.gif" in HTML "http://localhost:1080/cgi-bin/itinerary.pl"  	[MsgId: MMSG-26659]
Action.c(79): web_url("Itinerary Button") was successful, 17287 body bytes, 1920 header bytes, 52 chunking overhead bytes  	[MsgId: MMSG-26385]
Action.c(89): Think time - Waiting 5,00 seconds (according to limit).	[MsgId: MMSG-15946]
Action.c(89): lr_think_time: 5,00 seconds (recorded think time was 8,00 seconds).	[MsgId: MMSG-15947]
Action.c(91): Notify: Transaction "goto_itinerary" ended with a "Pass" status (Duration: 10,1432 Think Time: 10,0258).	[MsgId: MMSG-16872]
Action.c(93): Error: Cannot start transaction "delete". This Vuser already started a transaction with the same name, and has not yet processed the corresponding lr_end_transaction statement.	[MsgId: MERR-16993]
End auto log messages stack.	[MsgId: MMSG-10544]


Start auto log messages stack - Iteration 30.	[MsgId: MMSG-10545]
Action.c(79): Resource "http://localhost:1080/WebTours/images/signoff.gif" is in the cache already and will not be downloaded again  	[MsgId: MMSG-26655]
Action.c(79): Found resource "http://localhost:1080/WebTours/images/cancelreservation.gif" in HTML "http://localhost:1080/cgi-bin/itinerary.pl"  	[MsgId: MMSG-26659]
Action.c(79): Found resource "http://localhost:1080/WebTours/images/cancelallreservations.gif" in HTML "http://localhost:1080/cgi-bin/itinerary.pl"  	[MsgId: MMSG-26659]
Action.c(79): web_url("Itinerary Button") was successful, 14887 body bytes, 1919 header bytes, 51 chunking overhead bytes  	[MsgId: MMSG-26385]
Action.c(89): Think time - Waiting 5,00 seconds (according to limit).	[MsgId: MMSG-15946]
Action.c(89): lr_think_time: 5,00 seconds (recorded think time was 8,00 seconds).	[MsgId: MMSG-15947]
Action.c(91): Notify: Transaction "goto_itinerary" ended with a "Pass" status (Duration: 10,1399 Think Time: 10,0223).	[MsgId: MMSG-16872]
Action.c(93): Error: Cannot start transaction "delete". This Vuser already started a transaction with the same name, and has not yet processed the corresponding lr_end_transaction statement.	[MsgId: MERR-16993]
End auto log messages stack.	[MsgId: MMSG-10544]


Start auto log messages stack - Iteration 31.	[MsgId: MMSG-10545]
Action.c(79): Resource "http://localhost:1080/WebTours/images/signoff.gif" is in the cache already and will not be downloaded again  	[MsgId: MMSG-26655]
Action.c(79): Found resource "http://localhost:1080/WebTours/images/cancelreservation.gif" in HTML "http://localhost:1080/cgi-bin/itinerary.pl"  	[MsgId: MMSG-26659]
Action.c(79): Found resource "http://localhost:1080/WebTours/images/cancelallreservations.gif" in HTML "http://localhost:1080/cgi-bin/itinerary.pl"  	[MsgId: MMSG-26659]
Action.c(79): web_url("Itinerary Button") was successful, 41194 body bytes, 1921 header bytes, 99 chunking overhead bytes  	[MsgId: MMSG-26385]
Action.c(89): Think time - Waiting 5,00 seconds (according to limit).	[MsgId: MMSG-15946]
Action.c(89): lr_think_time: 5,00 seconds (recorded think time was 8,00 seconds).	[MsgId: MMSG-15947]
Action.c(91): Notify: Transaction "goto_itinerary" ended with a "Pass" status (Duration: 10,1439 Think Time: 10,0129).	[MsgId: MMSG-16872]
Action.c(93): Error: Cannot start transaction "delete". This Vuser already started a transaction with the same name, and has not yet processed the corresponding lr_end_transaction statement.	[MsgId: MERR-16993]
End auto log messages stack.	[MsgId: MMSG-10544]


Start auto log messages stack - Iteration 32.	[MsgId: MMSG-10545]
Action.c(79): Resource "http://localhost:1080/WebTours/images/signoff.gif" is in the cache already and will not be downloaded again  	[MsgId: MMSG-26655]
Action.c(79): Found resource "http://localhost:1080/WebTours/images/cancelreservation.gif" in HTML "http://localhost:1080/cgi-bin/itinerary.pl"  	[MsgId: MMSG-26659]
Action.c(79): Found resource "http://localhost:1080/WebTours/images/cancelallreservations.gif" in HTML "http://localhost:1080/cgi-bin/itinerary.pl"  	[MsgId: MMSG-26659]
Action.c(79): web_url("Itinerary Button") was successful, 29219 body bytes, 1921 header bytes, 75 chunking overhead bytes  	[MsgId: MMSG-26385]
Action.c(89): Think time - Waiting 5,00 seconds (according to limit).	[MsgId: MMSG-15946]
Action.c(89): lr_think_time: 5,00 seconds (recorded think time was 8,00 seconds).	[MsgId: MMSG-15947]
Action.c(91): Notify: Transaction "goto_itinerary" ended with a "Pass" status (Duration: 10,1310 Think Time: 10,0045).	[MsgId: MMSG-16872]
Action.c(93): Error: Cannot start transaction "delete". This Vuser already started a transaction with the same name, and has not yet processed the corresponding lr_end_transaction statement.	[MsgId: MERR-16993]
End auto log messages stack.	[MsgId: MMSG-10544]


Start auto log messages stack - Iteration 33.	[MsgId: MMSG-10545]
Action.c(79): Resource "http://localhost:1080/WebTours/images/signoff.gif" is in the cache already and will not be downloaded again  	[MsgId: MMSG-26655]
Action.c(79): Found resource "http://localhost:1080/WebTours/images/cancelreservation.gif" in HTML "http://localhost:1080/cgi-bin/itinerary.pl"  	[MsgId: MMSG-26659]
Action.c(79): Found resource "http://localhost:1080/WebTours/images/cancelallreservations.gif" in HTML "http://localhost:1080/cgi-bin/itinerary.pl"  	[MsgId: MMSG-26659]
Action.c(79): web_url("Itinerary Button") was successful, 22056 body bytes, 1919 header bytes, 67 chunking overhead bytes  	[MsgId: MMSG-26385]
Action.c(89): Think time - Waiting 5,00 seconds (according to limit).	[MsgId: MMSG-15946]
Action.c(89): lr_think_time: 5,00 seconds (recorded think time was 8,00 seconds).	[MsgId: MMSG-15947]
Action.c(91): Notify: Transaction "goto_itinerary" ended with a "Pass" status (Duration: 10,1487 Think Time: 10,0313).	[MsgId: MMSG-16872]
Action.c(93): Error: Cannot start transaction "delete". This Vuser already started a transaction with the same name, and has not yet processed the corresponding lr_end_transaction statement.	[MsgId: MERR-16993]
End auto log messages stack.	[MsgId: MMSG-10544]


Start auto log messages stack - Iteration 34.	[MsgId: MMSG-10545]
Action.c(79): Resource "http://localhost:1080/WebTours/images/signoff.gif" is in the cache already and will not be downloaded again  	[MsgId: MMSG-26655]
Action.c(79): Found resource "http://localhost:1080/WebTours/images/cancelreservation.gif" in HTML "http://localhost:1080/cgi-bin/itinerary.pl"  	[MsgId: MMSG-26659]
Action.c(79): Found resource "http://localhost:1080/WebTours/images/cancelallreservations.gif" in HTML "http://localhost:1080/cgi-bin/itinerary.pl"  	[MsgId: MMSG-26659]
Action.c(79): web_url("Itinerary Button") was successful, 26831 body bytes, 1921 header bytes, 75 chunking overhead bytes  	[MsgId: MMSG-26385]
Action.c(89): Think time - Waiting 5,00 seconds (according to limit).	[MsgId: MMSG-15946]
Action.c(89): lr_think_time: 5,00 seconds (recorded think time was 8,00 seconds).	[MsgId: MMSG-15947]
Action.c(91): Notify: Transaction "goto_itinerary" ended with a "Pass" status (Duration: 10,1818 Think Time: 10,0277).	[MsgId: MMSG-16872]
Action.c(93): Error: Cannot start transaction "delete". This Vuser already started a transaction with the same name, and has not yet processed the corresponding lr_end_transaction statement.	[MsgId: MERR-16993]
End auto log messages stack.	[MsgId: MMSG-10544]


Start auto log messages stack - Iteration 35.	[MsgId: MMSG-10545]
Action.c(79): Resource "http://localhost:1080/WebTours/images/signoff.gif" is in the cache already and will not be downloaded again  	[MsgId: MMSG-26655]
Action.c(79): Found resource "http://localhost:1080/WebTours/images/cancelreservation.gif" in HTML "http://localhost:1080/cgi-bin/itinerary.pl"  	[MsgId: MMSG-26659]
Action.c(79): Found resource "http://localhost:1080/WebTours/images/cancelallreservations.gif" in HTML "http://localhost:1080/cgi-bin/itinerary.pl"  	[MsgId: MMSG-26659]
Action.c(79): web_url("Itinerary Button") was successful, 20872 body bytes, 1921 header bytes, 59 chunking overhead bytes  	[MsgId: MMSG-26385]
Action.c(89): Think time - Waiting 5,00 seconds (according to limit).	[MsgId: MMSG-15946]
Action.c(89): lr_think_time: 5,00 seconds (recorded think time was 8,00 seconds).	[MsgId: MMSG-15947]
Action.c(91): Notify: Transaction "goto_itinerary" ended with a "Pass" status (Duration: 10,1481 Think Time: 10,0263).	[MsgId: MMSG-16872]
Action.c(93): Error: Cannot start transaction "delete". This Vuser already started a transaction with the same name, and has not yet processed the corresponding lr_end_transaction statement.	[MsgId: MERR-16993]
End auto log messages stack.	[MsgId: MMSG-10544]


Start auto log messages stack - Iteration 36.	[MsgId: MMSG-10545]
Action.c(79): Resource "http://localhost:1080/WebTours/images/signoff.gif" is in the cache already and will not be downloaded again  	[MsgId: MMSG-26655]
Action.c(79): Found resource "http://localhost:1080/WebTours/images/cancelreservation.gif" in HTML "http://localhost:1080/cgi-bin/itinerary.pl"  	[MsgId: MMSG-26659]
Action.c(79): Found resource "http://localhost:1080/WebTours/images/cancelallreservations.gif" in HTML "http://localhost:1080/cgi-bin/itinerary.pl"  	[MsgId: MMSG-26659]
Action.c(79): web_url("Itinerary Button") was successful, 17290 body bytes, 1921 header bytes, 58 chunking overhead bytes  	[MsgId: MMSG-26385]
Action.c(89): Think time - Waiting 5,00 seconds (according to limit).	[MsgId: MMSG-15946]
Action.c(89): lr_think_time: 5,00 seconds (recorded think time was 8,00 seconds).	[MsgId: MMSG-15947]
Action.c(91): Notify: Transaction "goto_itinerary" ended with a "Pass" status (Duration: 10,1663 Think Time: 10,0260).	[MsgId: MMSG-16872]
Action.c(93): Error: Cannot start transaction "delete". This Vuser already started a transaction with the same name, and has not yet processed the corresponding lr_end_transaction statement.	[MsgId: MERR-16993]
End auto log messages stack.	[MsgId: MMSG-10544]


Start auto log messages stack - Iteration 37.	[MsgId: MMSG-10545]
Action.c(79): Resource "http://localhost:1080/WebTours/images/signoff.gif" is in the cache already and will not be downloaded again  	[MsgId: MMSG-26655]
Action.c(79): Found resource "http://localhost:1080/WebTours/images/cancelreservation.gif" in HTML "http://localhost:1080/cgi-bin/itinerary.pl"  	[MsgId: MMSG-26659]
Action.c(79): Found resource "http://localhost:1080/WebTours/images/cancelallreservations.gif" in HTML "http://localhost:1080/cgi-bin/itinerary.pl"  	[MsgId: MMSG-26659]
Action.c(79): web_url("Itinerary Button") was successful, 18486 body bytes, 1921 header bytes, 59 chunking overhead bytes  	[MsgId: MMSG-26385]
Action.c(89): Think time - Waiting 5,00 seconds (according to limit).	[MsgId: MMSG-15946]
Action.c(89): lr_think_time: 5,00 seconds (recorded think time was 8,00 seconds).	[MsgId: MMSG-15947]
Action.c(91): Notify: Transaction "goto_itinerary" ended with a "Pass" status (Duration: 10,1555 Think Time: 10,0270).	[MsgId: MMSG-16872]
Action.c(93): Error: Cannot start transaction "delete". This Vuser already started a transaction with the same name, and has not yet processed the corresponding lr_end_transaction statement.	[MsgId: MERR-16993]
End auto log messages stack.	[MsgId: MMSG-10544]


Start auto log messages stack - Iteration 38.	[MsgId: MMSG-10545]
Action.c(79): Resource "http://localhost:1080/WebTours/images/signoff.gif" is in the cache already and will not be downloaded again  	[MsgId: MMSG-26655]
Action.c(79): Found resource "http://localhost:1080/WebTours/images/cancelreservation.gif" in HTML "http://localhost:1080/cgi-bin/itinerary.pl"  	[MsgId: MMSG-26659]
Action.c(79): Found resource "http://localhost:1080/WebTours/images/cancelallreservations.gif" in HTML "http://localhost:1080/cgi-bin/itinerary.pl"  	[MsgId: MMSG-26659]
Action.c(79): web_url("Itinerary Button") was successful, 18496 body bytes, 1921 header bytes, 59 chunking overhead bytes  	[MsgId: MMSG-26385]
Action.c(89): Think time - Waiting 5,00 seconds (according to limit).	[MsgId: MMSG-15946]
Action.c(89): lr_think_time: 5,00 seconds (recorded think time was 8,00 seconds).	[MsgId: MMSG-15947]
Action.c(91): Notify: Transaction "goto_itinerary" ended with a "Pass" status (Duration: 10,1606 Think Time: 10,0233).	[MsgId: MMSG-16872]
Action.c(93): Error: Cannot start transaction "delete". This Vuser already started a transaction with the same name, and has not yet processed the corresponding lr_end_transaction statement.	[MsgId: MERR-16993]
End auto log messages stack.	[MsgId: MMSG-10544]


Start auto log messages stack - Iteration 39.	[MsgId: MMSG-10545]
Action.c(79): Resource "http://localhost:1080/WebTours/images/signoff.gif" is in the cache already and will not be downloaded again  	[MsgId: MMSG-26655]
Action.c(79): Found resource "http://localhost:1080/WebTours/images/cancelreservation.gif" in HTML "http://localhost:1080/cgi-bin/itinerary.pl"  	[MsgId: MMSG-26659]
Action.c(79): Found resource "http://localhost:1080/WebTours/images/cancelallreservations.gif" in HTML "http://localhost:1080/cgi-bin/itinerary.pl"  	[MsgId: MMSG-26659]
Action.c(79): web_url("Itinerary Button") was successful, 18475 body bytes, 1919 header bytes, 59 chunking overhead bytes  	[MsgId: MMSG-26385]
Action.c(89): Think time - Waiting 5,00 seconds (according to limit).	[MsgId: MMSG-15946]
Action.c(89): lr_think_time: 5,00 seconds (recorded think time was 8,00 seconds).	[MsgId: MMSG-15947]
Action.c(91): Notify: Transaction "goto_itinerary" ended with a "Pass" status (Duration: 10,1591 Think Time: 10,0254).	[MsgId: MMSG-16872]
Action.c(93): Error: Cannot start transaction "delete". This Vuser already started a transaction with the same name, and has not yet processed the corresponding lr_end_transaction statement.	[MsgId: MERR-16993]
End auto log messages stack.	[MsgId: MMSG-10544]


Start auto log messages stack - Iteration 40.	[MsgId: MMSG-10545]
Action.c(79): Resource "http://localhost:1080/WebTours/images/signoff.gif" is in the cache already and will not be downloaded again  	[MsgId: MMSG-26655]
Action.c(79): Found resource "http://localhost:1080/WebTours/images/cancelreservation.gif" in HTML "http://localhost:1080/cgi-bin/itinerary.pl"  	[MsgId: MMSG-26659]
Action.c(79): Found resource "http://localhost:1080/WebTours/images/cancelallreservations.gif" in HTML "http://localhost:1080/cgi-bin/itinerary.pl"  	[MsgId: MMSG-26659]
Action.c(79): web_url("Itinerary Button") was successful, 18465 body bytes, 1919 header bytes, 59 chunking overhead bytes  	[MsgId: MMSG-26385]
Action.c(89): Think time - Waiting 5,00 seconds (according to limit).	[MsgId: MMSG-15946]
Action.c(89): lr_think_time: 5,00 seconds (recorded think time was 8,00 seconds).	[MsgId: MMSG-15947]
Action.c(91): Notify: Transaction "goto_itinerary" ended with a "Pass" status (Duration: 10,1456 Think Time: 10,0093).	[MsgId: MMSG-16872]
Action.c(93): Error: Cannot start transaction "delete". This Vuser already started a transaction with the same name, and has not yet processed the corresponding lr_end_transaction statement.	[MsgId: MERR-16993]
End auto log messages stack.	[MsgId: MMSG-10544]


Start auto log messages stack - Iteration 41.	[MsgId: MMSG-10545]
Action.c(79): Resource "http://localhost:1080/WebTours/images/signoff.gif" is in the cache already and will not be downloaded again  	[MsgId: MMSG-26655]
Action.c(79): Found resource "http://localhost:1080/WebTours/images/cancelreservation.gif" in HTML "http://localhost:1080/cgi-bin/itinerary.pl"  	[MsgId: MMSG-26659]
Action.c(79): Found resource "http://localhost:1080/WebTours/images/cancelallreservations.gif" in HTML "http://localhost:1080/cgi-bin/itinerary.pl"  	[MsgId: MMSG-26659]
Action.c(79): web_url("Itinerary Button") was successful, 43579 body bytes, 1921 header bytes, 107 chunking overhead bytes  	[MsgId: MMSG-26385]
Action.c(89): Think time - Waiting 5,00 seconds (according to limit).	[MsgId: MMSG-15946]
Action.c(89): lr_think_time: 5,00 seconds (recorded think time was 8,00 seconds).	[MsgId: MMSG-15947]
Action.c(91): Notify: Transaction "goto_itinerary" ended with a "Pass" status (Duration: 10,1559 Think Time: 10,0226).	[MsgId: MMSG-16872]
Action.c(93): Error: Cannot start transaction "delete". This Vuser already started a transaction with the same name, and has not yet processed the corresponding lr_end_transaction statement.	[MsgId: MERR-16993]
End auto log messages stack.	[MsgId: MMSG-10544]


Start auto log messages stack - Iteration 42.	[MsgId: MMSG-10545]
Action.c(79): Resource "http://localhost:1080/WebTours/images/signoff.gif" is in the cache already and will not be downloaded again  	[MsgId: MMSG-26655]
Action.c(79): Found resource "http://localhost:1080/WebTours/images/cancelreservation.gif" in HTML "http://localhost:1080/cgi-bin/itinerary.pl"  	[MsgId: MMSG-26659]
Action.c(79): Found resource "http://localhost:1080/WebTours/images/cancelallreservations.gif" in HTML "http://localhost:1080/cgi-bin/itinerary.pl"  	[MsgId: MMSG-26659]
Action.c(79): web_url("Itinerary Button") was successful, 31626 body bytes, 1919 header bytes, 83 chunking overhead bytes  	[MsgId: MMSG-26385]
Action.c(89): Think time - Waiting 5,00 seconds (according to limit).	[MsgId: MMSG-15946]
Action.c(89): lr_think_time: 5,00 seconds (recorded think time was 8,00 seconds).	[MsgId: MMSG-15947]
Action.c(91): Notify: Transaction "goto_itinerary" ended with a "Pass" status (Duration: 10,1407 Think Time: 10,0212).	[MsgId: MMSG-16872]
Action.c(93): Error: Cannot start transaction "delete". This Vuser already started a transaction with the same name, and has not yet processed the corresponding lr_end_transaction statement.	[MsgId: MERR-16993]
End auto log messages stack.	[MsgId: MMSG-10544]


Start auto log messages stack - Iteration 43.	[MsgId: MMSG-10545]
Action.c(79): Resource "http://localhost:1080/WebTours/images/signoff.gif" is in the cache already and will not be downloaded again  	[MsgId: MMSG-26655]
Action.c(79): Found resource "http://localhost:1080/WebTours/images/cancelreservation.gif" in HTML "http://localhost:1080/cgi-bin/itinerary.pl"  	[MsgId: MMSG-26659]
Action.c(79): Found resource "http://localhost:1080/WebTours/images/cancelallreservations.gif" in HTML "http://localhost:1080/cgi-bin/itinerary.pl"  	[MsgId: MMSG-26659]
Action.c(79): web_url("Itinerary Button") was successful, 24439 body bytes, 1921 header bytes, 67 chunking overhead bytes  	[MsgId: MMSG-26385]
Action.c(89): Think time - Waiting 5,00 seconds (according to limit).	[MsgId: MMSG-15946]
Action.c(89): lr_think_time: 5,00 seconds (recorded think time was 8,00 seconds).	[MsgId: MMSG-15947]
Action.c(91): Notify: Transaction "goto_itinerary" ended with a "Pass" status (Duration: 10,1613 Think Time: 10,0258).	[MsgId: MMSG-16872]
Action.c(93): Error: Cannot start transaction "delete". This Vuser already started a transaction with the same name, and has not yet processed the corresponding lr_end_transaction statement.	[MsgId: MERR-16993]
End auto log messages stack.	[MsgId: MMSG-10544]


Start auto log messages stack - Iteration 44.	[MsgId: MMSG-10545]
Action.c(79): Resource "http://localhost:1080/WebTours/images/signoff.gif" is in the cache already and will not be downloaded again  	[MsgId: MMSG-26655]
Action.c(79): Found resource "http://localhost:1080/WebTours/images/cancelreservation.gif" in HTML "http://localhost:1080/cgi-bin/itinerary.pl"  	[MsgId: MMSG-26659]
Action.c(79): Found resource "http://localhost:1080/WebTours/images/cancelallreservations.gif" in HTML "http://localhost:1080/cgi-bin/itinerary.pl"  	[MsgId: MMSG-26659]
Action.c(79): web_url("Itinerary Button") was successful, 29222 body bytes, 1921 header bytes, 75 chunking overhead bytes  	[MsgId: MMSG-26385]
Action.c(89): Think time - Waiting 5,00 seconds (according to limit).	[MsgId: MMSG-15946]
Action.c(89): lr_think_time: 5,00 seconds (recorded think time was 8,00 seconds).	[MsgId: MMSG-15947]
Action.c(91): Notify: Transaction "goto_itinerary" ended with a "Pass" status (Duration: 10,1654 Think Time: 10,0060).	[MsgId: MMSG-16872]
Action.c(93): Error: Cannot start transaction "delete". This Vuser already started a transaction with the same name, and has not yet processed the corresponding lr_end_transaction statement.	[MsgId: MERR-16993]
End auto log messages stack.	[MsgId: MMSG-10544]


Start auto log messages stack - Iteration 45.	[MsgId: MMSG-10545]
Action.c(79): Resource "http://localhost:1080/WebTours/images/signoff.gif" is in the cache already and will not be downloaded again  	[MsgId: MMSG-26655]
Action.c(79): Found resource "http://localhost:1080/WebTours/images/cancelreservation.gif" in HTML "http://localhost:1080/cgi-bin/itinerary.pl"  	[MsgId: MMSG-26659]
Action.c(79): Found resource "http://localhost:1080/WebTours/images/cancelallreservations.gif" in HTML "http://localhost:1080/cgi-bin/itinerary.pl"  	[MsgId: MMSG-26659]
Action.c(79): web_url("Itinerary Button") was successful, 23265 body bytes, 1921 header bytes, 67 chunking overhead bytes  	[MsgId: MMSG-26385]
Action.c(89): Think time - Waiting 5,00 seconds (according to limit).	[MsgId: MMSG-15946]
Action.c(89): lr_think_time: 5,00 seconds (recorded think time was 8,00 seconds).	[MsgId: MMSG-15947]
Action.c(91): Notify: Transaction "goto_itinerary" ended with a "Pass" status (Duration: 10,1463 Think Time: 10,0143).	[MsgId: MMSG-16872]
Action.c(93): Error: Cannot start transaction "delete". This Vuser already started a transaction with the same name, and has not yet processed the corresponding lr_end_transaction statement.	[MsgId: MERR-16993]
End auto log messages stack.	[MsgId: MMSG-10544]


Start auto log messages stack - Iteration 46.	[MsgId: MMSG-10545]
Action.c(79): Resource "http://localhost:1080/WebTours/images/signoff.gif" is in the cache already and will not be downloaded again  	[MsgId: MMSG-26655]
Action.c(79): Found resource "http://localhost:1080/WebTours/images/cancelreservation.gif" in HTML "http://localhost:1080/cgi-bin/itinerary.pl"  	[MsgId: MMSG-26659]
Action.c(79): Found resource "http://localhost:1080/WebTours/images/cancelallreservations.gif" in HTML "http://localhost:1080/cgi-bin/itinerary.pl"  	[MsgId: MMSG-26659]
Action.c(79): web_url("Itinerary Button") was successful, 19658 body bytes, 1919 header bytes, 59 chunking overhead bytes  	[MsgId: MMSG-26385]
Action.c(89): Think time - Waiting 5,00 seconds (according to limit).	[MsgId: MMSG-15946]
Action.c(89): lr_think_time: 5,00 seconds (recorded think time was 8,00 seconds).	[MsgId: MMSG-15947]
Action.c(91): Notify: Transaction "goto_itinerary" ended with a "Pass" status (Duration: 10,1592 Think Time: 10,0143).	[MsgId: MMSG-16872]
Action.c(93): Error: Cannot start transaction "delete". This Vuser already started a transaction with the same name, and has not yet processed the corresponding lr_end_transaction statement.	[MsgId: MERR-16993]
End auto log messages stack.	[MsgId: MMSG-10544]


Start auto log messages stack - Iteration 47.	[MsgId: MMSG-10545]
Action.c(79): Resource "http://localhost:1080/WebTours/images/signoff.gif" is in the cache already and will not be downloaded again  	[MsgId: MMSG-26655]
Action.c(79): Found resource "http://localhost:1080/WebTours/images/cancelreservation.gif" in HTML "http://localhost:1080/cgi-bin/itinerary.pl"  	[MsgId: MMSG-26659]
Action.c(79): Found resource "http://localhost:1080/WebTours/images/cancelallreservations.gif" in HTML "http://localhost:1080/cgi-bin/itinerary.pl"  	[MsgId: MMSG-26659]
Action.c(79): web_url("Itinerary Button") was successful, 20876 body bytes, 1919 header bytes, 59 chunking overhead bytes  	[MsgId: MMSG-26385]
Action.c(89): Think time - Waiting 5,00 seconds (according to limit).	[MsgId: MMSG-15946]
Action.c(89): lr_think_time: 5,00 seconds (recorded think time was 8,00 seconds).	[MsgId: MMSG-15947]
Action.c(91): Notify: Transaction "goto_itinerary" ended with a "Pass" status (Duration: 10,1592 Think Time: 10,0113).	[MsgId: MMSG-16872]
Action.c(93): Error: Cannot start transaction "delete". This Vuser already started a transaction with the same name, and has not yet processed the corresponding lr_end_transaction statement.	[MsgId: MERR-16993]
End auto log messages stack.	[MsgId: MMSG-10544]


Start auto log messages stack - Iteration 48.	[MsgId: MMSG-10545]
Action.c(79): Resource "http://localhost:1080/WebTours/images/signoff.gif" is in the cache already and will not be downloaded again  	[MsgId: MMSG-26655]
Action.c(79): Found resource "http://localhost:1080/WebTours/images/cancelreservation.gif" in HTML "http://localhost:1080/cgi-bin/itinerary.pl"  	[MsgId: MMSG-26659]
Action.c(79): Found resource "http://localhost:1080/WebTours/images/cancelallreservations.gif" in HTML "http://localhost:1080/cgi-bin/itinerary.pl"  	[MsgId: MMSG-26659]
Action.c(79): web_url("Itinerary Button") was successful, 20879 body bytes, 1919 header bytes, 59 chunking overhead bytes  	[MsgId: MMSG-26385]
Action.c(89): Think time - Waiting 5,00 seconds (according to limit).	[MsgId: MMSG-15946]
Action.c(89): lr_think_time: 5,00 seconds (recorded think time was 8,00 seconds).	[MsgId: MMSG-15947]
Action.c(91): Notify: Transaction "goto_itinerary" ended with a "Pass" status (Duration: 10,1394 Think Time: 10,0056).	[MsgId: MMSG-16872]
Action.c(93): Error: Cannot start transaction "delete". This Vuser already started a transaction with the same name, and has not yet processed the corresponding lr_end_transaction statement.	[MsgId: MERR-16993]
End auto log messages stack.	[MsgId: MMSG-10544]


Start auto log messages stack - Iteration 49.	[MsgId: MMSG-10545]
Action.c(79): Resource "http://localhost:1080/WebTours/images/signoff.gif" is in the cache already and will not be downloaded again  	[MsgId: MMSG-26655]
Action.c(79): Found resource "http://localhost:1080/WebTours/images/cancelreservation.gif" in HTML "http://localhost:1080/cgi-bin/itinerary.pl"  	[MsgId: MMSG-26659]
Action.c(79): Found resource "http://localhost:1080/WebTours/images/cancelallreservations.gif" in HTML "http://localhost:1080/cgi-bin/itinerary.pl"  	[MsgId: MMSG-26659]
Action.c(79): web_url("Itinerary Button") was successful, 20860 body bytes, 1921 header bytes, 59 chunking overhead bytes  	[MsgId: MMSG-26385]
Action.c(89): Think time - Waiting 5,00 seconds (according to limit).	[MsgId: MMSG-15946]
Action.c(89): lr_think_time: 5,00 seconds (recorded think time was 8,00 seconds).	[MsgId: MMSG-15947]
Action.c(91): Notify: Transaction "goto_itinerary" ended with a "Pass" status (Duration: 10,1801 Think Time: 10,0218).	[MsgId: MMSG-16872]
Action.c(93): Error: Cannot start transaction "delete". This Vuser already started a transaction with the same name, and has not yet processed the corresponding lr_end_transaction statement.	[MsgId: MERR-16993]
End auto log messages stack.	[MsgId: MMSG-10544]


Start auto log messages stack - Iteration 50.	[MsgId: MMSG-10545]
Action.c(79): Resource "http://localhost:1080/WebTours/images/signoff.gif" is in the cache already and will not be downloaded again  	[MsgId: MMSG-26655]
Action.c(79): Found resource "http://localhost:1080/WebTours/images/cancelreservation.gif" in HTML "http://localhost:1080/cgi-bin/itinerary.pl"  	[MsgId: MMSG-26659]
Action.c(79): Found resource "http://localhost:1080/WebTours/images/cancelallreservations.gif" in HTML "http://localhost:1080/cgi-bin/itinerary.pl"  	[MsgId: MMSG-26659]
Action.c(79): web_url("Itinerary Button") was successful, 20869 body bytes, 1920 header bytes, 59 chunking overhead bytes  	[MsgId: MMSG-26385]
Action.c(89): Think time - Waiting 5,00 seconds (according to limit).	[MsgId: MMSG-15946]
Action.c(89): lr_think_time: 5,00 seconds (recorded think time was 8,00 seconds).	[MsgId: MMSG-15947]
Action.c(91): Notify: Transaction "goto_itinerary" ended with a "Pass" status (Duration: 10,1038 Think Time: 10,0138).	[MsgId: MMSG-16872]
Action.c(93): Error: Cannot start transaction "delete". This Vuser already started a transaction with the same name, and has not yet processed the corresponding lr_end_transaction statement.	[MsgId: MERR-16993]
End auto log messages stack.	[MsgId: MMSG-10544]


Start auto log messages stack - Iteration 51.	[MsgId: MMSG-10545]
Action.c(79): Resource "http://localhost:1080/WebTours/images/signoff.gif" is in the cache already and will not be downloaded again  	[MsgId: MMSG-26655]
Action.c(79): Found resource "http://localhost:1080/WebTours/images/cancelreservation.gif" in HTML "http://localhost:1080/cgi-bin/itinerary.pl"  	[MsgId: MMSG-26659]
Action.c(79): Found resource "http://localhost:1080/WebTours/images/cancelallreservations.gif" in HTML "http://localhost:1080/cgi-bin/itinerary.pl"  	[MsgId: MMSG-26659]
Action.c(79): web_url("Itinerary Button") was successful, 44762 body bytes, 1919 header bytes, 107 chunking overhead bytes  	[MsgId: MMSG-26385]
Action.c(89): Think time - Waiting 5,00 seconds (according to limit).	[MsgId: MMSG-15946]
Action.c(89): lr_think_time: 5,00 seconds (recorded think time was 8,00 seconds).	[MsgId: MMSG-15947]
Action.c(91): Notify: Transaction "goto_itinerary" ended with a "Pass" status (Duration: 10,1394 Think Time: 10,0120).	[MsgId: MMSG-16872]
Action.c(93): Error: Cannot start transaction "delete". This Vuser already started a transaction with the same name, and has not yet processed the corresponding lr_end_transaction statement.	[MsgId: MERR-16993]
End auto log messages stack.	[MsgId: MMSG-10544]


Start auto log messages stack - Iteration 52.	[MsgId: MMSG-10545]
Action.c(79): Resource "http://localhost:1080/WebTours/images/signoff.gif" is in the cache already and will not be downloaded again  	[MsgId: MMSG-26655]
Action.c(79): Found resource "http://localhost:1080/WebTours/images/cancelreservation.gif" in HTML "http://localhost:1080/cgi-bin/itinerary.pl"  	[MsgId: MMSG-26659]
Action.c(79): Found resource "http://localhost:1080/WebTours/images/cancelallreservations.gif" in HTML "http://localhost:1080/cgi-bin/itinerary.pl"  	[MsgId: MMSG-26659]
Action.c(79): web_url("Itinerary Button") was successful, 32819 body bytes, 1921 header bytes, 83 chunking overhead bytes  	[MsgId: MMSG-26385]
Action.c(89): Think time - Waiting 5,00 seconds (according to limit).	[MsgId: MMSG-15946]
Action.c(89): lr_think_time: 5,00 seconds (recorded think time was 8,00 seconds).	[MsgId: MMSG-15947]
Action.c(91): Notify: Transaction "goto_itinerary" ended with a "Pass" status (Duration: 10,1748 Think Time: 10,0289).	[MsgId: MMSG-16872]
Action.c(93): Error: Cannot start transaction "delete". This Vuser already started a transaction with the same name, and has not yet processed the corresponding lr_end_transaction statement.	[MsgId: MERR-16993]
End auto log messages stack.	[MsgId: MMSG-10544]


Start auto log messages stack - Iteration 53.	[MsgId: MMSG-10545]
Action.c(79): Resource "http://localhost:1080/WebTours/images/signoff.gif" is in the cache already and will not be downloaded again  	[MsgId: MMSG-26655]
Action.c(79): Found resource "http://localhost:1080/WebTours/images/cancelreservation.gif" in HTML "http://localhost:1080/cgi-bin/itinerary.pl"  	[MsgId: MMSG-26659]
Action.c(79): Found resource "http://localhost:1080/WebTours/images/cancelallreservations.gif" in HTML "http://localhost:1080/cgi-bin/itinerary.pl"  	[MsgId: MMSG-26659]
Action.c(79): web_url("Itinerary Button") was successful, 25635 body bytes, 1921 header bytes, 74 chunking overhead bytes  	[MsgId: MMSG-26385]
Action.c(89): Think time - Waiting 5,00 seconds (according to limit).	[MsgId: MMSG-15946]
Action.c(89): lr_think_time: 5,00 seconds (recorded think time was 8,00 seconds).	[MsgId: MMSG-15947]
Action.c(91): Notify: Transaction "goto_itinerary" ended with a "Pass" status (Duration: 10,1412 Think Time: 10,0170).	[MsgId: MMSG-16872]
Action.c(93): Error: Cannot start transaction "delete". This Vuser already started a transaction with the same name, and has not yet processed the corresponding lr_end_transaction statement.	[MsgId: MERR-16993]
End auto log messages stack.	[MsgId: MMSG-10544]


Start auto log messages stack - Iteration 54.	[MsgId: MMSG-10545]
Action.c(79): Resource "http://localhost:1080/WebTours/images/signoff.gif" is in the cache already and will not be downloaded again  	[MsgId: MMSG-26655]
Action.c(79): Found resource "http://localhost:1080/WebTours/images/cancelreservation.gif" in HTML "http://localhost:1080/cgi-bin/itinerary.pl"  	[MsgId: MMSG-26659]
Action.c(79): Found resource "http://localhost:1080/WebTours/images/cancelallreservations.gif" in HTML "http://localhost:1080/cgi-bin/itinerary.pl"  	[MsgId: MMSG-26659]
Action.c(79): web_url("Itinerary Button") was successful, 30415 body bytes, 1921 header bytes, 76 chunking overhead bytes  	[MsgId: MMSG-26385]
Action.c(89): Think time - Waiting 5,00 seconds (according to limit).	[MsgId: MMSG-15946]
Action.c(89): lr_think_time: 5,00 seconds (recorded think time was 8,00 seconds).	[MsgId: MMSG-15947]
Action.c(91): Notify: Transaction "goto_itinerary" ended with a "Pass" status (Duration: 10,1499 Think Time: 10,0132).	[MsgId: MMSG-16872]
Action.c(93): Error: Cannot start transaction "delete". This Vuser already started a transaction with the same name, and has not yet processed the corresponding lr_end_transaction statement.	[MsgId: MERR-16993]
End auto log messages stack.	[MsgId: MMSG-10544]


Start auto log messages stack - Iteration 55.	[MsgId: MMSG-10545]
Action.c(79): Resource "http://localhost:1080/WebTours/images/signoff.gif" is in the cache already and will not be downloaded again  	[MsgId: MMSG-26655]
Action.c(79): Found resource "http://localhost:1080/WebTours/images/cancelreservation.gif" in HTML "http://localhost:1080/cgi-bin/itinerary.pl"  	[MsgId: MMSG-26659]
Action.c(79): Found resource "http://localhost:1080/WebTours/images/cancelallreservations.gif" in HTML "http://localhost:1080/cgi-bin/itinerary.pl"  	[MsgId: MMSG-26659]
Action.c(79): web_url("Itinerary Button") was successful, 23257 body bytes, 1919 header bytes, 67 chunking overhead bytes  	[MsgId: MMSG-26385]
Action.c(89): Think time - Waiting 5,00 seconds (according to limit).	[MsgId: MMSG-15946]
Action.c(89): lr_think_time: 5,00 seconds (recorded think time was 8,00 seconds).	[MsgId: MMSG-15947]
Action.c(91): Notify: Transaction "goto_itinerary" ended with a "Pass" status (Duration: 10,1789 Think Time: 10,0278).	[MsgId: MMSG-16872]
Action.c(93): Error: Cannot start transaction "delete". This Vuser already started a transaction with the same name, and has not yet processed the corresponding lr_end_transaction statement.	[MsgId: MERR-16993]
End auto log messages stack.	[MsgId: MMSG-10544]


