Start auto log messages stack - Iteration 1.	[MsgId: MMSG-10545]
Start auto log messages stack - Iteration 1.	[MsgId: MMSG-10545]
Action.c(79): Resource "http://localhost:1080/WebTours/images/signoff.gif" is in the cache already and will not be downloaded again  	[MsgId: MMSG-26655]
Action.c(79): Resource "http://localhost:1080/WebTours/images/signoff.gif" is in the cache already and will not be downloaded again  	[MsgId: MMSG-26655]
Action.c(79): Found resource "http://localhost:1080/WebTours/images/cancelreservation.gif" in HTML "http://localhost:1080/cgi-bin/itinerary.pl"  	[MsgId: MMSG-26659]
Action.c(79): Found resource "http://localhost:1080/WebTours/images/cancelreservation.gif" in HTML "http://localhost:1080/cgi-bin/itinerary.pl"  	[MsgId: MMSG-26659]
Action.c(79): Found resource "http://localhost:1080/WebTours/images/cancelallreservations.gif" in HTML "http://localhost:1080/cgi-bin/itinerary.pl"  	[MsgId: MMSG-26659]
Action.c(79): Found resource "http://localhost:1080/WebTours/images/cancelallreservations.gif" in HTML "http://localhost:1080/cgi-bin/itinerary.pl"  	[MsgId: MMSG-26659]
Action.c(79): web_url("Itinerary Button") was successful, 16089 body bytes, 1921 header bytes, 51 chunking overhead bytes  	[MsgId: MMSG-26385]
Action.c(79): web_url("Itinerary Button") was successful, 16089 body bytes, 1921 header bytes, 51 chunking overhead bytes  	[MsgId: MMSG-26385]
Action.c(89): Think time - Waiting 5,00 seconds (according to limit).	[MsgId: MMSG-15946]
Action.c(89): lr_think_time: 5,00 seconds (recorded think time was 8,00 seconds).	[MsgId: MMSG-15947]
Action.c(89): Think time - Waiting 5,00 seconds (according to limit).	[MsgId: MMSG-15946]
Action.c(91): Notify: Transaction "goto_itinerary" ended with a "Pass" status (Duration: 13,2275 Think Time: 10,0138).	[MsgId: MMSG-16872]
Action.c(89): lr_think_time: 5,00 seconds (recorded think time was 8,00 seconds).	[MsgId: MMSG-15947]
Action.c(93): Error: Cannot start transaction "delete". This Vuser already started a transaction with the same name, and has not yet processed the corresponding lr_end_transaction statement.	[MsgId: MERR-16993]
Action.c(91): Notify: Transaction "goto_itinerary" ended with a "Pass" status (Duration: 13,1795 Think Time: 10,0017).	[MsgId: MMSG-16872]
Action.c(93): Error: Cannot start transaction "delete". This Vuser already started a transaction with the same name, and has not yet processed the corresponding lr_end_transaction statement.	[MsgId: MERR-16993]
End auto log messages stack.	[MsgId: MMSG-10544]
End auto log messages stack.	[MsgId: MMSG-10544]




Start auto log messages stack - Iteration 1.	[MsgId: MMSG-10545]
Action.c(79): Resource "http://localhost:1080/WebTours/images/signoff.gif" is in the cache already and will not be downloaded again  	[MsgId: MMSG-26655]
Action.c(79): Found resource "http://localhost:1080/WebTours/images/cancelreservation.gif" in HTML "http://localhost:1080/cgi-bin/itinerary.pl"  	[MsgId: MMSG-26659]
Action.c(79): Found resource "http://localhost:1080/WebTours/images/cancelallreservations.gif" in HTML "http://localhost:1080/cgi-bin/itinerary.pl"  	[MsgId: MMSG-26659]
Action.c(79): web_url("Itinerary Button") was successful, 16089 body bytes, 1921 header bytes, 51 chunking overhead bytes  	[MsgId: MMSG-26385]
Action.c(89): Think time - Waiting 5,00 seconds (according to limit).	[MsgId: MMSG-15946]
Action.c(89): lr_think_time: 5,00 seconds (recorded think time was 8,00 seconds).	[MsgId: MMSG-15947]
Action.c(91): Notify: Transaction "goto_itinerary" ended with a "Pass" status (Duration: 12,4256 Think Time: 10,0178).	[MsgId: MMSG-16872]
Action.c(93): Error: Cannot start transaction "delete". This Vuser already started a transaction with the same name, and has not yet processed the corresponding lr_end_transaction statement.	[MsgId: MERR-16993]
End auto log messages stack.	[MsgId: MMSG-10544]


Start auto log messages stack - Iteration 1.	[MsgId: MMSG-10545]
Action.c(79): Resource "http://localhost:1080/WebTours/images/signoff.gif" is in the cache already and will not be downloaded again  	[MsgId: MMSG-26655]
Action.c(79): Found resource "http://localhost:1080/WebTours/images/cancelreservation.gif" in HTML "http://localhost:1080/cgi-bin/itinerary.pl"  	[MsgId: MMSG-26659]
Action.c(79): Found resource "http://localhost:1080/WebTours/images/cancelallreservations.gif" in HTML "http://localhost:1080/cgi-bin/itinerary.pl"  	[MsgId: MMSG-26659]
Action.c(79): web_url("Itinerary Button") was successful, 16089 body bytes, 1921 header bytes, 51 chunking overhead bytes  	[MsgId: MMSG-26385]
Action.c(89): Think time - Waiting 5,00 seconds (according to limit).	[MsgId: MMSG-15946]
Action.c(89): lr_think_time: 5,00 seconds (recorded think time was 8,00 seconds).	[MsgId: MMSG-15947]
Action.c(91): Notify: Transaction "goto_itinerary" ended with a "Pass" status (Duration: 15,3851 Think Time: 10,0126).	[MsgId: MMSG-16872]
Action.c(93): Error: Cannot start transaction "delete". This Vuser already started a transaction with the same name, and has not yet processed the corresponding lr_end_transaction statement.	[MsgId: MERR-16993]
End auto log messages stack.	[MsgId: MMSG-10544]


Start auto log messages stack - Iteration 1.	[MsgId: MMSG-10545]
Action.c(79): Resource "http://localhost:1080/WebTours/images/signoff.gif" is in the cache already and will not be downloaded again  	[MsgId: MMSG-26655]
Action.c(79): Found resource "http://localhost:1080/WebTours/images/cancelreservation.gif" in HTML "http://localhost:1080/cgi-bin/itinerary.pl"  	[MsgId: MMSG-26659]
Action.c(79): Found resource "http://localhost:1080/WebTours/images/cancelallreservations.gif" in HTML "http://localhost:1080/cgi-bin/itinerary.pl"  	[MsgId: MMSG-26659]
Action.c(79): web_url("Itinerary Button") was successful, 16089 body bytes, 1921 header bytes, 51 chunking overhead bytes  	[MsgId: MMSG-26385]
Action.c(89): Think time - Waiting 5,00 seconds (according to limit).	[MsgId: MMSG-15946]
Action.c(89): lr_think_time: 5,00 seconds (recorded think time was 8,00 seconds).	[MsgId: MMSG-15947]
Action.c(91): Notify: Transaction "goto_itinerary" ended with a "Pass" status (Duration: 15,5621 Think Time: 10,0156).	[MsgId: MMSG-16872]
Action.c(93): Error: Cannot start transaction "delete". This Vuser already started a transaction with the same name, and has not yet processed the corresponding lr_end_transaction statement.	[MsgId: MERR-16993]
End auto log messages stack.	[MsgId: MMSG-10544]


Start auto log messages stack - Iteration 2.	[MsgId: MMSG-10545]
Action.c(79): Resource "http://localhost:1080/WebTours/images/signoff.gif" is in the cache already and will not be downloaded again  	[MsgId: MMSG-26655]
Action.c(79): Found resource "http://localhost:1080/WebTours/images/cancelreservation.gif" in HTML "http://localhost:1080/cgi-bin/itinerary.pl"  	[MsgId: MMSG-26659]
Action.c(79): Found resource "http://localhost:1080/WebTours/images/cancelallreservations.gif" in HTML "http://localhost:1080/cgi-bin/itinerary.pl"  	[MsgId: MMSG-26659]
Action.c(79): web_url("Itinerary Button") was successful, 14839 body bytes, 1921 header bytes, 51 chunking overhead bytes  	[MsgId: MMSG-26385]
Action.c(89): Think time - Waiting 5,00 seconds (according to limit).	[MsgId: MMSG-15946]
Action.c(89): lr_think_time: 5,00 seconds (recorded think time was 8,00 seconds).	[MsgId: MMSG-15947]
Action.c(91): Notify: Transaction "goto_itinerary" ended with a "Pass" status (Duration: 20,1002 Think Time: 10,0148).	[MsgId: MMSG-16872]
Action.c(93): Error: Cannot start transaction "delete". This Vuser already started a transaction with the same name, and has not yet processed the corresponding lr_end_transaction statement.	[MsgId: MERR-16993]
End auto log messages stack.	[MsgId: MMSG-10544]


Start auto log messages stack - Iteration 2.	[MsgId: MMSG-10545]
Action.c(79): Resource "http://localhost:1080/WebTours/images/signoff.gif" is in the cache already and will not be downloaded again  	[MsgId: MMSG-26655]
Action.c(79): Found resource "http://localhost:1080/WebTours/images/cancelreservation.gif" in HTML "http://localhost:1080/cgi-bin/itinerary.pl"  	[MsgId: MMSG-26659]
Action.c(79): Found resource "http://localhost:1080/WebTours/images/cancelallreservations.gif" in HTML "http://localhost:1080/cgi-bin/itinerary.pl"  	[MsgId: MMSG-26659]
Action.c(79): web_url("Itinerary Button") was successful, 14839 body bytes, 1921 header bytes, 51 chunking overhead bytes  	[MsgId: MMSG-26385]
Action.c(89): Think time - Waiting 5,00 seconds (according to limit).	[MsgId: MMSG-15946]
Action.c(89): lr_think_time: 5,00 seconds (recorded think time was 8,00 seconds).	[MsgId: MMSG-15947]
Action.c(91): Notify: Transaction "goto_itinerary" ended with a "Pass" status (Duration: 20,1865 Think Time: 10,0151).	[MsgId: MMSG-16872]
Action.c(93): Error: Cannot start transaction "delete". This Vuser already started a transaction with the same name, and has not yet processed the corresponding lr_end_transaction statement.	[MsgId: MERR-16993]
End auto log messages stack.	[MsgId: MMSG-10544]


Start auto log messages stack - Iteration 2.	[MsgId: MMSG-10545]
Action.c(79): Resource "http://localhost:1080/WebTours/images/signoff.gif" is in the cache already and will not be downloaded again  	[MsgId: MMSG-26655]
Action.c(79): Found resource "http://localhost:1080/WebTours/images/cancelreservation.gif" in HTML "http://localhost:1080/cgi-bin/itinerary.pl"  	[MsgId: MMSG-26659]
Action.c(79): Found resource "http://localhost:1080/WebTours/images/cancelallreservations.gif" in HTML "http://localhost:1080/cgi-bin/itinerary.pl"  	[MsgId: MMSG-26659]
Action.c(79): web_url("Itinerary Button") was successful, 14839 body bytes, 1921 header bytes, 51 chunking overhead bytes  	[MsgId: MMSG-26385]
Action.c(89): Think time - Waiting 5,00 seconds (according to limit).	[MsgId: MMSG-15946]
Action.c(89): lr_think_time: 5,00 seconds (recorded think time was 8,00 seconds).	[MsgId: MMSG-15947]
Action.c(91): Notify: Transaction "goto_itinerary" ended with a "Pass" status (Duration: 21,7605 Think Time: 10,0108).	[MsgId: MMSG-16872]
Action.c(93): Error: Cannot start transaction "delete". This Vuser already started a transaction with the same name, and has not yet processed the corresponding lr_end_transaction statement.	[MsgId: MERR-16993]
End auto log messages stack.	[MsgId: MMSG-10544]


Start auto log messages stack - Iteration 2.	[MsgId: MMSG-10545]
Action.c(79): Resource "http://localhost:1080/WebTours/images/signoff.gif" is in the cache already and will not be downloaded again  	[MsgId: MMSG-26655]
Action.c(79): Found resource "http://localhost:1080/WebTours/images/cancelreservation.gif" in HTML "http://localhost:1080/cgi-bin/itinerary.pl"  	[MsgId: MMSG-26659]
Action.c(79): Found resource "http://localhost:1080/WebTours/images/cancelallreservations.gif" in HTML "http://localhost:1080/cgi-bin/itinerary.pl"  	[MsgId: MMSG-26659]
Action.c(79): web_url("Itinerary Button") was successful, 14839 body bytes, 1921 header bytes, 51 chunking overhead bytes  	[MsgId: MMSG-26385]
Action.c(89): Think time - Waiting 5,00 seconds (according to limit).	[MsgId: MMSG-15946]
Action.c(89): lr_think_time: 5,00 seconds (recorded think time was 8,00 seconds).	[MsgId: MMSG-15947]
Action.c(91): Notify: Transaction "goto_itinerary" ended with a "Pass" status (Duration: 20,4624 Think Time: 10,0212).	[MsgId: MMSG-16872]
Action.c(93): Error: Cannot start transaction "delete". This Vuser already started a transaction with the same name, and has not yet processed the corresponding lr_end_transaction statement.	[MsgId: MERR-16993]
End auto log messages stack.	[MsgId: MMSG-10544]


Start auto log messages stack - Iteration 2.	[MsgId: MMSG-10545]
Action.c(79): Resource "http://localhost:1080/WebTours/images/signoff.gif" is in the cache already and will not be downloaded again  	[MsgId: MMSG-26655]
Action.c(79): Found resource "http://localhost:1080/WebTours/images/cancelreservation.gif" in HTML "http://localhost:1080/cgi-bin/itinerary.pl"  	[MsgId: MMSG-26659]
Action.c(79): Found resource "http://localhost:1080/WebTours/images/cancelallreservations.gif" in HTML "http://localhost:1080/cgi-bin/itinerary.pl"  	[MsgId: MMSG-26659]
Action.c(79): web_url("Itinerary Button") was successful, 14839 body bytes, 1921 header bytes, 51 chunking overhead bytes  	[MsgId: MMSG-26385]
Action.c(89): Think time - Waiting 5,00 seconds (according to limit).	[MsgId: MMSG-15946]
Action.c(89): lr_think_time: 5,00 seconds (recorded think time was 8,00 seconds).	[MsgId: MMSG-15947]
Action.c(91): Notify: Transaction "goto_itinerary" ended with a "Pass" status (Duration: 21,0128 Think Time: 10,0197).	[MsgId: MMSG-16872]
Action.c(93): Error: Cannot start transaction "delete". This Vuser already started a transaction with the same name, and has not yet processed the corresponding lr_end_transaction statement.	[MsgId: MERR-16993]
End auto log messages stack.	[MsgId: MMSG-10544]


Start auto log messages stack - Iteration 3.	[MsgId: MMSG-10545]
Action.c(79): Resource "http://localhost:1080/WebTours/images/signoff.gif" is in the cache already and will not be downloaded again  	[MsgId: MMSG-26655]
Action.c(79): Found resource "http://localhost:1080/WebTours/images/cancelreservation.gif" in HTML "http://localhost:1080/cgi-bin/itinerary.pl"  	[MsgId: MMSG-26659]
Action.c(79): Found resource "http://localhost:1080/WebTours/images/cancelallreservations.gif" in HTML "http://localhost:1080/cgi-bin/itinerary.pl"  	[MsgId: MMSG-26659]
Action.c(79): web_url("Itinerary Button") was successful, 7682 body bytes, 1921 header bytes, 36 chunking overhead bytes  	[MsgId: MMSG-26385]
Action.c(89): Think time - Waiting 5,00 seconds (according to limit).	[MsgId: MMSG-15946]
Action.c(89): lr_think_time: 5,00 seconds (recorded think time was 8,00 seconds).	[MsgId: MMSG-15947]
Action.c(91): Notify: Transaction "goto_itinerary" ended with a "Pass" status (Duration: 18,0620 Think Time: 10,0011).	[MsgId: MMSG-16872]
Action.c(93): Error: Cannot start transaction "delete". This Vuser already started a transaction with the same name, and has not yet processed the corresponding lr_end_transaction statement.	[MsgId: MERR-16993]
End auto log messages stack.	[MsgId: MMSG-10544]


Start auto log messages stack - Iteration 3.	[MsgId: MMSG-10545]
Action.c(79): Resource "http://localhost:1080/WebTours/images/signoff.gif" is in the cache already and will not be downloaded again  	[MsgId: MMSG-26655]
Action.c(79): Found resource "http://localhost:1080/WebTours/images/cancelreservation.gif" in HTML "http://localhost:1080/cgi-bin/itinerary.pl"  	[MsgId: MMSG-26659]
Action.c(79): Found resource "http://localhost:1080/WebTours/images/cancelallreservations.gif" in HTML "http://localhost:1080/cgi-bin/itinerary.pl"  	[MsgId: MMSG-26659]
Action.c(79): web_url("Itinerary Button") was successful, 7682 body bytes, 1921 header bytes, 36 chunking overhead bytes  	[MsgId: MMSG-26385]
Action.c(89): Think time - Waiting 5,00 seconds (according to limit).	[MsgId: MMSG-15946]
Action.c(89): lr_think_time: 5,00 seconds (recorded think time was 8,00 seconds).	[MsgId: MMSG-15947]
Action.c(91): Notify: Transaction "goto_itinerary" ended with a "Pass" status (Duration: 18,3236 Think Time: 10,0250).	[MsgId: MMSG-16872]
Action.c(93): Error: Cannot start transaction "delete". This Vuser already started a transaction with the same name, and has not yet processed the corresponding lr_end_transaction statement.	[MsgId: MERR-16993]
End auto log messages stack.	[MsgId: MMSG-10544]


Start auto log messages stack - Iteration 3.	[MsgId: MMSG-10545]
Action.c(79): Found resource "http://localhost:1080/WebTours/images/in_itinerary.gif" in HTML "http://localhost:1080/cgi-bin/nav.pl?page=menu&in=itinerary"  	[MsgId: MMSG-26659]
Action.c(79): Found resource "http://localhost:1080/WebTours/images/home.gif" in HTML "http://localhost:1080/cgi-bin/nav.pl?page=menu&in=itinerary"  	[MsgId: MMSG-26659]
Action.c(79): Resource "http://localhost:1080/WebTours/images/signoff.gif" is in the cache already and will not be downloaded again  	[MsgId: MMSG-26655]
Action.c(79): web_url("Itinerary Button") was successful, 7682 body bytes, 1921 header bytes, 36 chunking overhead bytes  	[MsgId: MMSG-26385]
Action.c(89): Think time - Waiting 5,00 seconds (according to limit).	[MsgId: MMSG-15946]
Action.c(89): lr_think_time: 5,00 seconds (recorded think time was 8,00 seconds).	[MsgId: MMSG-15947]
Action.c(91): Notify: Transaction "goto_itinerary" ended with a "Pass" status (Duration: 20,4575 Think Time: 10,0150).	[MsgId: MMSG-16872]
Action.c(93): Error: Cannot start transaction "delete". This Vuser already started a transaction with the same name, and has not yet processed the corresponding lr_end_transaction statement.	[MsgId: MERR-16993]
End auto log messages stack.	[MsgId: MMSG-10544]


Start auto log messages stack - Iteration 3.	[MsgId: MMSG-10545]
Action.c(79): Resource "http://localhost:1080/WebTours/images/signoff.gif" is in the cache already and will not be downloaded again  	[MsgId: MMSG-26655]
Action.c(79): Found resource "http://localhost:1080/WebTours/images/cancelreservation.gif" in HTML "http://localhost:1080/cgi-bin/itinerary.pl"  	[MsgId: MMSG-26659]
Action.c(79): Found resource "http://localhost:1080/WebTours/images/cancelallreservations.gif" in HTML "http://localhost:1080/cgi-bin/itinerary.pl"  	[MsgId: MMSG-26659]
Action.c(79): web_url("Itinerary Button") was successful, 7682 body bytes, 1921 header bytes, 36 chunking overhead bytes  	[MsgId: MMSG-26385]
Action.c(89): Think time - Waiting 5,00 seconds (according to limit).	[MsgId: MMSG-15946]
Action.c(89): lr_think_time: 5,00 seconds (recorded think time was 8,00 seconds).	[MsgId: MMSG-15947]
Action.c(91): Notify: Transaction "goto_itinerary" ended with a "Pass" status (Duration: 19,2167 Think Time: 10,0045).	[MsgId: MMSG-16872]
Action.c(93): Error: Cannot start transaction "delete". This Vuser already started a transaction with the same name, and has not yet processed the corresponding lr_end_transaction statement.	[MsgId: MERR-16993]
End auto log messages stack.	[MsgId: MMSG-10544]


Start auto log messages stack - Iteration 3.	[MsgId: MMSG-10545]
Action.c(79): Resource "http://localhost:1080/WebTours/images/signoff.gif" is in the cache already and will not be downloaded again  	[MsgId: MMSG-26655]
Action.c(79): Found resource "http://localhost:1080/WebTours/images/cancelreservation.gif" in HTML "http://localhost:1080/cgi-bin/itinerary.pl"  	[MsgId: MMSG-26659]
Action.c(79): Found resource "http://localhost:1080/WebTours/images/cancelallreservations.gif" in HTML "http://localhost:1080/cgi-bin/itinerary.pl"  	[MsgId: MMSG-26659]
Action.c(79): web_url("Itinerary Button") was successful, 7682 body bytes, 1921 header bytes, 36 chunking overhead bytes  	[MsgId: MMSG-26385]
Action.c(89): Think time - Waiting 5,00 seconds (according to limit).	[MsgId: MMSG-15946]
Action.c(89): lr_think_time: 5,00 seconds (recorded think time was 8,00 seconds).	[MsgId: MMSG-15947]
Action.c(91): Notify: Transaction "goto_itinerary" ended with a "Pass" status (Duration: 18,9975 Think Time: 10,0058).	[MsgId: MMSG-16872]
Action.c(93): Error: Cannot start transaction "delete". This Vuser already started a transaction with the same name, and has not yet processed the corresponding lr_end_transaction statement.	[MsgId: MERR-16993]
End auto log messages stack.	[MsgId: MMSG-10544]


Start auto log messages stack - Iteration 4.	[MsgId: MMSG-10545]
Action.c(79): Found resource "http://localhost:1080/WebTours/images/in_itinerary.gif" in HTML "http://localhost:1080/cgi-bin/nav.pl?page=menu&in=itinerary"  	[MsgId: MMSG-26659]
Action.c(79): Found resource "http://localhost:1080/WebTours/images/home.gif" in HTML "http://localhost:1080/cgi-bin/nav.pl?page=menu&in=itinerary"  	[MsgId: MMSG-26659]
Action.c(79): Resource "http://localhost:1080/WebTours/images/signoff.gif" is in the cache already and will not be downloaded again  	[MsgId: MMSG-26655]
Action.c(79): web_url("Itinerary Button") was successful, 4381 body bytes, 1325 header bytes, 36 chunking overhead bytes  	[MsgId: MMSG-26385]
Action.c(89): Think time - Waiting 5,00 seconds (according to limit).	[MsgId: MMSG-15946]
Action.c(89): lr_think_time: 5,00 seconds (recorded think time was 8,00 seconds).	[MsgId: MMSG-15947]
Action.c(91): Notify: Transaction "goto_itinerary" ended with a "Pass" status (Duration: 17,5448 Think Time: 10,0217).	[MsgId: MMSG-16872]
Action.c(93): Error: Cannot start transaction "delete". This Vuser already started a transaction with the same name, and has not yet processed the corresponding lr_end_transaction statement.	[MsgId: MERR-16993]
End auto log messages stack.	[MsgId: MMSG-10544]


Start auto log messages stack - Iteration 4.	[MsgId: MMSG-10545]
Action.c(95): web_reg_save_param started  	[MsgId: MMSG-26355]
Action.c(95): Registering web_reg_save_param was successful  	[MsgId: MMSG-26390]
Action.c(101): web_reg_find started  	[MsgId: MMSG-26355]
Action.c(101): Registering web_reg_find was successful  	[MsgId: MMSG-26390]
Action.c(105): web_submit_form("itinerary.pl") started  	[MsgId: MMSG-26355]
Action.c(105): Error -27979: Requested form not found  	[MsgId: MERR-27979]
End auto log messages stack.	[MsgId: MMSG-10544]


Start auto log messages stack - Iteration 4.	[MsgId: MMSG-10545]
Action.c(105): Warning -26379: Pending web_reg_save_param/web_reg_find/web_create_html_param/web_create_html_param_ex request(s) are deleted and will be handled as "not found"  	[MsgId: MWAR-26379]
Action.c(105): Error -26377: No match found for the requested parameter "flightID". Either the specified boundaries were not found in the response or the matched text is longer than current max html parameter size of 256 bytes. The total length of the response is 0 bytes. You can use "web_set_max_html_param_len" to increase the max parameter size.  	[MsgId: MERR-26377]
End auto log messages stack.	[MsgId: MMSG-10544]


Start auto log messages stack - Iteration 4.	[MsgId: MMSG-10545]
Message id [-26362] was not saved - Auto Log cache is too small to contain the message.
Action.c(105): Error -26374: The above "not found" error(s) may be explained by header and body byte counts being 0 and 0, respectively.  	[MsgId: MERR-26374]
End auto log messages stack.	[MsgId: MMSG-10544]


Start auto log messages stack - Iteration 4.	[MsgId: MMSG-10545]
Action.c(79): Found resource "http://localhost:1080/WebTours/images/in_itinerary.gif" in HTML "http://localhost:1080/cgi-bin/nav.pl?page=menu&in=itinerary"  	[MsgId: MMSG-26659]
Action.c(79): Found resource "http://localhost:1080/WebTours/images/home.gif" in HTML "http://localhost:1080/cgi-bin/nav.pl?page=menu&in=itinerary"  	[MsgId: MMSG-26659]
Action.c(79): Resource "http://localhost:1080/WebTours/images/signoff.gif" is in the cache already and will not be downloaded again  	[MsgId: MMSG-26655]
Action.c(79): web_url("Itinerary Button") was successful, 4381 body bytes, 1325 header bytes, 36 chunking overhead bytes  	[MsgId: MMSG-26385]
Action.c(89): Think time - Waiting 5,00 seconds (according to limit).	[MsgId: MMSG-15946]
Action.c(89): lr_think_time: 5,00 seconds (recorded think time was 8,00 seconds).	[MsgId: MMSG-15947]
Action.c(91): Notify: Transaction "goto_itinerary" ended with a "Pass" status (Duration: 18,5060 Think Time: 10,0048).	[MsgId: MMSG-16872]
Action.c(93): Error: Cannot start transaction "delete". This Vuser already started a transaction with the same name, and has not yet processed the corresponding lr_end_transaction statement.	[MsgId: MERR-16993]
End auto log messages stack.	[MsgId: MMSG-10544]


Start auto log messages stack - Iteration 4.	[MsgId: MMSG-10545]
Action.c(95): web_reg_save_param started  	[MsgId: MMSG-26355]
Action.c(95): Registering web_reg_save_param was successful  	[MsgId: MMSG-26390]
Action.c(101): web_reg_find started  	[MsgId: MMSG-26355]
Action.c(101): Registering web_reg_find was successful  	[MsgId: MMSG-26390]
Action.c(105): web_submit_form("itinerary.pl") started  	[MsgId: MMSG-26355]
Action.c(105): Error -27979: Requested form not found  	[MsgId: MERR-27979]
End auto log messages stack.	[MsgId: MMSG-10544]


Start auto log messages stack - Iteration 4.	[MsgId: MMSG-10545]
Action.c(105): Warning -26379: Pending web_reg_save_param/web_reg_find/web_create_html_param/web_create_html_param_ex request(s) are deleted and will be handled as "not found"  	[MsgId: MWAR-26379]
Action.c(105): Error -26377: No match found for the requested parameter "flightID". Either the specified boundaries were not found in the response or the matched text is longer than current max html parameter size of 256 bytes. The total length of the response is 0 bytes. You can use "web_set_max_html_param_len" to increase the max parameter size.  	[MsgId: MERR-26377]
End auto log messages stack.	[MsgId: MMSG-10544]


Start auto log messages stack - Iteration 4.	[MsgId: MMSG-10545]
Message id [-26362] was not saved - Auto Log cache is too small to contain the message.
Action.c(105): Error -26374: The above "not found" error(s) may be explained by header and body byte counts being 0 and 0, respectively.  	[MsgId: MERR-26374]
End auto log messages stack.	[MsgId: MMSG-10544]


Start auto log messages stack - Iteration 4.	[MsgId: MMSG-10545]
Action.c(79): Found resource "http://localhost:1080/WebTours/images/in_itinerary.gif" in HTML "http://localhost:1080/cgi-bin/nav.pl?page=menu&in=itinerary"  	[MsgId: MMSG-26659]
Action.c(79): Found resource "http://localhost:1080/WebTours/images/home.gif" in HTML "http://localhost:1080/cgi-bin/nav.pl?page=menu&in=itinerary"  	[MsgId: MMSG-26659]
Action.c(79): Resource "http://localhost:1080/WebTours/images/signoff.gif" is in the cache already and will not be downloaded again  	[MsgId: MMSG-26655]
Action.c(79): web_url("Itinerary Button") was successful, 4381 body bytes, 1325 header bytes, 36 chunking overhead bytes  	[MsgId: MMSG-26385]
Action.c(89): Think time - Waiting 5,00 seconds (according to limit).	[MsgId: MMSG-15946]
Action.c(89): lr_think_time: 5,00 seconds (recorded think time was 8,00 seconds).	[MsgId: MMSG-15947]
Action.c(91): Notify: Transaction "goto_itinerary" ended with a "Pass" status (Duration: 14,8558 Think Time: 10,0066).	[MsgId: MMSG-16872]
Action.c(93): Error: Cannot start transaction "delete". This Vuser already started a transaction with the same name, and has not yet processed the corresponding lr_end_transaction statement.	[MsgId: MERR-16993]
End auto log messages stack.	[MsgId: MMSG-10544]


Start auto log messages stack - Iteration 4.	[MsgId: MMSG-10545]
Action.c(95): web_reg_save_param started  	[MsgId: MMSG-26355]
Action.c(95): Registering web_reg_save_param was successful  	[MsgId: MMSG-26390]
Action.c(101): web_reg_find started  	[MsgId: MMSG-26355]
Action.c(101): Registering web_reg_find was successful  	[MsgId: MMSG-26390]
Action.c(105): web_submit_form("itinerary.pl") started  	[MsgId: MMSG-26355]
Action.c(105): Error -27979: Requested form not found  	[MsgId: MERR-27979]
End auto log messages stack.	[MsgId: MMSG-10544]


Start auto log messages stack - Iteration 4.	[MsgId: MMSG-10545]
Action.c(105): Warning -26379: Pending web_reg_save_param/web_reg_find/web_create_html_param/web_create_html_param_ex request(s) are deleted and will be handled as "not found"  	[MsgId: MWAR-26379]
Action.c(105): Error -26377: No match found for the requested parameter "flightID". Either the specified boundaries were not found in the response or the matched text is longer than current max html parameter size of 256 bytes. The total length of the response is 0 bytes. You can use "web_set_max_html_param_len" to increase the max parameter size.  	[MsgId: MERR-26377]
End auto log messages stack.	[MsgId: MMSG-10544]


Start auto log messages stack - Iteration 4.	[MsgId: MMSG-10545]
Message id [-26362] was not saved - Auto Log cache is too small to contain the message.
Action.c(105): Error -26374: The above "not found" error(s) may be explained by header and body byte counts being 0 and 0, respectively.  	[MsgId: MERR-26374]
End auto log messages stack.	[MsgId: MMSG-10544]


Start auto log messages stack - Iteration 4.	[MsgId: MMSG-10545]
Action.c(79): Found resource "http://localhost:1080/WebTours/images/in_itinerary.gif" in HTML "http://localhost:1080/cgi-bin/nav.pl?page=menu&in=itinerary"  	[MsgId: MMSG-26659]
Action.c(79): Found resource "http://localhost:1080/WebTours/images/home.gif" in HTML "http://localhost:1080/cgi-bin/nav.pl?page=menu&in=itinerary"  	[MsgId: MMSG-26659]
Action.c(79): Resource "http://localhost:1080/WebTours/images/signoff.gif" is in the cache already and will not be downloaded again  	[MsgId: MMSG-26655]
Action.c(79): web_url("Itinerary Button") was successful, 4381 body bytes, 1325 header bytes, 36 chunking overhead bytes  	[MsgId: MMSG-26385]
Action.c(89): Think time - Waiting 5,00 seconds (according to limit).	[MsgId: MMSG-15946]
Action.c(89): lr_think_time: 5,00 seconds (recorded think time was 8,00 seconds).	[MsgId: MMSG-15947]
Action.c(91): Notify: Transaction "goto_itinerary" ended with a "Pass" status (Duration: 15,0319 Think Time: 10,0203).	[MsgId: MMSG-16872]
Action.c(93): Error: Cannot start transaction "delete". This Vuser already started a transaction with the same name, and has not yet processed the corresponding lr_end_transaction statement.	[MsgId: MERR-16993]
End auto log messages stack.	[MsgId: MMSG-10544]


Start auto log messages stack - Iteration 4.	[MsgId: MMSG-10545]
Action.c(95): web_reg_save_param started  	[MsgId: MMSG-26355]
Action.c(95): Registering web_reg_save_param was successful  	[MsgId: MMSG-26390]
Action.c(101): web_reg_find started  	[MsgId: MMSG-26355]
Action.c(101): Registering web_reg_find was successful  	[MsgId: MMSG-26390]
Action.c(105): web_submit_form("itinerary.pl") started  	[MsgId: MMSG-26355]
Action.c(105): Error -27979: Requested form not found  	[MsgId: MERR-27979]
End auto log messages stack.	[MsgId: MMSG-10544]


Start auto log messages stack - Iteration 4.	[MsgId: MMSG-10545]
Action.c(105): Warning -26379: Pending web_reg_save_param/web_reg_find/web_create_html_param/web_create_html_param_ex request(s) are deleted and will be handled as "not found"  	[MsgId: MWAR-26379]
Action.c(105): Error -26377: No match found for the requested parameter "flightID". Either the specified boundaries were not found in the response or the matched text is longer than current max html parameter size of 256 bytes. The total length of the response is 0 bytes. You can use "web_set_max_html_param_len" to increase the max parameter size.  	[MsgId: MERR-26377]
End auto log messages stack.	[MsgId: MMSG-10544]


Start auto log messages stack - Iteration 4.	[MsgId: MMSG-10545]
Message id [-26362] was not saved - Auto Log cache is too small to contain the message.
Action.c(105): Error -26374: The above "not found" error(s) may be explained by header and body byte counts being 0 and 0, respectively.  	[MsgId: MERR-26374]
End auto log messages stack.	[MsgId: MMSG-10544]


Start auto log messages stack - Iteration 4.	[MsgId: MMSG-10545]
Action.c(79): Found resource "http://localhost:1080/WebTours/images/in_itinerary.gif" in HTML "http://localhost:1080/cgi-bin/nav.pl?page=menu&in=itinerary"  	[MsgId: MMSG-26659]
Action.c(79): Found resource "http://localhost:1080/WebTours/images/home.gif" in HTML "http://localhost:1080/cgi-bin/nav.pl?page=menu&in=itinerary"  	[MsgId: MMSG-26659]
Action.c(79): Resource "http://localhost:1080/WebTours/images/signoff.gif" is in the cache already and will not be downloaded again  	[MsgId: MMSG-26655]
Action.c(79): web_url("Itinerary Button") was successful, 4381 body bytes, 1325 header bytes, 36 chunking overhead bytes  	[MsgId: MMSG-26385]
Action.c(89): Think time - Waiting 5,00 seconds (according to limit).	[MsgId: MMSG-15946]
Action.c(89): lr_think_time: 5,00 seconds (recorded think time was 8,00 seconds).	[MsgId: MMSG-15947]
Action.c(91): Notify: Transaction "goto_itinerary" ended with a "Pass" status (Duration: 14,3031 Think Time: 10,0032).	[MsgId: MMSG-16872]
Action.c(93): Error: Cannot start transaction "delete". This Vuser already started a transaction with the same name, and has not yet processed the corresponding lr_end_transaction statement.	[MsgId: MERR-16993]
End auto log messages stack.	[MsgId: MMSG-10544]


Start auto log messages stack - Iteration 4.	[MsgId: MMSG-10545]
Action.c(95): web_reg_save_param started  	[MsgId: MMSG-26355]
Action.c(95): Registering web_reg_save_param was successful  	[MsgId: MMSG-26390]
Action.c(101): web_reg_find started  	[MsgId: MMSG-26355]
Action.c(101): Registering web_reg_find was successful  	[MsgId: MMSG-26390]
Action.c(105): web_submit_form("itinerary.pl") started  	[MsgId: MMSG-26355]
Action.c(105): Error -27979: Requested form not found  	[MsgId: MERR-27979]
End auto log messages stack.	[MsgId: MMSG-10544]


Start auto log messages stack - Iteration 4.	[MsgId: MMSG-10545]
Action.c(105): Warning -26379: Pending web_reg_save_param/web_reg_find/web_create_html_param/web_create_html_param_ex request(s) are deleted and will be handled as "not found"  	[MsgId: MWAR-26379]
Action.c(105): Error -26377: No match found for the requested parameter "flightID". Either the specified boundaries were not found in the response or the matched text is longer than current max html parameter size of 256 bytes. The total length of the response is 0 bytes. You can use "web_set_max_html_param_len" to increase the max parameter size.  	[MsgId: MERR-26377]
End auto log messages stack.	[MsgId: MMSG-10544]


Start auto log messages stack - Iteration 4.	[MsgId: MMSG-10545]
Message id [-26362] was not saved - Auto Log cache is too small to contain the message.
Action.c(105): Error -26374: The above "not found" error(s) may be explained by header and body byte counts being 0 and 0, respectively.  	[MsgId: MERR-26374]
End auto log messages stack.	[MsgId: MMSG-10544]


Start auto log messages stack - Iteration 5.	[MsgId: MMSG-10545]
Start auto log messages stack - Iteration 5.	[MsgId: MMSG-10545]
Action.c(79): Found resource "http://localhost:1080/WebTours/images/in_itinerary.gif" in HTML "http://localhost:1080/cgi-bin/nav.pl?page=menu&in=itinerary"  	[MsgId: MMSG-26659]
Action.c(79): Found resource "http://localhost:1080/WebTours/images/home.gif" in HTML "http://localhost:1080/cgi-bin/nav.pl?page=menu&in=itinerary"  	[MsgId: MMSG-26659]
Action.c(79): Resource "http://localhost:1080/WebTours/images/signoff.gif" is in the cache already and will not be downloaded again  	[MsgId: MMSG-26655]
Action.c(79): web_url("Itinerary Button") was successful, 4381 body bytes, 1325 header bytes, 36 chunking overhead bytes  	[MsgId: MMSG-26385]
Action.c(89): Think time - Waiting 5,00 seconds (according to limit).	[MsgId: MMSG-15946]
Action.c(89): lr_think_time: 5,00 seconds (recorded think time was 8,00 seconds).	[MsgId: MMSG-15947]
Action.c(91): Notify: Transaction "goto_itinerary" ended with a "Pass" status (Duration: 19,2532 Think Time: 10,0032).	[MsgId: MMSG-16872]
Action.c(79): Found resource "http://localhost:1080/WebTours/images/in_itinerary.gif" in HTML "http://localhost:1080/cgi-bin/nav.pl?page=menu&in=itinerary"  	[MsgId: MMSG-26659]
Action.c(93): Error: Cannot start transaction "delete". This Vuser already started a transaction with the same name, and has not yet processed the corresponding lr_end_transaction statement.	[MsgId: MERR-16993]
Action.c(79): Found resource "http://localhost:1080/WebTours/images/home.gif" in HTML "http://localhost:1080/cgi-bin/nav.pl?page=menu&in=itinerary"  	[MsgId: MMSG-26659]
Action.c(79): Resource "http://localhost:1080/WebTours/images/signoff.gif" is in the cache already and will not be downloaded again  	[MsgId: MMSG-26655]
Action.c(79): web_url("Itinerary Button") was successful, 4381 body bytes, 1325 header bytes, 36 chunking overhead bytes  	[MsgId: MMSG-26385]
Action.c(89): Think time - Waiting 5,00 seconds (according to limit).	[MsgId: MMSG-15946]
End auto log messages stack.	[MsgId: MMSG-10544]
Action.c(89): lr_think_time: 5,00 seconds (recorded think time was 8,00 seconds).	[MsgId: MMSG-15947]


Action.c(91): Notify: Transaction "goto_itinerary" ended with a "Pass" status (Duration: 20,0336 Think Time: 10,0233).	[MsgId: MMSG-16872]
Action.c(93): Error: Cannot start transaction "delete". This Vuser already started a transaction with the same name, and has not yet processed the corresponding lr_end_transaction statement.	[MsgId: MERR-16993]
End auto log messages stack.	[MsgId: MMSG-10544]
Start auto log messages stack - Iteration 5.	[MsgId: MMSG-10545]


Action.c(95): web_reg_save_param started  	[MsgId: MMSG-26355]
Action.c(95): Registering web_reg_save_param was successful  	[MsgId: MMSG-26390]
Action.c(101): web_reg_find started  	[MsgId: MMSG-26355]
Action.c(101): Error -27139: Specify non-empty value(s) for EITHER just "Text" OR both "TextPfx" and "TextSfx"  	[MsgId: MERR-27139]
Start auto log messages stack - Iteration 5.	[MsgId: MMSG-10545]
Action.c(95): web_reg_save_param started  	[MsgId: MMSG-26355]
Action.c(95): Registering web_reg_save_param was successful  	[MsgId: MMSG-26390]
End auto log messages stack.	[MsgId: MMSG-10544]
Action.c(101): web_reg_find started  	[MsgId: MMSG-26355]
Action.c(101): Error -27139: Specify non-empty value(s) for EITHER just "Text" OR both "TextPfx" and "TextSfx"  	[MsgId: MERR-27139]


End auto log messages stack.	[MsgId: MMSG-10544]


Start auto log messages stack - Iteration 5.	[MsgId: MMSG-10545]
Action.c(79): Found resource "http://localhost:1080/WebTours/images/in_itinerary.gif" in HTML "http://localhost:1080/cgi-bin/nav.pl?page=menu&in=itinerary"  	[MsgId: MMSG-26659]
Action.c(79): Found resource "http://localhost:1080/WebTours/images/home.gif" in HTML "http://localhost:1080/cgi-bin/nav.pl?page=menu&in=itinerary"  	[MsgId: MMSG-26659]
Action.c(79): Resource "http://localhost:1080/WebTours/images/signoff.gif" is in the cache already and will not be downloaded again  	[MsgId: MMSG-26655]
Action.c(79): web_url("Itinerary Button") was successful, 4381 body bytes, 1325 header bytes, 36 chunking overhead bytes  	[MsgId: MMSG-26385]
Action.c(89): Think time - Waiting 5,00 seconds (according to limit).	[MsgId: MMSG-15946]
Action.c(89): lr_think_time: 5,00 seconds (recorded think time was 8,00 seconds).	[MsgId: MMSG-15947]
Action.c(91): Notify: Transaction "goto_itinerary" ended with a "Pass" status (Duration: 19,9847 Think Time: 10,0099).	[MsgId: MMSG-16872]
Action.c(93): Error: Cannot start transaction "delete". This Vuser already started a transaction with the same name, and has not yet processed the corresponding lr_end_transaction statement.	[MsgId: MERR-16993]
End auto log messages stack.	[MsgId: MMSG-10544]


Start auto log messages stack - Iteration 5.	[MsgId: MMSG-10545]
Action.c(95): web_reg_save_param started  	[MsgId: MMSG-26355]
Action.c(95): Registering web_reg_save_param was successful  	[MsgId: MMSG-26390]
Action.c(101): web_reg_find started  	[MsgId: MMSG-26355]
Action.c(101): Error -27139: Specify non-empty value(s) for EITHER just "Text" OR both "TextPfx" and "TextSfx"  	[MsgId: MERR-27139]
End auto log messages stack.	[MsgId: MMSG-10544]


Start auto log messages stack - Iteration 5.	[MsgId: MMSG-10545]
Action.c(79): Found resource "http://localhost:1080/WebTours/images/in_itinerary.gif" in HTML "http://localhost:1080/cgi-bin/nav.pl?page=menu&in=itinerary"  	[MsgId: MMSG-26659]
Action.c(79): Found resource "http://localhost:1080/WebTours/images/home.gif" in HTML "http://localhost:1080/cgi-bin/nav.pl?page=menu&in=itinerary"  	[MsgId: MMSG-26659]
Action.c(79): Resource "http://localhost:1080/WebTours/images/signoff.gif" is in the cache already and will not be downloaded again  	[MsgId: MMSG-26655]
Action.c(79): web_url("Itinerary Button") was successful, 4381 body bytes, 1325 header bytes, 36 chunking overhead bytes  	[MsgId: MMSG-26385]
Action.c(89): Think time - Waiting 5,00 seconds (according to limit).	[MsgId: MMSG-15946]
Action.c(89): lr_think_time: 5,00 seconds (recorded think time was 8,00 seconds).	[MsgId: MMSG-15947]
Action.c(91): Notify: Transaction "goto_itinerary" ended with a "Pass" status (Duration: 17,7523 Think Time: 10,0199).	[MsgId: MMSG-16872]
Action.c(93): Error: Cannot start transaction "delete". This Vuser already started a transaction with the same name, and has not yet processed the corresponding lr_end_transaction statement.	[MsgId: MERR-16993]
End auto log messages stack.	[MsgId: MMSG-10544]


Start auto log messages stack - Iteration 5.	[MsgId: MMSG-10545]
Action.c(95): web_reg_save_param started  	[MsgId: MMSG-26355]
Action.c(95): Registering web_reg_save_param was successful  	[MsgId: MMSG-26390]
Action.c(101): web_reg_find started  	[MsgId: MMSG-26355]
Action.c(101): Error -27139: Specify non-empty value(s) for EITHER just "Text" OR both "TextPfx" and "TextSfx"  	[MsgId: MERR-27139]
End auto log messages stack.	[MsgId: MMSG-10544]


Start auto log messages stack - Iteration 5.	[MsgId: MMSG-10545]
Action.c(79): Found resource "http://localhost:1080/WebTours/images/in_itinerary.gif" in HTML "http://localhost:1080/cgi-bin/nav.pl?page=menu&in=itinerary"  	[MsgId: MMSG-26659]
Action.c(79): Found resource "http://localhost:1080/WebTours/images/home.gif" in HTML "http://localhost:1080/cgi-bin/nav.pl?page=menu&in=itinerary"  	[MsgId: MMSG-26659]
Action.c(79): Resource "http://localhost:1080/WebTours/images/signoff.gif" is in the cache already and will not be downloaded again  	[MsgId: MMSG-26655]
Action.c(79): web_url("Itinerary Button") was successful, 4381 body bytes, 1325 header bytes, 36 chunking overhead bytes  	[MsgId: MMSG-26385]
Action.c(89): Think time - Waiting 5,00 seconds (according to limit).	[MsgId: MMSG-15946]
Action.c(89): lr_think_time: 5,00 seconds (recorded think time was 8,00 seconds).	[MsgId: MMSG-15947]
Action.c(91): Notify: Transaction "goto_itinerary" ended with a "Pass" status (Duration: 19,3544 Think Time: 10,0235).	[MsgId: MMSG-16872]
Action.c(93): Error: Cannot start transaction "delete". This Vuser already started a transaction with the same name, and has not yet processed the corresponding lr_end_transaction statement.	[MsgId: MERR-16993]
End auto log messages stack.	[MsgId: MMSG-10544]


Start auto log messages stack - Iteration 5.	[MsgId: MMSG-10545]
Action.c(95): web_reg_save_param started  	[MsgId: MMSG-26355]
Action.c(95): Registering web_reg_save_param was successful  	[MsgId: MMSG-26390]
Action.c(101): web_reg_find started  	[MsgId: MMSG-26355]
Action.c(101): Error -27139: Specify non-empty value(s) for EITHER just "Text" OR both "TextPfx" and "TextSfx"  	[MsgId: MERR-27139]
End auto log messages stack.	[MsgId: MMSG-10544]


Start auto log messages stack - Iteration 6.	[MsgId: MMSG-10545]
Action.c(79): Found resource "http://localhost:1080/WebTours/images/in_itinerary.gif" in HTML "http://localhost:1080/cgi-bin/nav.pl?page=menu&in=itinerary"  	[MsgId: MMSG-26659]
Action.c(79): Found resource "http://localhost:1080/WebTours/images/home.gif" in HTML "http://localhost:1080/cgi-bin/nav.pl?page=menu&in=itinerary"  	[MsgId: MMSG-26659]
Action.c(79): Resource "http://localhost:1080/WebTours/images/signoff.gif" is in the cache already and will not be downloaded again  	[MsgId: MMSG-26655]
Action.c(79): web_url("Itinerary Button") was successful, 4381 body bytes, 1325 header bytes, 36 chunking overhead bytes  	[MsgId: MMSG-26385]
Action.c(89): Think time - Waiting 5,00 seconds (according to limit).	[MsgId: MMSG-15946]
Action.c(89): lr_think_time: 5,00 seconds (recorded think time was 8,00 seconds).	[MsgId: MMSG-15947]
Action.c(91): Notify: Transaction "goto_itinerary" ended with a "Pass" status (Duration: 10,1835 Think Time: 10,0295).	[MsgId: MMSG-16872]
Action.c(93): Error: Cannot start transaction "delete". This Vuser already started a transaction with the same name, and has not yet processed the corresponding lr_end_transaction statement.	[MsgId: MERR-16993]
End auto log messages stack.	[MsgId: MMSG-10544]


Start auto log messages stack - Iteration 6.	[MsgId: MMSG-10545]
Action.c(95): web_reg_save_param started  	[MsgId: MMSG-26355]
Action.c(95): Registering web_reg_save_param was successful  	[MsgId: MMSG-26390]
Action.c(101): web_reg_find started  	[MsgId: MMSG-26355]
Action.c(101): Error -27139: Specify non-empty value(s) for EITHER just "Text" OR both "TextPfx" and "TextSfx"  	[MsgId: MERR-27139]
End auto log messages stack.	[MsgId: MMSG-10544]


Start auto log messages stack - Iteration 6.	[MsgId: MMSG-10545]
Action.c(79): Found resource "http://localhost:1080/WebTours/images/in_itinerary.gif" in HTML "http://localhost:1080/cgi-bin/nav.pl?page=menu&in=itinerary"  	[MsgId: MMSG-26659]
Action.c(79): Found resource "http://localhost:1080/WebTours/images/home.gif" in HTML "http://localhost:1080/cgi-bin/nav.pl?page=menu&in=itinerary"  	[MsgId: MMSG-26659]
Action.c(79): Resource "http://localhost:1080/WebTours/images/signoff.gif" is in the cache already and will not be downloaded again  	[MsgId: MMSG-26655]
Action.c(79): web_url("Itinerary Button") was successful, 4381 body bytes, 1325 header bytes, 36 chunking overhead bytes  	[MsgId: MMSG-26385]
Action.c(89): Think time - Waiting 5,00 seconds (according to limit).	[MsgId: MMSG-15946]
Action.c(89): lr_think_time: 5,00 seconds (recorded think time was 8,00 seconds).	[MsgId: MMSG-15947]
Action.c(91): Notify: Transaction "goto_itinerary" ended with a "Pass" status (Duration: 10,4631 Think Time: 10,0087).	[MsgId: MMSG-16872]
Action.c(93): Error: Cannot start transaction "delete". This Vuser already started a transaction with the same name, and has not yet processed the corresponding lr_end_transaction statement.	[MsgId: MERR-16993]
End auto log messages stack.	[MsgId: MMSG-10544]


Start auto log messages stack - Iteration 6.	[MsgId: MMSG-10545]
Action.c(95): web_reg_save_param started  	[MsgId: MMSG-26355]
Action.c(95): Registering web_reg_save_param was successful  	[MsgId: MMSG-26390]
Action.c(101): web_reg_find started  	[MsgId: MMSG-26355]
Action.c(101): Error -27139: Specify non-empty value(s) for EITHER just "Text" OR both "TextPfx" and "TextSfx"  	[MsgId: MERR-27139]
End auto log messages stack.	[MsgId: MMSG-10544]


Start auto log messages stack - Iteration 6.	[MsgId: MMSG-10545]
Action.c(79): Found resource "http://localhost:1080/WebTours/images/in_itinerary.gif" in HTML "http://localhost:1080/cgi-bin/nav.pl?page=menu&in=itinerary"  	[MsgId: MMSG-26659]
Action.c(79): Found resource "http://localhost:1080/WebTours/images/home.gif" in HTML "http://localhost:1080/cgi-bin/nav.pl?page=menu&in=itinerary"  	[MsgId: MMSG-26659]
Action.c(79): Resource "http://localhost:1080/WebTours/images/signoff.gif" is in the cache already and will not be downloaded again  	[MsgId: MMSG-26655]
Action.c(79): web_url("Itinerary Button") was successful, 4381 body bytes, 1325 header bytes, 36 chunking overhead bytes  	[MsgId: MMSG-26385]
Action.c(89): Think time - Waiting 5,00 seconds (according to limit).	[MsgId: MMSG-15946]
Action.c(89): lr_think_time: 5,00 seconds (recorded think time was 8,00 seconds).	[MsgId: MMSG-15947]
Action.c(91): Notify: Transaction "goto_itinerary" ended with a "Pass" status (Duration: 10,1173 Think Time: 10,0213).	[MsgId: MMSG-16872]
Action.c(93): Error: Cannot start transaction "delete". This Vuser already started a transaction with the same name, and has not yet processed the corresponding lr_end_transaction statement.	[MsgId: MERR-16993]
End auto log messages stack.	[MsgId: MMSG-10544]


Start auto log messages stack - Iteration 6.	[MsgId: MMSG-10545]
Action.c(95): web_reg_save_param started  	[MsgId: MMSG-26355]
Action.c(95): Registering web_reg_save_param was successful  	[MsgId: MMSG-26390]
Action.c(101): web_reg_find started  	[MsgId: MMSG-26355]
Action.c(101): Error -27139: Specify non-empty value(s) for EITHER just "Text" OR both "TextPfx" and "TextSfx"  	[MsgId: MERR-27139]
End auto log messages stack.	[MsgId: MMSG-10544]


Start auto log messages stack - Iteration 6.	[MsgId: MMSG-10545]
Action.c(79): Found resource "http://localhost:1080/WebTours/images/in_itinerary.gif" in HTML "http://localhost:1080/cgi-bin/nav.pl?page=menu&in=itinerary"  	[MsgId: MMSG-26659]
Action.c(79): Found resource "http://localhost:1080/WebTours/images/home.gif" in HTML "http://localhost:1080/cgi-bin/nav.pl?page=menu&in=itinerary"  	[MsgId: MMSG-26659]
Action.c(79): Resource "http://localhost:1080/WebTours/images/signoff.gif" is in the cache already and will not be downloaded again  	[MsgId: MMSG-26655]
Action.c(79): web_url("Itinerary Button") was successful, 4381 body bytes, 1325 header bytes, 36 chunking overhead bytes  	[MsgId: MMSG-26385]
Action.c(89): Think time - Waiting 5,00 seconds (according to limit).	[MsgId: MMSG-15946]
Action.c(89): lr_think_time: 5,00 seconds (recorded think time was 8,00 seconds).	[MsgId: MMSG-15947]
Action.c(91): Notify: Transaction "goto_itinerary" ended with a "Pass" status (Duration: 10,1145 Think Time: 10,0048).	[MsgId: MMSG-16872]
Action.c(93): Error: Cannot start transaction "delete". This Vuser already started a transaction with the same name, and has not yet processed the corresponding lr_end_transaction statement.	[MsgId: MERR-16993]
End auto log messages stack.	[MsgId: MMSG-10544]


Start auto log messages stack - Iteration 6.	[MsgId: MMSG-10545]
Action.c(95): web_reg_save_param started  	[MsgId: MMSG-26355]
Action.c(95): Registering web_reg_save_param was successful  	[MsgId: MMSG-26390]
Action.c(101): web_reg_find started  	[MsgId: MMSG-26355]
Action.c(101): Error -27139: Specify non-empty value(s) for EITHER just "Text" OR both "TextPfx" and "TextSfx"  	[MsgId: MERR-27139]
End auto log messages stack.	[MsgId: MMSG-10544]


