Error: Exception was raised when calling event-notify Vuser function in extension NVReportExt.dll: System Exceptions: EXCEPTION_ACCESS_VIOLATION
Virtual User Script started at: 21.01.2023 13:55:19
Starting action vuser_init.
Web Turbo Replay of LoadRunner 2020.0.0 for Windows 10; build 793 (ноя 27 2019 19:51:20)  	[MsgId: MMSG-26983]
Run mode: HTML  	[MsgId: MMSG-26993]
Replay user agent: Mozilla/5.0 (Windows NT 10.0; Win64; x64; rv:61.0) Gecko/20100101 Firefox/61.0  	[MsgId: MMSG-26988]
Runtime Settings file: "C:\Users\Parsh\OneDrive\Документы\VuGen\Scripts\project\Script\UC_5_deleteFirstTicket\\default.cfg"  	[MsgId: MMSG-27141]
Warning: Failed to get NV emulation handle.
Ending action vuser_init.
Running Vuser...
Starting iteration 1.
Maximum number of concurrent connections per server: 6  	[MsgId: MMSG-26989]
Starting action Action.
Warning: Failed to get NV emulation handle.
Action.c(3): Notify: Transaction "allTime" started.
Action.c(3): Warning: Failed to get NV emulation handle.
Action.c(5): Notify: Transaction "goto_project" started.
Action.c(5): Warning: Failed to get NV emulation handle.
Action.c(7): web_set_sockets_option started  	[MsgId: MMSG-26355]
Action.c(7): web_set_sockets_option was successful  	[MsgId: MMSG-26392]
Action.c(9): web_add_auto_header("DNT") started  	[MsgId: MMSG-26355]
Action.c(9): web_add_auto_header("DNT") was successful  	[MsgId: MMSG-26392]
Action.c(12): web_add_auto_header("Upgrade-Insecure-Requests") started  	[MsgId: MMSG-26355]
Action.c(12): web_add_auto_header("Upgrade-Insecure-Requests") was successful  	[MsgId: MMSG-26392]
Action.c(16): web_reg_save_param_attrib started  	[MsgId: MMSG-26355]
Action.c(16): Registering web_reg_save_param_attrib was successful  	[MsgId: MMSG-26390]
Action.c(27): web_reg_find started  	[MsgId: MMSG-26355]
Action.c(27): Registering web_reg_find was successful  	[MsgId: MMSG-26390]
Action.c(30): web_url("WebTours") started  	[MsgId: MMSG-26355]
Action.c(30): Detected non-resource "http://localhost:1080/WebTours/header.html" in "http://localhost:1080/WebTours/"  	[MsgId: MMSG-26574]
Action.c(30): Detected non-resource "http://localhost:1080/cgi-bin/welcome.pl?signOff=true" in "http://localhost:1080/WebTours/"  	[MsgId: MMSG-26574]
Action.c(30): Found resource "http://localhost:1080/WebTours/images/hp_logo.png" in HTML "http://localhost:1080/WebTours/header.html"  	[MsgId: MMSG-26659]
Action.c(30): Found resource "http://localhost:1080/WebTours/images/webtours.png" in HTML "http://localhost:1080/WebTours/header.html"  	[MsgId: MMSG-26659]
Action.c(30): Detected non-resource "http://localhost:1080/cgi-bin/nav.pl?in=home" in "http://localhost:1080/cgi-bin/welcome.pl?signOff=true"  	[MsgId: MMSG-26574]
Action.c(30): Detected non-resource "http://localhost:1080/WebTours/home.html" in "http://localhost:1080/cgi-bin/welcome.pl?signOff=true"  	[MsgId: MMSG-26574]
Action.c(30): Found resource "http://localhost:1080/WebTours/images/mer_login.gif" in HTML "http://localhost:1080/cgi-bin/nav.pl?in=home"  	[MsgId: MMSG-26659]
Action.c(30): Registered web_reg_find successful for "Text=<title>Web Tours</title>" (count=3)  	[MsgId: MMSG-26364]
Action.c(30): web_url("WebTours") was successful, 10080 body bytes, 2377 header bytes, 24 chunking overhead bytes  	[MsgId: MMSG-26385]
Action.c(40): Notify: Transaction "goto_project" ended with a "Pass" status (Duration: 0.4368 Wasted Time: 0.1405).
Action.c(42): Notify: Transaction "login" started.
Action.c(42): Warning: Failed to get NV emulation handle.
Action.c(44): web_remove_auto_header("Upgrade-Insecure-Requests") started  	[MsgId: MMSG-26355]
Action.c(44): Previous automatically added web header for "Upgrade-Insecure-Requests" removed  	[MsgId: MMSG-26587]
Action.c(44): web_remove/revert_auto_header("Upgrade-Insecure-Requests") was successful  	[MsgId: MMSG-26392]
Action.c(46): Think time - Waiting 5,00 seconds (according to limit).
Action.c(46): lr_think_time: 5,00 seconds (recorded think time was 21,00 seconds).
Action.c(48): web_reg_find started  	[MsgId: MMSG-26355]
Action.c(48): Registering web_reg_find was successful  	[MsgId: MMSG-26390]
Action.c(51): web_submit_data("login.pl") started  	[MsgId: MMSG-26355]
Action.c(51): Detected non-resource "http://localhost:1080/cgi-bin/nav.pl?page=menu&in=home" in "http://localhost:1080/cgi-bin/login.pl"  	[MsgId: MMSG-26574]
Action.c(51): Detected non-resource "http://localhost:1080/cgi-bin/login.pl?intro=true" in "http://localhost:1080/cgi-bin/login.pl"  	[MsgId: MMSG-26574]
Action.c(51): Found resource "http://localhost:1080/WebTours/images/flights.gif" in HTML "http://localhost:1080/cgi-bin/nav.pl?page=menu&in=home"  	[MsgId: MMSG-26659]
Action.c(51): Found resource "http://localhost:1080/WebTours/images/itinerary.gif" in HTML "http://localhost:1080/cgi-bin/nav.pl?page=menu&in=home"  	[MsgId: MMSG-26659]
Action.c(51): Found resource "http://localhost:1080/WebTours/images/in_home.gif" in HTML "http://localhost:1080/cgi-bin/nav.pl?page=menu&in=home"  	[MsgId: MMSG-26659]
Action.c(51): Found resource "http://localhost:1080/WebTours/images/signoff.gif" in HTML "http://localhost:1080/cgi-bin/nav.pl?page=menu&in=home"  	[MsgId: MMSG-26659]
Action.c(51): Registered web_reg_find successful for "Text=User password was correct" (count=1)  	[MsgId: MMSG-26364]
Action.c(51): web_submit_data("login.pl") was successful, 5781 body bytes, 2053 header bytes, 36 chunking overhead bytes  	[MsgId: MMSG-26385]
Action.c(68): Notify: Transaction "login" ended with a "Pass" status (Duration: 5.2633 Think Time: 5.0120 Wasted Time: 0.0078).
Action.c(70): Notify: Transaction "goto_itinerary" started.
Action.c(70): Warning: Failed to get NV emulation handle.
Action.c(72): web_add_auto_header("Upgrade-Insecure-Requests") started  	[MsgId: MMSG-26355]
Action.c(72): web_add_auto_header("Upgrade-Insecure-Requests") was successful  	[MsgId: MMSG-26392]
Action.c(75): Think time - Waiting 5.00 seconds (according to limit).
Action.c(75): lr_think_time: 5.00 seconds (recorded think time was 14.00 seconds).
Action.c(77): web_url("Itinerary Button") started  	[MsgId: MMSG-26355]
Action.c(77): Detected non-resource "http://localhost:1080/cgi-bin/nav.pl?page=menu&in=itinerary" in "http://localhost:1080/cgi-bin/welcome.pl?page=itinerary"  	[MsgId: MMSG-26574]
Action.c(77): Detected non-resource "http://localhost:1080/cgi-bin/itinerary.pl" in "http://localhost:1080/cgi-bin/welcome.pl?page=itinerary"  	[MsgId: MMSG-26574]
Action.c(77): Resource "http://localhost:1080/WebTours/images/flights.gif" is in the cache already and will not be downloaded again  	[MsgId: MMSG-26655]
Action.c(77): Found resource "http://localhost:1080/WebTours/images/in_itinerary.gif" in HTML "http://localhost:1080/cgi-bin/nav.pl?page=menu&in=itinerary"  	[MsgId: MMSG-26659]
Action.c(77): Found resource "http://localhost:1080/WebTours/images/home.gif" in HTML "http://localhost:1080/cgi-bin/nav.pl?page=menu&in=itinerary"  	[MsgId: MMSG-26659]
Action.c(77): Resource "http://localhost:1080/WebTours/images/signoff.gif" is in the cache already and will not be downloaded again  	[MsgId: MMSG-26655]
Action.c(77): Found resource "http://localhost:1080/WebTours/images/cancelreservation.gif" in HTML "http://localhost:1080/cgi-bin/itinerary.pl"  	[MsgId: MMSG-26659]
Action.c(77): Found resource "http://localhost:1080/WebTours/images/cancelallreservations.gif" in HTML "http://localhost:1080/cgi-bin/itinerary.pl"  	[MsgId: MMSG-26659]
Action.c(77): web_url("Itinerary Button") was successful, 146278 body bytes, 1921 header bytes, 292 chunking overhead bytes  	[MsgId: MMSG-26385]
Action.c(87): Think time - Waiting 5.00 seconds (according to limit).
Action.c(87): lr_think_time: 5.00 seconds (recorded think time was 8.00 seconds).
Action.c(89): Notify: Transaction "goto_itinerary" ended with a "Pass" status (Duration: 10.2303 Think Time: 10.0111 Wasted Time: 0.0125).
Action.c(91): Notify: Transaction "delete" started.
Action.c(91): Warning: Failed to get NV emulation handle.
Action.c(93): web_reg_save_param started  	[MsgId: MMSG-26355]
Action.c(93): Registering web_reg_save_param was successful  	[MsgId: MMSG-26390]
Action.c(99): web_reg_find started  	[MsgId: MMSG-26355]
Action.c(99): Registering web_reg_find was successful  	[MsgId: MMSG-26390]
Action.c(103): web_submit_form("itinerary.pl") started  	[MsgId: MMSG-26355]
Action.c(103): Submitting form to "http://localhost:1080/cgi-bin/itinerary.pl", Target Frame=""  	[MsgId: MMSG-27978]
Action.c(103): Resource "http://localhost:1080/WebTours/images/cancelreservation.gif" is in the cache already and will not be downloaded again  	[MsgId: MMSG-26655]
Action.c(103): Resource "http://localhost:1080/WebTours/images/cancelallreservations.gif" is in the cache already and will not be downloaded again  	[MsgId: MMSG-26655]
Action.c(103): Registered web_reg_find successful for "Text={flightID}"  	[MsgId: MMSG-26362]
Action.c(103): web_submit_form("itinerary.pl") was successful, 140018 body bytes, 256 header bytes, 268 chunking overhead bytes  	[MsgId: MMSG-26385]
Action.c(111): Notify: Transaction "delete" ended with a "Pass" status (Duration: 0.1706 Wasted Time: 0.0080).
Action.c(113): Think time - Waiting 5.00 seconds (according to limit).
Action.c(113): lr_think_time: 5.00 seconds (recorded think time was 29.00 seconds).
Action.c(116): Notify: Transaction "logout" started.
Action.c(116): Warning: Failed to get NV emulation handle.
Action.c(118): web_add_header("Upgrade-Insecure-Requests") started  	[MsgId: MMSG-26355]
Action.c(118): web_add_header("Upgrade-Insecure-Requests") was successful  	[MsgId: MMSG-26392]
Action.c(121): Think time - Waiting 5.00 seconds (according to limit).
Action.c(121): lr_think_time: 5.00 seconds (recorded think time was 32.00 seconds).
Action.c(123): web_reg_find started  	[MsgId: MMSG-26355]
Action.c(123): Registering web_reg_find was successful  	[MsgId: MMSG-26390]
Action.c(126): web_url("SignOff Button") started  	[MsgId: MMSG-26355]
Action.c(126): Detected non-resource "http://localhost:1080/cgi-bin/nav.pl?in=home" in "http://localhost:1080/cgi-bin/welcome.pl?signOff=1"  	[MsgId: MMSG-26574]
Action.c(126): Detected non-resource "http://localhost:1080/WebTours/home.html" in "http://localhost:1080/cgi-bin/welcome.pl?signOff=1"  	[MsgId: MMSG-26574]
Action.c(126): Retrieving data from cache for "http://localhost:1080/WebTours/home.html"  	[MsgId: MMSG-26558]
Action.c(126): Resource "http://localhost:1080/WebTours/images/mer_login.gif" is in the cache already and will not be downloaded again  	[MsgId: MMSG-26655]
Action.c(126): Registered web_reg_find successful for "Text=A Session ID has been created and loaded into a cookie called MSO." (count=1)  	[MsgId: MMSG-26364]
Action.c(126): web_url("SignOff Button") was successful, 2172 body bytes, 584 header bytes, 24 chunking overhead bytes  	[MsgId: MMSG-26385]
Action.c(136): Notify: Transaction "logout" ended with a "Pass" status (Duration: 5.2171 Think Time: 5.0123 Wasted Time: 0.0065).
Action.c(138): Notify: Transaction "allTime" ended with a "Pass" status (Duration: 26.4453 Think Time: 25.0492 Wasted Time: 0.1753).
Ending action Action.
Ending iteration 1.
Ending Vuser...
Starting action vuser_end.
Warning: Failed to get NV emulation handle.
Ending action vuser_end.
Vuser Terminated.
