Error: Exception was raised when calling event-notify Vuser function in extension NVReportExt.dll: System Exceptions: EXCEPTION_ACCESS_VIOLATION
Virtual User Script started at: 23.01.2023 13:14:54
Starting action vuser_init.
Web Turbo Replay of LoadRunner 2020.0.0 for Windows 10; build 793 (ноя 27 2019 19:51:20)  	[MsgId: MMSG-26983]
Run mode: HTML  	[MsgId: MMSG-26993]
Replay user agent: Mozilla/5.0 (Windows NT 10.0; Win64; x64; rv:61.0) Gecko/20100101 Firefox/61.0  	[MsgId: MMSG-26988]
Runtime Settings file: "C:\Users\Parsh\OneDrive\Документы\VuGen\Scripts\project\Script\UC_4_registration\\default.cfg"  	[MsgId: MMSG-27141]
Warning: Failed to get NV emulation handle.
Ending action vuser_init.
Running Vuser...
Starting iteration 1.
Maximum number of concurrent connections per server: 6  	[MsgId: MMSG-26989]
Starting action Action.
Warning: Failed to get NV emulation handle.
Action.c(3): Notify: Transaction "transaction_registration" started.
Action.c(3): Warning: Failed to get NV emulation handle.
Action.c(5): Notify: Transaction "go_to_home_page" started.
Action.c(5): Warning: Failed to get NV emulation handle.
Action.c(7): web_set_sockets_option started  	[MsgId: MMSG-26355]
Action.c(7): web_set_sockets_option was successful  	[MsgId: MMSG-26392]
Action.c(9): web_add_auto_header("DNT") started  	[MsgId: MMSG-26355]
Action.c(9): web_add_auto_header("DNT") was successful  	[MsgId: MMSG-26392]
Action.c(12): web_add_auto_header("Upgrade-Insecure-Requests") started  	[MsgId: MMSG-26355]
Action.c(12): web_add_auto_header("Upgrade-Insecure-Requests") was successful  	[MsgId: MMSG-26392]
Action.c(15): web_reg_find started  	[MsgId: MMSG-26355]
Action.c(15): Registering web_reg_find was successful  	[MsgId: MMSG-26390]
Action.c(18): web_url("WebTours") started  	[MsgId: MMSG-26355]
Action.c(18): Detected non-resource "http://localhost:1080/WebTours/header.html" in "http://localhost:1080/WebTours/"  	[MsgId: MMSG-26574]
Action.c(18): Detected non-resource "http://localhost:1080/cgi-bin/welcome.pl?signOff=true" in "http://localhost:1080/WebTours/"  	[MsgId: MMSG-26574]
Action.c(18): Found resource "http://localhost:1080/WebTours/images/hp_logo.png" in HTML "http://localhost:1080/WebTours/header.html"  	[MsgId: MMSG-26659]
Action.c(18): Found resource "http://localhost:1080/WebTours/images/webtours.png" in HTML "http://localhost:1080/WebTours/header.html"  	[MsgId: MMSG-26659]
Action.c(18): Detected non-resource "http://localhost:1080/cgi-bin/nav.pl?in=home" in "http://localhost:1080/cgi-bin/welcome.pl?signOff=true"  	[MsgId: MMSG-26574]
Action.c(18): Detected non-resource "http://localhost:1080/WebTours/home.html" in "http://localhost:1080/cgi-bin/welcome.pl?signOff=true"  	[MsgId: MMSG-26574]
Action.c(18): Found resource "http://localhost:1080/WebTours/images/mer_login.gif" in HTML "http://localhost:1080/cgi-bin/nav.pl?in=home"  	[MsgId: MMSG-26659]
Action.c(18): Registered web_reg_find successful for "Text=<title>Web Tours</title>" (count=3)  	[MsgId: MMSG-26364]
Action.c(18): web_url("WebTours") was successful, 10074 body bytes, 2377 header bytes, 24 chunking overhead bytes  	[MsgId: MMSG-26385]
Action.c(28): Notify: Transaction "go_to_home_page" ended with a "Pass" status (Duration: 0.2787 Wasted Time: 0.0988).
Action.c(30): Think time - Waiting 5.00 seconds (according to limit).
Action.c(30): lr_think_time: 5.00 seconds (recorded think time was 16.00 seconds).
Action.c(32): Notify: Transaction "registration" started.
Action.c(32): Warning: Failed to get NV emulation handle.
Action.c(34): web_remove_auto_header("Upgrade-Insecure-Requests") started  	[MsgId: MMSG-26355]
Action.c(34): Previous automatically added web header for "Upgrade-Insecure-Requests" removed  	[MsgId: MMSG-26587]
Action.c(34): web_remove/revert_auto_header("Upgrade-Insecure-Requests") was successful  	[MsgId: MMSG-26392]
Action.c(37): web_url("sign up now") started  	[MsgId: MMSG-26355]
Action.c(37): Found resource "http://localhost:1080/WebTours/profileValidate.js" in HTML "http://localhost:1080/cgi-bin/login.pl?username=&password=&getInfo=true"  	[MsgId: MMSG-26659]
Action.c(37): Found resource "http://localhost:1080/WebTours/images/button_next.gif" in HTML "http://localhost:1080/cgi-bin/login.pl?username=&password=&getInfo=true"  	[MsgId: MMSG-26659]
Action.c(37): web_url("sign up now") was successful, 14475 body bytes, 843 header bytes, 12 chunking overhead bytes  	[MsgId: MMSG-26385]
Action.c(47): Notify: Transaction "registration" ended with a "Pass" status (Duration: 0,1842 Wasted Time: 0,0069).
Action.c(49): Think time - Waiting 5,00 seconds (according to limit).
Action.c(49): lr_think_time: 5,00 seconds (recorded think time was 51,00 seconds).
Action.c(51): Notify: Transaction "registratinon_form" started.
Action.c(51): Warning: Failed to get NV emulation handle.
Action.c(53): web_add_auto_header("Upgrade-Insecure-Requests") started  	[MsgId: MMSG-26355]
Action.c(53): web_add_auto_header("Upgrade-Insecure-Requests") was successful  	[MsgId: MMSG-26392]
Action.c(60): web_reg_find started  	[MsgId: MMSG-26355]
Action.c(60): Registering web_reg_find was successful  	[MsgId: MMSG-26390]
Action.c(63): web_submit_data("login.pl") started  	[MsgId: MMSG-26355]
Action.c(63): Resource "http://localhost:1080/WebTours/images/button_next.gif" is in the cache already and will not be downloaded again  	[MsgId: MMSG-26655]
Action.c(63): Registered web_reg_find successful for "Text=We hope we can meet all your current and future travel needs. " (count=1)  	[MsgId: MMSG-26364]
Action.c(63): web_submit_data("login.pl") was successful, 1079 body bytes, 375 header bytes, 12 chunking overhead bytes  	[MsgId: MMSG-26385]
Action.c(83): Notify: Transaction "registratinon_form" ended with a "Pass" status (Duration: 0.1719 Wasted Time: 0.0068).
Action.c(85): Think time - Waiting 5,00 seconds (according to limit).
Action.c(85): lr_think_time: 5,00 seconds (recorded think time was 32,00 seconds).
Action.c(87): Notify: Transaction "registration_next_page" started.
Action.c(87): Warning: Failed to get NV emulation handle.
Action.c(89): web_remove_auto_header("Upgrade-Insecure-Requests") started  	[MsgId: MMSG-26355]
Action.c(89): Previous automatically added web header for "Upgrade-Insecure-Requests" removed  	[MsgId: MMSG-26587]
Action.c(89): web_remove/revert_auto_header("Upgrade-Insecure-Requests") was successful  	[MsgId: MMSG-26392]
Action.c(92): web_reg_find started  	[MsgId: MMSG-26355]
Action.c(92): Registering web_reg_find was successful  	[MsgId: MMSG-26390]
Action.c(95): web_url("button_next.gif") started  	[MsgId: MMSG-26355]
Action.c(95): Detected non-resource "http://localhost:1080/cgi-bin/nav.pl?page=menu&in=home" in "http://localhost:1080/cgi-bin/welcome.pl?page=menus"  	[MsgId: MMSG-26574]
Action.c(95): Detected non-resource "http://localhost:1080/cgi-bin/login.pl?intro=true" in "http://localhost:1080/cgi-bin/welcome.pl?page=menus"  	[MsgId: MMSG-26574]
Action.c(95): Found resource "http://localhost:1080/WebTours/images/flights.gif" in HTML "http://localhost:1080/cgi-bin/nav.pl?page=menu&in=home"  	[MsgId: MMSG-26659]
Action.c(95): Found resource "http://localhost:1080/WebTours/images/itinerary.gif" in HTML "http://localhost:1080/cgi-bin/nav.pl?page=menu&in=home"  	[MsgId: MMSG-26659]
Action.c(95): Found resource "http://localhost:1080/WebTours/images/in_home.gif" in HTML "http://localhost:1080/cgi-bin/nav.pl?page=menu&in=home"  	[MsgId: MMSG-26659]
Action.c(95): Found resource "http://localhost:1080/WebTours/images/signoff.gif" in HTML "http://localhost:1080/cgi-bin/nav.pl?page=menu&in=home"  	[MsgId: MMSG-26659]
Action.c(95): Registered web_reg_find successful for "Text=User has returned to the home page" (count=1)  	[MsgId: MMSG-26364]
Action.c(95): web_url("button_next.gif") was successful, 5896 body bytes, 1896 header bytes, 36 chunking overhead bytes  	[MsgId: MMSG-26385]
Action.c(105): Notify: Transaction "registration_next_page" ended with a "Pass" status (Duration: 0.1734 Wasted Time: 0.0084).
Action.c(107): Think time - Waiting 5.00 seconds (according to limit).
Action.c(107): lr_think_time: 5.00 seconds (recorded think time was 8.00 seconds).
Action.c(109): Notify: Transaction "logout" started.
Action.c(109): Warning: Failed to get NV emulation handle.
Action.c(111): web_add_header("Upgrade-Insecure-Requests") started  	[MsgId: MMSG-26355]
Action.c(111): web_add_header("Upgrade-Insecure-Requests") was successful  	[MsgId: MMSG-26392]
Action.c(115): web_reg_find started  	[MsgId: MMSG-26355]
Action.c(115): Registering web_reg_find was successful  	[MsgId: MMSG-26390]
Action.c(118): web_url("SignOff Button") started  	[MsgId: MMSG-26355]
Action.c(118): Detected non-resource "http://localhost:1080/cgi-bin/nav.pl?in=home" in "http://localhost:1080/cgi-bin/welcome.pl?signOff=1"  	[MsgId: MMSG-26574]
Action.c(118): Detected non-resource "http://localhost:1080/WebTours/home.html" in "http://localhost:1080/cgi-bin/welcome.pl?signOff=1"  	[MsgId: MMSG-26574]
Action.c(118): Retrieving data from cache for "http://localhost:1080/WebTours/home.html"  	[MsgId: MMSG-26558]
Action.c(118): Resource "http://localhost:1080/WebTours/images/mer_login.gif" is in the cache already and will not be downloaded again  	[MsgId: MMSG-26655]
Action.c(118): Registered web_reg_find successful for "Text=A Session ID has been created and loaded into a cookie called MSO." (count=1)  	[MsgId: MMSG-26364]
Action.c(118): web_url("SignOff Button") was successful, 2172 body bytes, 584 header bytes, 24 chunking overhead bytes  	[MsgId: MMSG-26385]
Action.c(128): Notify: Transaction "logout" ended with a "Pass" status (Duration: 0,1415 Wasted Time: 0,0049).
Action.c(130): Notify: Transaction "transaction_registration" ended with a "Pass" status (Duration: 21,1348 Think Time: 20,0262 Wasted Time: 0,1258).
Ending action Action.
Ending iteration 1.
Ending Vuser...
Starting action vuser_end.
Warning: Failed to get NV emulation handle.
Ending action vuser_end.
Vuser Terminated.
